{"/home/travis/build/npmtest/node-npmtest-store/test.js":{"path":"/home/travis/build/npmtest/node-npmtest-store/test.js","s":{"1":2,"2":2,"3":2,"4":2,"5":2,"6":2,"7":2,"8":1,"9":2,"10":2,"11":1,"12":1,"13":1,"14":1,"15":2,"16":2,"17":2,"18":2,"19":1,"20":1,"21":2,"22":2,"23":2,"24":1,"25":1,"26":1,"27":1,"28":1,"29":1,"30":1,"31":1,"32":1,"33":1,"34":1,"35":1,"36":1,"37":2,"38":2,"39":1,"40":2,"41":2,"42":1,"43":2,"44":2,"45":1,"46":2,"47":2,"48":1,"49":1,"50":1,"51":1,"52":1},"b":{"1":[2,1,1,1],"2":[1,1,1,1],"3":[1,1],"4":[1,1],"5":[1,1],"6":[1,1],"7":[1,1],"8":[1,1],"9":[1,1,1],"10":[1,1],"11":[1,1],"12":[1,1],"13":[1,1],"14":[1,1],"15":[1,1],"16":[1,1]},"f":{"1":2,"2":2,"3":2,"4":2,"5":2,"6":1,"7":1,"8":2,"9":2,"10":2,"11":2,"12":1},"fnMap":{"1":{"name":"(anonymous_1)","line":12,"loc":{"start":{"line":12,"column":1},"end":{"line":12,"column":13}}},"2":{"name":"(anonymous_2)","line":19,"loc":{"start":{"line":19,"column":5},"end":{"line":19,"column":17}}},"3":{"name":"(anonymous_3)","line":23,"loc":{"start":{"line":23,"column":24},"end":{"line":23,"column":36}}},"4":{"name":"(anonymous_4)","line":61,"loc":{"start":{"line":61,"column":5},"end":{"line":61,"column":17}}},"5":{"name":"(anonymous_5)","line":82,"loc":{"start":{"line":82,"column":5},"end":{"line":82,"column":17}}},"6":{"name":"(anonymous_6)","line":102,"loc":{"start":{"line":102,"column":83},"end":{"line":105,"column":10}},"skip":true},"7":{"name":"(anonymous_7)","line":113,"loc":{"start":{"line":113,"column":77},"end":{"line":116,"column":10}},"skip":true},"8":{"name":"(anonymous_8)","line":129,"loc":{"start":{"line":129,"column":12},"end":{"line":129,"column":40}},"skip":true},"9":{"name":"(anonymous_9)","line":137,"loc":{"start":{"line":137,"column":77},"end":{"line":140,"column":10}},"skip":true},"10":{"name":"(anonymous_10)","line":148,"loc":{"start":{"line":148,"column":83},"end":{"line":151,"column":10}},"skip":true},"11":{"name":"(anonymous_11)","line":159,"loc":{"start":{"line":159,"column":79},"end":{"line":162,"column":10}},"skip":true},"12":{"name":"(anonymous_12)","line":170,"loc":{"start":{"line":170,"column":75},"end":{"line":173,"column":10}},"skip":true}},"statementMap":{"1":{"start":{"line":12,"column":0},"end":{"line":185,"column":5}},"2":{"start":{"line":14,"column":4},"end":{"line":14,"column":14}},"3":{"start":{"line":19,"column":4},"end":{"line":56,"column":9}},"4":{"start":{"line":21,"column":8},"end":{"line":21,"column":19}},"5":{"start":{"line":23,"column":8},"end":{"line":35,"column":13}},"6":{"start":{"line":24,"column":12},"end":{"line":34,"column":13}},"7":{"start":{"line":25,"column":16},"end":{"line":28,"column":30}},"8":{"start":{"line":30,"column":16},"end":{"line":33,"column":27}},"9":{"start":{"line":37,"column":8},"end":{"line":39,"column":21}},"10":{"start":{"line":40,"column":8},"end":{"line":53,"column":9}},"11":{"start":{"line":43,"column":12},"end":{"line":46,"column":14}},"12":{"start":{"line":47,"column":12},"end":{"line":47,"column":18}},"13":{"start":{"line":50,"column":12},"end":{"line":51,"column":46}},"14":{"start":{"line":52,"column":12},"end":{"line":52,"column":18}},"15":{"start":{"line":55,"column":8},"end":{"line":55,"column":35}},"16":{"start":{"line":61,"column":4},"end":{"line":63,"column":9}},"17":{"start":{"line":62,"column":8},"end":{"line":62,"column":15}},"18":{"start":{"line":64,"column":4},"end":{"line":77,"column":5}},"19":{"start":{"line":70,"column":8},"end":{"line":70,"column":14}},"20":{"start":{"line":76,"column":8},"end":{"line":76,"column":14}},"21":{"start":{"line":82,"column":4},"end":{"line":84,"column":9}},"22":{"start":{"line":83,"column":8},"end":{"line":83,"column":15}},"23":{"start":{"line":85,"column":4},"end":{"line":184,"column":5}},"24":{"start":{"line":92,"column":8},"end":{"line":94,"column":63}},"25":{"start":{"line":95,"column":8},"end":{"line":95,"column":14}},"26":{"start":{"line":102,"column":8},"end":{"line":111,"column":10},"skip":true},"27":{"start":{"line":109,"column":12},"end":{"line":109,"column":55},"skip":true},"28":{"start":{"line":110,"column":12},"end":{"line":110,"column":48},"skip":true},"29":{"start":{"line":113,"column":8},"end":{"line":126,"column":10},"skip":true},"30":{"start":{"line":120,"column":12},"end":{"line":120,"column":76},"skip":true},"31":{"start":{"line":121,"column":12},"end":{"line":121,"column":73},"skip":true},"32":{"start":{"line":122,"column":12},"end":{"line":122,"column":74},"skip":true},"33":{"start":{"line":123,"column":12},"end":{"line":123,"column":79},"skip":true},"34":{"start":{"line":124,"column":12},"end":{"line":124,"column":25},"skip":true},"35":{"start":{"line":125,"column":12},"end":{"line":125,"column":45},"skip":true},"36":{"start":{"line":128,"column":8},"end":{"line":135,"column":14},"skip":true},"37":{"start":{"line":133,"column":16},"end":{"line":133,"column":29},"skip":true},"38":{"start":{"line":134,"column":16},"end":{"line":134,"column":55},"skip":true},"39":{"start":{"line":137,"column":8},"end":{"line":146,"column":10},"skip":true},"40":{"start":{"line":144,"column":12},"end":{"line":144,"column":25},"skip":true},"41":{"start":{"line":145,"column":12},"end":{"line":145,"column":45},"skip":true},"42":{"start":{"line":148,"column":8},"end":{"line":157,"column":10},"skip":true},"43":{"start":{"line":155,"column":12},"end":{"line":155,"column":25},"skip":true},"44":{"start":{"line":156,"column":12},"end":{"line":156,"column":48},"skip":true},"45":{"start":{"line":159,"column":8},"end":{"line":168,"column":10},"skip":true},"46":{"start":{"line":166,"column":12},"end":{"line":166,"column":25},"skip":true},"47":{"start":{"line":167,"column":12},"end":{"line":167,"column":46},"skip":true},"48":{"start":{"line":170,"column":8},"end":{"line":179,"column":10},"skip":true},"49":{"start":{"line":177,"column":12},"end":{"line":177,"column":94},"skip":true},"50":{"start":{"line":178,"column":12},"end":{"line":178,"column":48},"skip":true},"51":{"start":{"line":182,"column":8},"end":{"line":182,"column":35},"skip":true},"52":{"start":{"line":183,"column":8},"end":{"line":183,"column":14},"skip":true}},"branchMap":{"1":{"line":25,"type":"binary-expr","locations":[{"start":{"line":25,"column":23},"end":{"line":25,"column":62}},{"start":{"line":26,"column":20},"end":{"line":26,"column":70}},{"start":{"line":27,"column":20},"end":{"line":27,"column":71}},{"start":{"line":28,"column":20},"end":{"line":28,"column":29}}]},"2":{"line":30,"type":"binary-expr","locations":[{"start":{"line":30,"column":23},"end":{"line":30,"column":37}},{"start":{"line":31,"column":20},"end":{"line":31,"column":61}},{"start":{"line":32,"column":20},"end":{"line":32,"column":70}},{"start":{"line":33,"column":20},"end":{"line":33,"column":26}}]},"3":{"line":37,"type":"cond-expr","locations":[{"start":{"line":38,"column":14},"end":{"line":38,"column":20}},{"start":{"line":39,"column":14},"end":{"line":39,"column":20}}]},"4":{"line":40,"type":"switch","locations":[{"start":{"line":42,"column":8},"end":{"line":47,"column":18}},{"start":{"line":49,"column":8},"end":{"line":52,"column":18}}]},"5":{"line":44,"type":"binary-expr","locations":[{"start":{"line":44,"column":16},"end":{"line":44,"column":44}},{"start":{"line":44,"column":48},"end":{"line":44,"column":66}}]},"6":{"line":50,"type":"binary-expr","locations":[{"start":{"line":50,"column":21},"end":{"line":50,"column":49}},{"start":{"line":50,"column":53},"end":{"line":50,"column":72}}]},"7":{"line":64,"type":"switch","locations":[{"start":{"line":69,"column":4},"end":{"line":70,"column":14}},{"start":{"line":75,"column":4},"end":{"line":76,"column":14}}]},"8":{"line":85,"type":"switch","locations":[{"start":{"line":90,"column":4},"end":{"line":95,"column":14}},{"start":{"line":101,"column":4},"end":{"line":183,"column":14},"skip":true}]},"9":{"line":92,"type":"binary-expr","locations":[{"start":{"line":92,"column":18},"end":{"line":92,"column":32}},{"start":{"line":93,"column":12},"end":{"line":93,"column":53}},{"start":{"line":94,"column":12},"end":{"line":94,"column":61}}]},"10":{"line":102,"type":"binary-expr","locations":[{"start":{"line":102,"column":45},"end":{"line":102,"column":79},"skip":true},{"start":{"line":102,"column":83},"end":{"line":111,"column":9},"skip":true}]},"11":{"line":113,"type":"binary-expr","locations":[{"start":{"line":113,"column":42},"end":{"line":113,"column":73},"skip":true},{"start":{"line":113,"column":77},"end":{"line":126,"column":9},"skip":true}]},"12":{"line":128,"type":"binary-expr","locations":[{"start":{"line":128,"column":48},"end":{"line":128,"column":85},"skip":true},{"start":{"line":129,"column":12},"end":{"line":135,"column":13},"skip":true}]},"13":{"line":137,"type":"binary-expr","locations":[{"start":{"line":137,"column":42},"end":{"line":137,"column":73},"skip":true},{"start":{"line":137,"column":77},"end":{"line":146,"column":9},"skip":true}]},"14":{"line":148,"type":"binary-expr","locations":[{"start":{"line":148,"column":45},"end":{"line":148,"column":79},"skip":true},{"start":{"line":148,"column":83},"end":{"line":157,"column":9},"skip":true}]},"15":{"line":159,"type":"binary-expr","locations":[{"start":{"line":159,"column":43},"end":{"line":159,"column":75},"skip":true},{"start":{"line":159,"column":79},"end":{"line":168,"column":9},"skip":true}]},"16":{"line":170,"type":"binary-expr","locations":[{"start":{"line":170,"column":41},"end":{"line":170,"column":71},"skip":true},{"start":{"line":170,"column":75},"end":{"line":179,"column":9},"skip":true}]}},"code":["/* istanbul instrument in package npmtest_store */","/*jslint","    bitwise: true,","    browser: true,","    maxerr: 8,","    maxlen: 96,","    node: true,","    nomen: true,","    regexp: true,","    stupid: true","*/","(function () {","    'use strict';","    var local;","","","","    // run shared js-env code - pre-init","    (function () {","        // init local","        local = {};","        // init modeJs","        local.modeJs = (function () {","            try {","                return typeof navigator.userAgent === 'string' &&","                    typeof document.querySelector('body') === 'object' &&","                    typeof XMLHttpRequest.prototype.open === 'function' &&","                    'browser';","            } catch (errorCaughtBrowser) {","                return module.exports &&","                    typeof process.versions.node === 'string' &&","                    typeof require('http').createServer === 'function' &&","                    'node';","            }","        }());","        // init global","        local.global = local.modeJs === 'browser'","            ? window","            : global;","        switch (local.modeJs) {","        // re-init local from window.local","        case 'browser':","            local = local.global.utility2.objectSetDefault(","                local.global.utility2_rollup || local.global.local,","                local.global.utility2","            );","            break;","        // re-init local from example.js","        case 'node':","            local = (local.global.utility2_rollup || require('utility2'))","                .requireExampleJsFromReadme();","            break;","        }","        // export local","        local.global.local = local;","    }());","","","","    // run shared js-env code - function","    (function () {","        return;","    }());","    switch (local.modeJs) {","","","","    // run browser js-env code - function","    case 'browser':","        break;","","","","    // run node js-env code - function","    case 'node':","        break;","    }","","","","    // run shared js-env code - post-init","    (function () {","        return;","    }());","    switch (local.modeJs) {","","","","    // run browser js-env code - post-init","    case 'browser':","        // run tests","        local.nop(local.modeTest &&","            document.querySelector('#testRunButton1') &&","            document.querySelector('#testRunButton1').click());","        break;","","","","    // run node js-env code - post-init","    /* istanbul ignore next */","    case 'node':","        local.testCase_buildApidoc_default = local.testCase_buildApidoc_default || function (","            options,","            onError","        ) {","        /*","         * this function will test buildApidoc's default handling-behavior-behavior","         */","            options = { modulePathList: module.paths };","            local.buildApidoc(options, onError);","        };","","        local.testCase_buildApp_default = local.testCase_buildApp_default || function (","            options,","            onError","        ) {","        /*","         * this function will test buildApp's default handling-behavior-behavior","         */","            local.testCase_buildReadme_default(options, local.onErrorThrow);","            local.testCase_buildLib_default(options, local.onErrorThrow);","            local.testCase_buildTest_default(options, local.onErrorThrow);","            local.testCase_buildCustomOrg_default(options, local.onErrorThrow);","            options = [];","            local.buildApp(options, onError);","        };","","        local.testCase_buildCustomOrg_default = local.testCase_buildCustomOrg_default ||","            function (options, onError) {","            /*","             * this function will test buildCustomOrg's default handling-behavior","             */","                options = {};","                local.buildCustomOrg(options, onError);","            };","","        local.testCase_buildLib_default = local.testCase_buildLib_default || function (","            options,","            onError","        ) {","        /*","         * this function will test buildLib's default handling-behavior","         */","            options = {};","            local.buildLib(options, onError);","        };","","        local.testCase_buildReadme_default = local.testCase_buildReadme_default || function (","            options,","            onError","        ) {","        /*","         * this function will test buildReadme's default handling-behavior-behavior","         */","            options = {};","            local.buildReadme(options, onError);","        };","","        local.testCase_buildTest_default = local.testCase_buildTest_default || function (","            options,","            onError","        ) {","        /*","         * this function will test buildTest's default handling-behavior","         */","            options = {};","            local.buildTest(options, onError);","        };","","        local.testCase_webpage_default = local.testCase_webpage_default || function (","            options,","            onError","        ) {","        /*","         * this function will test webpage's default handling-behavior","         */","            options = { modeCoverageMerge: true, url: local.serverLocalHost + '?modeTest=1' };","            local.browserTest(options, onError);","        };","","        // run test-server","        local.testRunServer(local);","        break;","    }","}());",""],"l":{"12":2,"14":2,"19":2,"21":2,"23":2,"24":2,"25":2,"30":1,"37":2,"40":2,"43":1,"47":1,"50":1,"52":1,"55":2,"61":2,"62":2,"64":2,"70":1,"76":1,"82":2,"83":2,"85":2,"92":1,"95":1,"102":1,"109":1,"110":1,"113":1,"120":1,"121":1,"122":1,"123":1,"124":1,"125":1,"128":1,"133":2,"134":2,"137":1,"144":2,"145":2,"148":1,"155":2,"156":2,"159":1,"166":2,"167":2,"170":1,"177":1,"178":1,"182":1,"183":1}},"/home/travis/build/npmtest/node-npmtest-store/lib.npmtest_store.js":{"path":"/home/travis/build/npmtest/node-npmtest-store/lib.npmtest_store.js","s":{"1":2,"2":2,"3":2,"4":2,"5":2,"6":2,"7":2,"8":1,"9":2,"10":2,"11":2,"12":2,"13":1,"14":1,"15":1,"16":1},"b":{"1":[2,1,1,1],"2":[1,1,1,1],"3":[1,1],"4":[2,2],"5":[1,1]},"f":{"1":2,"2":2,"3":2},"fnMap":{"1":{"name":"(anonymous_1)","line":12,"loc":{"start":{"line":12,"column":1},"end":{"line":12,"column":13}}},"2":{"name":"(anonymous_2)","line":19,"loc":{"start":{"line":19,"column":5},"end":{"line":19,"column":17}}},"3":{"name":"(anonymous_3)","line":23,"loc":{"start":{"line":23,"column":24},"end":{"line":23,"column":36}}}},"statementMap":{"1":{"start":{"line":12,"column":0},"end":{"line":53,"column":5}},"2":{"start":{"line":14,"column":4},"end":{"line":14,"column":14}},"3":{"start":{"line":19,"column":4},"end":{"line":52,"column":9}},"4":{"start":{"line":21,"column":8},"end":{"line":21,"column":19}},"5":{"start":{"line":23,"column":8},"end":{"line":35,"column":13}},"6":{"start":{"line":24,"column":12},"end":{"line":34,"column":13}},"7":{"start":{"line":25,"column":16},"end":{"line":28,"column":30}},"8":{"start":{"line":30,"column":16},"end":{"line":33,"column":27}},"9":{"start":{"line":37,"column":8},"end":{"line":39,"column":21}},"10":{"start":{"line":41,"column":8},"end":{"line":41,"column":54}},"11":{"start":{"line":43,"column":8},"end":{"line":43,"column":50}},"12":{"start":{"line":45,"column":8},"end":{"line":51,"column":9}},"13":{"start":{"line":46,"column":12},"end":{"line":46,"column":56}},"14":{"start":{"line":48,"column":12},"end":{"line":48,"column":35}},"15":{"start":{"line":49,"column":12},"end":{"line":49,"column":49}},"16":{"start":{"line":50,"column":12},"end":{"line":50,"column":43}}},"branchMap":{"1":{"line":25,"type":"binary-expr","locations":[{"start":{"line":25,"column":23},"end":{"line":25,"column":62}},{"start":{"line":26,"column":20},"end":{"line":26,"column":70}},{"start":{"line":27,"column":20},"end":{"line":27,"column":71}},{"start":{"line":28,"column":20},"end":{"line":28,"column":29}}]},"2":{"line":30,"type":"binary-expr","locations":[{"start":{"line":30,"column":23},"end":{"line":30,"column":37}},{"start":{"line":31,"column":20},"end":{"line":31,"column":61}},{"start":{"line":32,"column":20},"end":{"line":32,"column":70}},{"start":{"line":33,"column":20},"end":{"line":33,"column":26}}]},"3":{"line":37,"type":"cond-expr","locations":[{"start":{"line":38,"column":14},"end":{"line":38,"column":20}},{"start":{"line":39,"column":14},"end":{"line":39,"column":20}}]},"4":{"line":41,"type":"binary-expr","locations":[{"start":{"line":41,"column":16},"end":{"line":41,"column":44}},{"start":{"line":41,"column":48},"end":{"line":41,"column":53}}]},"5":{"line":45,"type":"if","locations":[{"start":{"line":45,"column":8},"end":{"line":45,"column":8}},{"start":{"line":45,"column":8},"end":{"line":45,"column":8}}]}},"code":["/* istanbul instrument in package npmtest_store */","/*jslint","    bitwise: true,","    browser: true,","    maxerr: 8,","    maxlen: 96,","    node: true,","    nomen: true,","    regexp: true,","    stupid: true","*/","(function () {","    'use strict';","    var local;","","","","    // run shared js-env code - pre-init","    (function () {","        // init local","        local = {};","        // init modeJs","        local.modeJs = (function () {","            try {","                return typeof navigator.userAgent === 'string' &&","                    typeof document.querySelector('body') === 'object' &&","                    typeof XMLHttpRequest.prototype.open === 'function' &&","                    'browser';","            } catch (errorCaughtBrowser) {","                return module.exports &&","                    typeof process.versions.node === 'string' &&","                    typeof require('http').createServer === 'function' &&","                    'node';","            }","        }());","        // init global","        local.global = local.modeJs === 'browser'","            ? window","            : global;","        // init utility2_rollup","        local = local.global.utility2_rollup || local;","        // init lib","        local.local = local.npmtest_store = local;","        // init exports","        if (local.modeJs === 'browser') {","            local.global.utility2_npmtest_store = local;","        } else {","            module.exports = local;","            module.exports.__dirname = __dirname;","            module.exports.module = module;","        }","    }());","}());",""],"l":{"12":2,"14":2,"19":2,"21":2,"23":2,"24":2,"25":2,"30":1,"37":2,"41":2,"43":2,"45":2,"46":1,"48":1,"49":1,"50":1}},"/home/travis/build/npmtest/node-npmtest-store/example.js":{"path":"/home/travis/build/npmtest/node-npmtest-store/example.js","s":{"1":2,"2":2,"3":2,"4":2,"5":2,"6":2,"7":2,"8":1,"9":2,"10":2,"11":2,"12":2,"13":1,"14":2,"15":2,"16":2,"17":2,"18":2,"19":0,"20":2,"21":1,"22":1,"23":1,"24":1,"25":1,"26":0,"27":0,"28":1,"29":1,"30":2,"31":0,"32":0,"33":0,"34":1,"35":2,"36":2,"37":2,"38":2,"39":2,"40":2,"41":0,"42":2,"43":2,"44":2,"45":1,"46":3,"47":1,"48":1,"49":1,"50":1,"51":1,"52":1,"53":1,"54":1,"55":1,"56":1,"57":0,"58":1,"59":6,"60":6,"61":1,"62":2,"63":0,"64":2,"65":1,"66":1,"67":0,"68":0,"69":0,"70":0,"71":0,"72":0,"73":0,"74":0,"75":0,"76":0,"77":0,"78":0,"79":0,"80":0,"81":0,"82":0,"83":0},"b":{"1":[2,1,1,1],"2":[1,1,1,1],"3":[1,1],"4":[2,2],"5":[1,1],"6":[1,1],"7":[2,0],"8":[2,1,1,1,1,1],"9":[0,2,0],"10":[1,1],"11":[2,1,1],"12":[1,0],"13":[0,2],"14":[2,0,0,0,0,0,0],"15":[0,2],"16":[2,0],"17":[1,1],"18":[0,1],"19":[1,2,0,2],"20":[1,0],"21":[1,1],"22":[0,0],"23":[0,0],"24":[0,0],"25":[0,0],"26":[0,0],"27":[0,0],"28":[0,0]},"f":{"1":2,"2":2,"3":2,"4":2,"5":2,"6":2,"7":2,"8":2,"9":3,"10":1,"11":6,"12":0},"fnMap":{"1":{"name":"(anonymous_1)","line":26,"loc":{"start":{"line":26,"column":1},"end":{"line":26,"column":13}}},"2":{"name":"(anonymous_2)","line":33,"loc":{"start":{"line":33,"column":5},"end":{"line":33,"column":17}}},"3":{"name":"(anonymous_3)","line":37,"loc":{"start":{"line":37,"column":24},"end":{"line":37,"column":36}}},"4":{"name":"(anonymous_4)","line":69,"loc":{"start":{"line":69,"column":31},"end":{"line":69,"column":48}},"skip":true},"5":{"name":"(anonymous_5)","line":78,"loc":{"start":{"line":78,"column":26},"end":{"line":78,"column":45}},"skip":true},"6":{"name":"(anonymous_6)","line":123,"loc":{"start":{"line":123,"column":33},"end":{"line":123,"column":48}},"skip":true},"7":{"name":"(anonymous_7)","line":125,"loc":{"start":{"line":125,"column":27},"end":{"line":125,"column":39}},"skip":true},"8":{"name":"(anonymous_8)","line":133,"loc":{"start":{"line":133,"column":59},"end":{"line":133,"column":74}},"skip":true},"9":{"name":"(anonymous_9)","line":143,"loc":{"start":{"line":143,"column":45},"end":{"line":143,"column":62}},"skip":true},"10":{"name":"(anonymous_10)","line":144,"loc":{"start":{"line":144,"column":73},"end":{"line":144,"column":92}},"skip":true},"11":{"name":"(anonymous_11)","line":272,"loc":{"start":{"line":272,"column":51},"end":{"line":272,"column":77}},"skip":true},"12":{"name":"(anonymous_12)","line":314,"loc":{"start":{"line":314,"column":32},"end":{"line":314,"column":61}},"skip":true}},"statementMap":{"1":{"start":{"line":26,"column":0},"end":{"line":325,"column":5}},"2":{"start":{"line":28,"column":4},"end":{"line":28,"column":14}},"3":{"start":{"line":33,"column":4},"end":{"line":60,"column":9}},"4":{"start":{"line":35,"column":8},"end":{"line":35,"column":19}},"5":{"start":{"line":37,"column":8},"end":{"line":49,"column":13}},"6":{"start":{"line":38,"column":12},"end":{"line":48,"column":13}},"7":{"start":{"line":39,"column":16},"end":{"line":42,"column":30}},"8":{"start":{"line":44,"column":16},"end":{"line":47,"column":27}},"9":{"start":{"line":51,"column":8},"end":{"line":53,"column":21}},"10":{"start":{"line":55,"column":8},"end":{"line":57,"column":45}},"11":{"start":{"line":59,"column":8},"end":{"line":59,"column":35}},"12":{"start":{"line":61,"column":4},"end":{"line":324,"column":5}},"13":{"start":{"line":69,"column":8},"end":{"line":121,"column":10},"skip":true},"14":{"start":{"line":70,"column":12},"end":{"line":88,"column":13},"skip":true},"15":{"start":{"line":76,"column":16},"end":{"line":87,"column":19},"skip":true},"16":{"start":{"line":79,"column":20},"end":{"line":86,"column":21},"skip":true},"17":{"start":{"line":82,"column":24},"end":{"line":82,"column":43},"skip":true},"18":{"start":{"line":83,"column":24},"end":{"line":83,"column":30},"skip":true},"19":{"start":{"line":85,"column":24},"end":{"line":85,"column":49},"skip":true},"20":{"start":{"line":89,"column":12},"end":{"line":107,"column":13},"skip":true},"21":{"start":{"line":92,"column":16},"end":{"line":102,"column":17},"skip":true},"22":{"start":{"line":93,"column":20},"end":{"line":93,"column":86},"skip":true},"23":{"start":{"line":94,"column":20},"end":{"line":95,"column":45},"skip":true},"24":{"start":{"line":96,"column":20},"end":{"line":96,"column":42},"skip":true},"25":{"start":{"line":97,"column":20},"end":{"line":97,"column":48},"skip":true},"26":{"start":{"line":100,"column":20},"end":{"line":100,"column":85},"skip":true},"27":{"start":{"line":101,"column":20},"end":{"line":101,"column":96},"skip":true},"28":{"start":{"line":103,"column":16},"end":{"line":103,"column":22},"skip":true},"29":{"start":{"line":106,"column":16},"end":{"line":106,"column":22},"skip":true},"30":{"start":{"line":108,"column":12},"end":{"line":120,"column":13},"skip":true},"31":{"start":{"line":114,"column":16},"end":{"line":119,"column":17},"skip":true},"32":{"start":{"line":116,"column":20},"end":{"line":116,"column":78},"skip":true},"33":{"start":{"line":118,"column":20},"end":{"line":118,"column":47},"skip":true},"34":{"start":{"line":123,"column":8},"end":{"line":141,"column":11},"skip":true},"35":{"start":{"line":124,"column":12},"end":{"line":124,"column":54},"skip":true},"36":{"start":{"line":125,"column":12},"end":{"line":140,"column":14},"skip":true},"37":{"start":{"line":126,"column":16},"end":{"line":126,"column":28},"skip":true},"38":{"start":{"line":127,"column":16},"end":{"line":127,"column":69},"skip":true},"39":{"start":{"line":128,"column":16},"end":{"line":128,"column":75},"skip":true},"40":{"start":{"line":129,"column":16},"end":{"line":131,"column":17},"skip":true},"41":{"start":{"line":130,"column":20},"end":{"line":130,"column":27},"skip":true},"42":{"start":{"line":133,"column":16},"end":{"line":137,"column":36},"skip":true},"43":{"start":{"line":134,"column":20},"end":{"line":136,"column":55},"skip":true},"44":{"start":{"line":139,"column":16},"end":{"line":139,"column":57},"skip":true},"45":{"start":{"line":143,"column":8},"end":{"line":147,"column":11},"skip":true},"46":{"start":{"line":144,"column":12},"end":{"line":146,"column":15},"skip":true},"47":{"start":{"line":145,"column":16},"end":{"line":145,"column":70},"skip":true},"48":{"start":{"line":149,"column":8},"end":{"line":149,"column":31},"skip":true},"49":{"start":{"line":150,"column":8},"end":{"line":150,"column":14},"skip":true},"50":{"start":{"line":158,"column":8},"end":{"line":158,"column":31},"skip":true},"51":{"start":{"line":160,"column":8},"end":{"line":160,"column":33},"skip":true},"52":{"start":{"line":161,"column":8},"end":{"line":161,"column":37},"skip":true},"53":{"start":{"line":162,"column":8},"end":{"line":162,"column":35},"skip":true},"54":{"start":{"line":164,"column":8},"end":{"line":164,"column":50},"skip":true},"55":{"start":{"line":166,"column":8},"end":{"line":256,"column":2},"skip":true},"56":{"start":{"line":258,"column":8},"end":{"line":286,"column":9},"skip":true},"57":{"start":{"line":259,"column":12},"end":{"line":269,"column":14},"skip":true},"58":{"start":{"line":271,"column":12},"end":{"line":285,"column":19},"skip":true},"59":{"start":{"line":274,"column":20},"end":{"line":274,"column":35},"skip":true},"60":{"start":{"line":275,"column":20},"end":{"line":284,"column":21},"skip":true},"61":{"start":{"line":277,"column":24},"end":{"line":277,"column":64},"skip":true},"62":{"start":{"line":279,"column":24},"end":{"line":279,"column":40},"skip":true},"63":{"start":{"line":281,"column":24},"end":{"line":281,"column":40},"skip":true},"64":{"start":{"line":283,"column":24},"end":{"line":283,"column":39},"skip":true},"65":{"start":{"line":288,"column":8},"end":{"line":290,"column":9},"skip":true},"66":{"start":{"line":289,"column":12},"end":{"line":289,"column":18},"skip":true},"67":{"start":{"line":291,"column":8},"end":{"line":293,"column":54},"skip":true},"68":{"start":{"line":294,"column":8},"end":{"line":301,"column":37},"skip":true},"69":{"start":{"line":302,"column":8},"end":{"line":302,"column":82},"skip":true},"70":{"start":{"line":305,"column":8},"end":{"line":307,"column":9},"skip":true},"71":{"start":{"line":306,"column":12},"end":{"line":306,"column":82},"skip":true},"72":{"start":{"line":309,"column":8},"end":{"line":311,"column":9},"skip":true},"73":{"start":{"line":310,"column":12},"end":{"line":310,"column":18},"skip":true},"74":{"start":{"line":312,"column":8},"end":{"line":312,"column":54},"skip":true},"75":{"start":{"line":313,"column":8},"end":{"line":313,"column":69},"skip":true},"76":{"start":{"line":314,"column":8},"end":{"line":322,"column":36},"skip":true},"77":{"start":{"line":315,"column":12},"end":{"line":315,"column":61},"skip":true},"78":{"start":{"line":316,"column":12},"end":{"line":319,"column":13},"skip":true},"79":{"start":{"line":317,"column":16},"end":{"line":317,"column":75},"skip":true},"80":{"start":{"line":318,"column":16},"end":{"line":318,"column":23},"skip":true},"81":{"start":{"line":320,"column":12},"end":{"line":320,"column":38},"skip":true},"82":{"start":{"line":321,"column":12},"end":{"line":321,"column":27},"skip":true},"83":{"start":{"line":323,"column":8},"end":{"line":323,"column":14},"skip":true}},"branchMap":{"1":{"line":39,"type":"binary-expr","locations":[{"start":{"line":39,"column":23},"end":{"line":39,"column":62}},{"start":{"line":40,"column":20},"end":{"line":40,"column":70}},{"start":{"line":41,"column":20},"end":{"line":41,"column":71}},{"start":{"line":42,"column":20},"end":{"line":42,"column":29}}]},"2":{"line":44,"type":"binary-expr","locations":[{"start":{"line":44,"column":23},"end":{"line":44,"column":37}},{"start":{"line":45,"column":20},"end":{"line":45,"column":61}},{"start":{"line":46,"column":20},"end":{"line":46,"column":70}},{"start":{"line":47,"column":20},"end":{"line":47,"column":26}}]},"3":{"line":51,"type":"cond-expr","locations":[{"start":{"line":52,"column":14},"end":{"line":52,"column":20}},{"start":{"line":53,"column":14},"end":{"line":53,"column":20}}]},"4":{"line":55,"type":"binary-expr","locations":[{"start":{"line":55,"column":16},"end":{"line":55,"column":44}},{"start":{"line":55,"column":49},"end":{"line":57,"column":43}}]},"5":{"line":55,"type":"cond-expr","locations":[{"start":{"line":56,"column":14},"end":{"line":56,"column":49}},{"start":{"line":57,"column":14},"end":{"line":57,"column":43}}]},"6":{"line":61,"type":"switch","locations":[{"start":{"line":68,"column":4},"end":{"line":150,"column":14},"skip":true},{"start":{"line":156,"column":4},"end":{"line":323,"column":14},"skip":true}]},"7":{"line":70,"type":"if","locations":[{"start":{"line":70,"column":12},"end":{"line":70,"column":12},"skip":true},{"start":{"line":70,"column":12},"end":{"line":70,"column":12},"skip":true}]},"8":{"line":70,"type":"binary-expr","locations":[{"start":{"line":70,"column":16},"end":{"line":70,"column":22},"skip":true},{"start":{"line":70,"column":27},"end":{"line":70,"column":32},"skip":true},{"start":{"line":71,"column":20},"end":{"line":71,"column":39},"skip":true},{"start":{"line":72,"column":20},"end":{"line":72,"column":49},"skip":true},{"start":{"line":73,"column":20},"end":{"line":73,"column":58},"skip":true},{"start":{"line":74,"column":20},"end":{"line":74,"column":69},"skip":true}]},"9":{"line":79,"type":"switch","locations":[{"start":{"line":80,"column":20},"end":{"line":80,"column":33},"skip":true},{"start":{"line":81,"column":20},"end":{"line":83,"column":30},"skip":true},{"start":{"line":84,"column":20},"end":{"line":85,"column":49},"skip":true}]},"10":{"line":89,"type":"switch","locations":[{"start":{"line":90,"column":12},"end":{"line":103,"column":22},"skip":true},{"start":{"line":105,"column":12},"end":{"line":106,"column":22},"skip":true}]},"11":{"line":89,"type":"binary-expr","locations":[{"start":{"line":89,"column":20},"end":{"line":89,"column":25},"skip":true},{"start":{"line":89,"column":29},"end":{"line":89,"column":48},"skip":true},{"start":{"line":89,"column":52},"end":{"line":89,"column":74},"skip":true}]},"12":{"line":92,"type":"if","locations":[{"start":{"line":92,"column":16},"end":{"line":92,"column":16},"skip":true},{"start":{"line":92,"column":16},"end":{"line":92,"column":16},"skip":true}]},"13":{"line":108,"type":"if","locations":[{"start":{"line":108,"column":12},"end":{"line":108,"column":12},"skip":true},{"start":{"line":108,"column":12},"end":{"line":108,"column":12},"skip":true}]},"14":{"line":108,"type":"binary-expr","locations":[{"start":{"line":108,"column":16},"end":{"line":108,"column":61},"skip":true},{"start":{"line":108,"column":66},"end":{"line":108,"column":72},"skip":true},{"start":{"line":108,"column":77},"end":{"line":108,"column":82},"skip":true},{"start":{"line":109,"column":20},"end":{"line":109,"column":39},"skip":true},{"start":{"line":110,"column":20},"end":{"line":110,"column":49},"skip":true},{"start":{"line":111,"column":20},"end":{"line":111,"column":58},"skip":true},{"start":{"line":112,"column":20},"end":{"line":112,"column":68},"skip":true}]},"15":{"line":129,"type":"if","locations":[{"start":{"line":129,"column":16},"end":{"line":129,"column":16},"skip":true},{"start":{"line":129,"column":16},"end":{"line":129,"column":16},"skip":true}]},"16":{"line":134,"type":"cond-expr","locations":[{"start":{"line":135,"column":26},"end":{"line":135,"column":29},"skip":true},{"start":{"line":136,"column":26},"end":{"line":136,"column":54},"skip":true}]},"17":{"line":164,"type":"binary-expr","locations":[{"start":{"line":164,"column":27},"end":{"line":164,"column":43},"skip":true},{"start":{"line":164,"column":47},"end":{"line":164,"column":49},"skip":true}]},"18":{"line":258,"type":"if","locations":[{"start":{"line":258,"column":8},"end":{"line":258,"column":8},"skip":true},{"start":{"line":258,"column":8},"end":{"line":258,"column":8},"skip":true}]},"19":{"line":275,"type":"switch","locations":[{"start":{"line":276,"column":20},"end":{"line":277,"column":64},"skip":true},{"start":{"line":278,"column":20},"end":{"line":279,"column":40},"skip":true},{"start":{"line":280,"column":20},"end":{"line":281,"column":40},"skip":true},{"start":{"line":282,"column":20},"end":{"line":283,"column":39},"skip":true}]},"20":{"line":288,"type":"if","locations":[{"start":{"line":288,"column":8},"end":{"line":288,"column":8},"skip":true},{"start":{"line":288,"column":8},"end":{"line":288,"column":8},"skip":true}]},"21":{"line":288,"type":"binary-expr","locations":[{"start":{"line":288,"column":12},"end":{"line":288,"column":40},"skip":true},{"start":{"line":288,"column":44},"end":{"line":288,"column":67},"skip":true}]},"22":{"line":292,"type":"binary-expr","locations":[{"start":{"line":292,"column":12},"end":{"line":292,"column":50},"skip":true},{"start":{"line":293,"column":12},"end":{"line":293,"column":53},"skip":true}]},"23":{"line":295,"type":"binary-expr","locations":[{"start":{"line":295,"column":12},"end":{"line":295,"column":63},"skip":true},{"start":{"line":296,"column":12},"end":{"line":301,"column":36},"skip":true}]},"24":{"line":302,"type":"binary-expr","locations":[{"start":{"line":302,"column":43},"end":{"line":302,"column":75},"skip":true},{"start":{"line":302,"column":79},"end":{"line":302,"column":81},"skip":true}]},"25":{"line":305,"type":"if","locations":[{"start":{"line":305,"column":8},"end":{"line":305,"column":8},"skip":true},{"start":{"line":305,"column":8},"end":{"line":305,"column":8},"skip":true}]},"26":{"line":309,"type":"if","locations":[{"start":{"line":309,"column":8},"end":{"line":309,"column":8},"skip":true},{"start":{"line":309,"column":8},"end":{"line":309,"column":8},"skip":true}]},"27":{"line":312,"type":"binary-expr","locations":[{"start":{"line":312,"column":27},"end":{"line":312,"column":43},"skip":true},{"start":{"line":312,"column":47},"end":{"line":312,"column":53},"skip":true}]},"28":{"line":316,"type":"if","locations":[{"start":{"line":316,"column":12},"end":{"line":316,"column":12},"skip":true},{"start":{"line":316,"column":12},"end":{"line":316,"column":12},"skip":true}]}},"code":["/*","example.js","","quickstart example","","instruction","    1. save this script as example.js","    2. run the shell command:","        $ npm install npmtest-store && PORT=8081 node example.js","    3. play with the browser-demo on http://127.0.0.1:8081","*/","","","","/* istanbul instrument in package npmtest_store */","/*jslint","    bitwise: true,","    browser: true,","    maxerr: 8,","    maxlen: 96,","    node: true,","    nomen: true,","    regexp: true,","    stupid: true","*/","(function () {","    'use strict';","    var local;","","","","    // run shared js-env code - pre-init","    (function () {","        // init local","        local = {};","        // init modeJs","        local.modeJs = (function () {","            try {","                return typeof navigator.userAgent === 'string' &&","                    typeof document.querySelector('body') === 'object' &&","                    typeof XMLHttpRequest.prototype.open === 'function' &&","                    'browser';","            } catch (errorCaughtBrowser) {","                return module.exports &&","                    typeof process.versions.node === 'string' &&","                    typeof require('http').createServer === 'function' &&","                    'node';","            }","        }());","        // init global","        local.global = local.modeJs === 'browser'","            ? window","            : global;","        // init utility2_rollup","        local = local.global.utility2_rollup || (local.modeJs === 'browser'","            ? local.global.utility2_npmtest_store","            : global.utility2_moduleExports);","        // export local","        local.global.local = local;","    }());","    switch (local.modeJs) {","","","","    // post-init","    // run browser js-env code - post-init","    /* istanbul ignore next */","    case 'browser':","        local.testRunBrowser = function (event) {","            if (!event || (event &&","                    event.currentTarget &&","                    event.currentTarget.className &&","                    event.currentTarget.className.includes &&","                    event.currentTarget.className.includes('onreset'))) {","                // reset output","                Array.from(","                    document.querySelectorAll('body > .resettable')","                ).forEach(function (element) {","                    switch (element.tagName) {","                    case 'INPUT':","                    case 'TEXTAREA':","                        element.value = '';","                        break;","                    default:","                        element.textContent = '';","                    }","                });","            }","            switch (event && event.currentTarget && event.currentTarget.id) {","            case 'testRunButton1':","                // show tests","                if (document.querySelector('#testReportDiv1').style.display === 'none') {","                    document.querySelector('#testReportDiv1').style.display = 'block';","                    document.querySelector('#testRunButton1').textContent =","                        'hide internal test';","                    local.modeTest = true;","                    local.testRunDefault(local);","                // hide tests","                } else {","                    document.querySelector('#testReportDiv1').style.display = 'none';","                    document.querySelector('#testRunButton1').textContent = 'run internal test';","                }","                break;","            // custom-case","            default:","                break;","            }","            if (document.querySelector('#inputTextareaEval1') && (!event || (event &&","                    event.currentTarget &&","                    event.currentTarget.className &&","                    event.currentTarget.className.includes &&","                    event.currentTarget.className.includes('oneval')))) {","                // try to eval input-code","                try {","                    /*jslint evil: true*/","                    eval(document.querySelector('#inputTextareaEval1').value);","                } catch (errorCaught) {","                    console.error(errorCaught);","                }","            }","        };","        // log stderr and stdout to #outputTextareaStdout1","        ['error', 'log'].forEach(function (key) {","            console[key + '_original'] = console[key];","            console[key] = function () {","                var element;","                console[key + '_original'].apply(console, arguments);","                element = document.querySelector('#outputTextareaStdout1');","                if (!element) {","                    return;","                }","                // append text to #outputTextareaStdout1","                element.value += Array.from(arguments).map(function (arg) {","                    return typeof arg === 'string'","                        ? arg","                        : JSON.stringify(arg, null, 4);","                }).join(' ') + '\\n';","                // scroll textarea to bottom","                element.scrollTop = element.scrollHeight;","            };","        });","        // init event-handling","        ['change', 'click', 'keyup'].forEach(function (event) {","            Array.from(document.querySelectorAll('.on' + event)).forEach(function (element) {","                element.addEventListener(event, local.testRunBrowser);","            });","        });","        // run tests","        local.testRunBrowser();","        break;","","","","    // run node js-env code - post-init","    /* istanbul ignore next */","    case 'node':","        // export local","        module.exports = local;","        // require modules","        local.fs = require('fs');","        local.http = require('http');","        local.url = require('url');","        // init assets","        local.assetsDict = local.assetsDict || {};","        /* jslint-ignore-begin */","        local.assetsDict['/assets.index.template.html'] = '\\","<!doctype html>\\n\\","<html lang=\"en\">\\n\\","<head>\\n\\","<meta charset=\"UTF-8\">\\n\\","<meta name=\"viewport\" content=\"width=device-width, initial-scale=1\">\\n\\","<title>{{env.npm_package_name}} (v{{env.npm_package_version}})</title>\\n\\","<style>\\n\\","/*csslint\\n\\","    box-sizing: false,\\n\\","    universal-selector: false\\n\\","*/\\n\\","* {\\n\\","    box-sizing: border-box;\\n\\","}\\n\\","body {\\n\\","    background: #dde;\\n\\","    font-family: Arial, Helvetica, sans-serif;\\n\\","    margin: 2rem;\\n\\","}\\n\\","body > * {\\n\\","    margin-bottom: 1rem;\\n\\","}\\n\\",".utility2FooterDiv {\\n\\","    margin-top: 20px;\\n\\","    text-align: center;\\n\\","}\\n\\","</style>\\n\\","<style>\\n\\","/*csslint\\n\\","*/\\n\\","textarea {\\n\\","    font-family: monospace;\\n\\","    height: 10rem;\\n\\","    width: 100%;\\n\\","}\\n\\","textarea[readonly] {\\n\\","    background: #ddd;\\n\\","}\\n\\","</style>\\n\\","</head>\\n\\","<body>\\n\\","<!-- utility2-comment\\n\\","<div id=\"ajaxProgressDiv1\" style=\"background: #d00; height: 2px; left: 0; margin: 0; padding: 0; position: fixed; top: 0; transition: background 0.5s, width 1.5s; width: 25%;\"></div>\\n\\","utility2-comment -->\\n\\","<h1>\\n\\","<!-- utility2-comment\\n\\","    <a\\n\\","        {{#if env.npm_package_homepage}}\\n\\","        href=\"{{env.npm_package_homepage}}\"\\n\\","        {{/if env.npm_package_homepage}}\\n\\","        target=\"_blank\"\\n\\","    >\\n\\","utility2-comment -->\\n\\","        {{env.npm_package_name}} (v{{env.npm_package_version}})\\n\\","<!-- utility2-comment\\n\\","    </a>\\n\\","utility2-comment -->\\n\\","</h1>\\n\\","<h3>{{env.npm_package_description}}</h3>\\n\\","<!-- utility2-comment\\n\\","<h4><a download href=\"assets.app.js\">download standalone app</a></h4>\\n\\","<button class=\"onclick onreset\" id=\"testRunButton1\">run internal test</button><br>\\n\\","<div id=\"testReportDiv1\" style=\"display: none;\"></div>\\n\\","utility2-comment -->\\n\\","\\n\\","\\n\\","\\n\\","<label>stderr and stdout</label>\\n\\","<textarea class=\"resettable\" id=\"outputTextareaStdout1\" readonly></textarea>\\n\\","<!-- utility2-comment\\n\\","{{#if isRollup}}\\n\\","<script src=\"assets.app.js\"></script>\\n\\","{{#unless isRollup}}\\n\\","utility2-comment -->\\n\\","<script src=\"assets.utility2.rollup.js\"></script>\\n\\","<script src=\"jsonp.utility2._stateInit?callback=window.utility2._stateInit\"></script>\\n\\","<script src=\"assets.npmtest_store.rollup.js\"></script>\\n\\","<script src=\"assets.example.js\"></script>\\n\\","<script src=\"assets.test.js\"></script>\\n\\","<!-- utility2-comment\\n\\","{{/if isRollup}}\\n\\","utility2-comment -->\\n\\","<div class=\"utility2FooterDiv\">\\n\\","    [ this app was created with\\n\\","    <a href=\"https://github.com/kaizhu256/node-utility2\" target=\"_blank\">utility2</a>\\n\\","    ]\\n\\","</div>\\n\\","</body>\\n\\","</html>\\n\\","';","        /* jslint-ignore-end */","        if (local.templateRender) {","            local.assetsDict['/'] = local.templateRender(","                local.assetsDict['/assets.index.template.html'],","                {","                    env: local.objectSetDefault(local.env, {","                        npm_package_description: 'the greatest app in the world!',","                        npm_package_name: 'my-app',","                        npm_package_nameAlias: 'my_app',","                        npm_package_version: '0.0.1'","                    })","                }","            );","        } else {","            local.assetsDict['/'] = local.assetsDict['/assets.index.template.html']","                .replace((/\\{\\{env\\.(\\w+?)\\}\\}/g), function (match0, match1) {","                    // jslint-hack","                    String(match0);","                    switch (match1) {","                    case 'npm_package_description':","                        return 'the greatest app in the world!';","                    case 'npm_package_name':","                        return 'my-app';","                    case 'npm_package_nameAlias':","                        return 'my_app';","                    case 'npm_package_version':","                        return '0.0.1';","                    }","                });","        }","        // run the cli","        if (local.global.utility2_rollup || module !== require.main) {","            break;","        }","        local.assetsDict['/assets.example.js'] =","            local.assetsDict['/assets.example.js'] ||","            local.fs.readFileSync(__filename, 'utf8');","        local.assetsDict['/assets.npmtest_store.rollup.js'] =","            local.assetsDict['/assets.npmtest_store.rollup.js'] ||","            local.fs.readFileSync(","                // buildCustomOrg-hack","                local.npmtest_store.__dirname +","                    '/lib.npmtest_store.js',","                'utf8'","            ).replace((/^#!/), '//');","        local.assetsDict['/favicon.ico'] = local.assetsDict['/favicon.ico'] || '';","        // if $npm_config_timeout_exit exists,","        // then exit this process after $npm_config_timeout_exit ms","        if (Number(process.env.npm_config_timeout_exit)) {","            setTimeout(process.exit, Number(process.env.npm_config_timeout_exit));","        }","        // start server","        if (local.global.utility2_serverHttp1) {","            break;","        }","        process.env.PORT = process.env.PORT || '8081';","        console.error('server starting on port ' + process.env.PORT);","        local.http.createServer(function (request, response) {","            request.urlParsed = local.url.parse(request.url);","            if (local.assetsDict[request.urlParsed.pathname] !== undefined) {","                response.end(local.assetsDict[request.urlParsed.pathname]);","                return;","            }","            response.statusCode = 404;","            response.end();","        }).listen(process.env.PORT);","        break;","    }","}());",""],"l":{"26":2,"28":2,"33":2,"35":2,"37":2,"38":2,"39":2,"44":1,"51":2,"55":2,"59":2,"61":2,"69":1,"70":2,"76":2,"79":2,"82":2,"83":2,"85":1,"89":2,"92":1,"93":1,"94":1,"96":1,"97":1,"100":1,"101":1,"103":1,"106":1,"108":2,"114":1,"116":1,"118":1,"123":1,"124":2,"125":2,"126":2,"127":2,"128":2,"129":2,"130":1,"133":2,"134":2,"139":2,"143":1,"144":3,"145":1,"149":1,"150":1,"158":1,"160":1,"161":1,"162":1,"164":1,"166":1,"258":1,"259":1,"271":1,"274":6,"275":6,"277":1,"279":2,"281":1,"283":2,"288":1,"289":1,"291":1,"294":1,"302":1,"305":1,"306":1,"309":1,"310":1,"312":1,"313":1,"314":1,"315":1,"316":1,"317":1,"318":1,"320":1,"321":1,"323":1}},"/home/travis/build/npmtest/node-npmtest-store/store/dist/store.legacy.js":{"path":"/home/travis/build/npmtest/node-npmtest-store/store/dist/store.legacy.js","s":{"1":1,"2":1,"3":1,"4":1},"b":{},"f":{},"fnMap":{},"statementMap":{"1":{"start":{"line":1,"column":0},"end":{"line":1,"column":43}},"2":{"start":{"line":3,"column":0},"end":{"line":3,"column":41}},"3":{"start":{"line":4,"column":0},"end":{"line":4,"column":43}},"4":{"start":{"line":6,"column":0},"end":{"line":6,"column":54}}},"branchMap":{},"code":["var engine = require('../src/store-engine')","","var storages = require('../storages/all')","var plugins = [require('../plugins/json2')]","","module.exports = engine.createStore(storages, plugins)",""],"l":{"1":1,"3":1,"4":1,"6":1}},"/home/travis/build/npmtest/node-npmtest-store/store/src/store-engine.js":{"path":"/home/travis/build/npmtest/node-npmtest-store/store/src/store-engine.js","s":{"1":1,"2":1,"3":1,"4":1,"5":1,"6":1,"7":1,"8":1,"9":1,"10":1,"11":6,"12":0,"13":6,"14":1,"15":1,"16":1,"17":1,"18":1,"19":0,"20":0,"21":0,"22":1,"23":0,"24":1,"25":0,"26":1,"27":1,"28":0,"29":1,"30":1,"31":0,"32":1,"33":0,"34":0,"35":0,"36":0,"37":0,"38":0,"39":0,"40":0,"41":0,"42":0,"43":0,"44":0,"45":0,"46":0,"47":0,"48":0,"49":0,"50":0,"51":0,"52":0,"53":1,"54":1,"55":0,"56":0,"57":0,"58":6,"59":6,"60":6,"61":1,"62":1,"63":1,"64":5,"65":0,"66":0,"67":0,"68":0,"69":1,"70":0,"71":0,"72":0,"73":0,"74":0,"75":0,"76":0,"77":0,"78":0,"79":0,"80":0,"81":0,"82":0,"83":0,"84":0,"85":1,"86":1,"87":6,"88":1,"89":1,"90":1},"b":{"1":[0,6],"2":[1,5],"3":[0,1],"4":[0,1],"5":[0,1],"6":[0,1],"7":[0,0],"8":[0,0],"9":[0,0],"10":[0,0],"11":[0,0],"12":[0,0],"13":[0,0],"14":[0,0]},"f":{"1":6,"2":1,"3":0,"4":0,"5":0,"6":0,"7":0,"8":0,"9":0,"10":0,"11":0,"12":0,"13":0,"14":0,"15":1,"16":0,"17":6,"18":0,"19":0,"20":0,"21":0,"22":0,"23":0,"24":6,"25":1},"fnMap":{"1":{"name":"(anonymous_1)","line":22,"loc":{"start":{"line":22,"column":13},"end":{"line":22,"column":31}}},"2":{"name":"(anonymous_2)","line":32,"loc":{"start":{"line":32,"column":12},"end":{"line":32,"column":29}}},"3":{"name":"(anonymous_3)","line":38,"loc":{"start":{"line":38,"column":16},"end":{"line":38,"column":33}}},"4":{"name":"(anonymous_4)","line":46,"loc":{"start":{"line":46,"column":44},"end":{"line":46,"column":65}}},"5":{"name":"(anonymous_5)","line":63,"loc":{"start":{"line":63,"column":25},"end":{"line":63,"column":58}}},"6":{"name":"(anonymous_6)","line":73,"loc":{"start":{"line":73,"column":6},"end":{"line":73,"column":42}}},"7":{"name":"(anonymous_7)","line":80,"loc":{"start":{"line":80,"column":6},"end":{"line":80,"column":27}}},"8":{"name":"(anonymous_8)","line":89,"loc":{"start":{"line":89,"column":9},"end":{"line":89,"column":23}}},"9":{"name":"(anonymous_9)","line":95,"loc":{"start":{"line":95,"column":7},"end":{"line":95,"column":26}}},"10":{"name":"(anonymous_10)","line":97,"loc":{"start":{"line":97,"column":23},"end":{"line":97,"column":52}}},"11":{"name":"(anonymous_11)","line":103,"loc":{"start":{"line":103,"column":11},"end":{"line":103,"column":22}}},"12":{"name":"(anonymous_12)","line":111,"loc":{"start":{"line":111,"column":15},"end":{"line":111,"column":35}}},"13":{"name":"(anonymous_13)","line":116,"loc":{"start":{"line":116,"column":12},"end":{"line":116,"column":32}}},"14":{"name":"(anonymous_14)","line":131,"loc":{"start":{"line":131,"column":14},"end":{"line":131,"column":42}}},"15":{"name":"createStore","line":136,"loc":{"start":{"line":136,"column":0},"end":{"line":136,"column":40}}},"16":{"name":"(anonymous_16)","line":143,"loc":{"start":{"line":143,"column":12},"end":{"line":143,"column":23}}},"17":{"name":"(anonymous_17)","line":153,"loc":{"start":{"line":153,"column":16},"end":{"line":153,"column":34}}},"18":{"name":"(anonymous_18)","line":165,"loc":{"start":{"line":165,"column":23},"end":{"line":165,"column":56}}},"19":{"name":"pluginFn","line":167,"loc":{"start":{"line":167,"column":20},"end":{"line":167,"column":40}}},"20":{"name":"super_fn","line":173,"loc":{"start":{"line":173,"column":4},"end":{"line":173,"column":24}}},"21":{"name":"(anonymous_21)","line":175,"loc":{"start":{"line":175,"column":21},"end":{"line":175,"column":38}}},"22":{"name":"(anonymous_22)","line":189,"loc":{"start":{"line":189,"column":14},"end":{"line":189,"column":28}}},"23":{"name":"(anonymous_23)","line":193,"loc":{"start":{"line":193,"column":16},"end":{"line":193,"column":45}}},"24":{"name":"(anonymous_24)","line":209,"loc":{"start":{"line":209,"column":16},"end":{"line":209,"column":34}}},"25":{"name":"(anonymous_25)","line":212,"loc":{"start":{"line":212,"column":15},"end":{"line":212,"column":32}}}},"statementMap":{"1":{"start":{"line":1,"column":0},"end":{"line":1,"column":28}},"2":{"start":{"line":2,"column":0},"end":{"line":2,"column":22}},"3":{"start":{"line":3,"column":0},"end":{"line":3,"column":22}},"4":{"start":{"line":4,"column":0},"end":{"line":4,"column":20}},"5":{"start":{"line":5,"column":0},"end":{"line":5,"column":24}},"6":{"start":{"line":6,"column":0},"end":{"line":6,"column":24}},"7":{"start":{"line":7,"column":0},"end":{"line":7,"column":32}},"8":{"start":{"line":8,"column":0},"end":{"line":8,"column":28}},"9":{"start":{"line":10,"column":0},"end":{"line":12,"column":1}},"10":{"start":{"line":14,"column":0},"end":{"line":134,"column":1}},"11":{"start":{"line":23,"column":2},"end":{"line":23,"column":30}},"12":{"start":{"line":23,"column":22},"end":{"line":23,"column":29}},"13":{"start":{"line":24,"column":2},"end":{"line":28,"column":3}},"14":{"start":{"line":25,"column":3},"end":{"line":25,"column":35}},"15":{"start":{"line":26,"column":3},"end":{"line":26,"column":22}},"16":{"start":{"line":27,"column":3},"end":{"line":27,"column":30}},"17":{"start":{"line":33,"column":2},"end":{"line":33,"column":17}},"18":{"start":{"line":37,"column":2},"end":{"line":42,"column":3}},"19":{"start":{"line":38,"column":3},"end":{"line":40,"column":5}},"20":{"start":{"line":39,"column":4},"end":{"line":39,"column":26}},"21":{"start":{"line":41,"column":3},"end":{"line":41,"column":9}},"22":{"start":{"line":46,"column":2},"end":{"line":46,"column":100}},"23":{"start":{"line":46,"column":67},"end":{"line":46,"column":98}},"24":{"start":{"line":47,"column":2},"end":{"line":49,"column":3}},"25":{"start":{"line":48,"column":3},"end":{"line":48,"column":9}},"26":{"start":{"line":50,"column":2},"end":{"line":50,"column":32}},"27":{"start":{"line":53,"column":2},"end":{"line":55,"column":3}},"28":{"start":{"line":54,"column":3},"end":{"line":54,"column":73}},"29":{"start":{"line":57,"column":2},"end":{"line":57,"column":42}},"30":{"start":{"line":58,"column":2},"end":{"line":60,"column":3}},"31":{"start":{"line":59,"column":3},"end":{"line":59,"column":74}},"32":{"start":{"line":63,"column":2},"end":{"line":68,"column":4}},"33":{"start":{"line":64,"column":3},"end":{"line":66,"column":4}},"34":{"start":{"line":65,"column":4},"end":{"line":65,"column":123}},"35":{"start":{"line":67,"column":3},"end":{"line":67,"column":51}},"36":{"start":{"line":74,"column":2},"end":{"line":74,"column":62}},"37":{"start":{"line":75,"column":2},"end":{"line":75,"column":54}},"38":{"start":{"line":81,"column":2},"end":{"line":83,"column":3}},"39":{"start":{"line":82,"column":3},"end":{"line":82,"column":26}},"40":{"start":{"line":84,"column":2},"end":{"line":84,"column":76}},"41":{"start":{"line":85,"column":2},"end":{"line":85,"column":14}},"42":{"start":{"line":90,"column":2},"end":{"line":90,"column":53}},"43":{"start":{"line":96,"column":2},"end":{"line":96,"column":17}},"44":{"start":{"line":97,"column":2},"end":{"line":99,"column":4}},"45":{"start":{"line":98,"column":3},"end":{"line":98,"column":85}},"46":{"start":{"line":104,"column":2},"end":{"line":104,"column":28}},"47":{"start":{"line":112,"column":2},"end":{"line":112,"column":62}},"48":{"start":{"line":117,"column":2},"end":{"line":119,"column":3}},"49":{"start":{"line":118,"column":3},"end":{"line":118,"column":94}},"50":{"start":{"line":121,"column":2},"end":{"line":121,"column":50}},"51":{"start":{"line":122,"column":2},"end":{"line":125,"column":4}},"52":{"start":{"line":132,"column":2},"end":{"line":132,"column":39}},"53":{"start":{"line":136,"column":0},"end":{"line":216,"column":1}},"54":{"start":{"line":137,"column":1},"end":{"line":206,"column":2}},"55":{"start":{"line":144,"column":3},"end":{"line":149,"column":4}},"56":{"start":{"line":145,"column":4},"end":{"line":148,"column":86}},"57":{"start":{"line":150,"column":3},"end":{"line":150,"column":32}},"58":{"start":{"line":154,"column":3},"end":{"line":162,"column":4}},"59":{"start":{"line":155,"column":4},"end":{"line":155,"column":37}},"60":{"start":{"line":156,"column":4},"end":{"line":156,"column":35}},"61":{"start":{"line":157,"column":4},"end":{"line":157,"column":48}},"62":{"start":{"line":158,"column":4},"end":{"line":158,"column":27}},"63":{"start":{"line":159,"column":4},"end":{"line":159,"column":13}},"64":{"start":{"line":161,"column":4},"end":{"line":161,"column":16}},"65":{"start":{"line":166,"column":3},"end":{"line":166,"column":29}},"66":{"start":{"line":167,"column":3},"end":{"line":186,"column":4}},"67":{"start":{"line":168,"column":4},"end":{"line":168,"column":34}},"68":{"start":{"line":169,"column":4},"end":{"line":169,"column":19}},"69":{"start":{"line":173,"column":4},"end":{"line":179,"column":5}},"70":{"start":{"line":174,"column":5},"end":{"line":174,"column":27}},"71":{"start":{"line":174,"column":19},"end":{"line":174,"column":26}},"72":{"start":{"line":175,"column":5},"end":{"line":177,"column":7}},"73":{"start":{"line":176,"column":6},"end":{"line":176,"column":19}},"74":{"start":{"line":178,"column":5},"end":{"line":178,"column":35}},"75":{"start":{"line":183,"column":4},"end":{"line":183,"column":43}},"76":{"start":{"line":185,"column":4},"end":{"line":185,"column":46}},"77":{"start":{"line":190,"column":3},"end":{"line":190,"column":29}},"78":{"start":{"line":194,"column":3},"end":{"line":194,"column":37}},"79":{"start":{"line":194,"column":18},"end":{"line":194,"column":36}},"80":{"start":{"line":200,"column":3},"end":{"line":200,"column":15}},"81":{"start":{"line":201,"column":3},"end":{"line":202,"column":28}},"82":{"start":{"line":201,"column":9},"end":{"line":201,"column":34}},"83":{"start":{"line":202,"column":14},"end":{"line":202,"column":27}},"84":{"start":{"line":204,"column":3},"end":{"line":204,"column":48}},"85":{"start":{"line":208,"column":1},"end":{"line":208,"column":49}},"86":{"start":{"line":209,"column":1},"end":{"line":211,"column":3}},"87":{"start":{"line":210,"column":2},"end":{"line":210,"column":27}},"88":{"start":{"line":212,"column":1},"end":{"line":214,"column":3}},"89":{"start":{"line":213,"column":2},"end":{"line":213,"column":25}},"90":{"start":{"line":215,"column":1},"end":{"line":215,"column":13}}},"branchMap":{"1":{"line":23,"type":"if","locations":[{"start":{"line":23,"column":2},"end":{"line":23,"column":2}},{"start":{"line":23,"column":2},"end":{"line":23,"column":2}}]},"2":{"line":24,"type":"if","locations":[{"start":{"line":24,"column":2},"end":{"line":24,"column":2}},{"start":{"line":24,"column":2},"end":{"line":24,"column":2}}]},"3":{"line":37,"type":"if","locations":[{"start":{"line":37,"column":2},"end":{"line":37,"column":2}},{"start":{"line":37,"column":2},"end":{"line":37,"column":2}}]},"4":{"line":47,"type":"if","locations":[{"start":{"line":47,"column":2},"end":{"line":47,"column":2}},{"start":{"line":47,"column":2},"end":{"line":47,"column":2}}]},"5":{"line":53,"type":"if","locations":[{"start":{"line":53,"column":2},"end":{"line":53,"column":2}},{"start":{"line":53,"column":2},"end":{"line":53,"column":2}}]},"6":{"line":58,"type":"if","locations":[{"start":{"line":58,"column":2},"end":{"line":58,"column":2}},{"start":{"line":58,"column":2},"end":{"line":58,"column":2}}]},"7":{"line":64,"type":"if","locations":[{"start":{"line":64,"column":3},"end":{"line":64,"column":3}},{"start":{"line":64,"column":3},"end":{"line":64,"column":3}}]},"8":{"line":81,"type":"if","locations":[{"start":{"line":81,"column":2},"end":{"line":81,"column":2}},{"start":{"line":81,"column":2},"end":{"line":81,"column":2}}]},"9":{"line":117,"type":"if","locations":[{"start":{"line":117,"column":2},"end":{"line":117,"column":2}},{"start":{"line":117,"column":2},"end":{"line":117,"column":2}}]},"10":{"line":124,"type":"cond-expr","locations":[{"start":{"line":124,"column":39},"end":{"line":124,"column":70}},{"start":{"line":124,"column":73},"end":{"line":124,"column":77}}]},"11":{"line":144,"type":"if","locations":[{"start":{"line":144,"column":3},"end":{"line":144,"column":3}},{"start":{"line":144,"column":3},"end":{"line":144,"column":3}}]},"12":{"line":174,"type":"if","locations":[{"start":{"line":174,"column":5},"end":{"line":174,"column":5}},{"start":{"line":174,"column":5},"end":{"line":174,"column":5}}]},"13":{"line":194,"type":"if","locations":[{"start":{"line":194,"column":3},"end":{"line":194,"column":3}},{"start":{"line":194,"column":3},"end":{"line":194,"column":3}}]},"14":{"line":204,"type":"cond-expr","locations":[{"start":{"line":204,"column":31},"end":{"line":204,"column":34}},{"start":{"line":204,"column":37},"end":{"line":204,"column":47}}]}},"code":["var util = require('./util')","var slice = util.slice","var pluck = util.pluck","var each = util.each","var create = util.create","var isList = util.isList","var isFunction = util.isFunction","var isObject = util.isObject","","module.exports = {","\tcreateStore: createStore,","}","","var storeAPI = {","\tversion: '2.0.4',","\tenabled: false,","\tstorage: null,","","\t// addStorage adds another storage to this store. The store","\t// will use the first storage it receives that is enabled, so","\t// call addStorage in the order of preferred storage.","\taddStorage: function(storage) {","\t\tif (this.enabled) { return }","\t\tif (this._testStorage(storage)) {","\t\t\tthis._storage.resolved = storage","\t\t\tthis.enabled = true","\t\t\tthis.storage = storage.name","\t\t}","\t},","","\t// addPlugin will add a plugin to this store.","\taddPlugin: function(plugin) {","\t\tvar self = this","","\t\t// If the plugin is an array, then add all plugins in the array.","\t\t// This allows for a plugin to depend on other plugins.","\t\tif (isList(plugin)) {","\t\t\teach(plugin, function(plugin) {","\t\t\t\tself.addPlugin(plugin)","\t\t\t})","\t\t\treturn","\t\t}","","\t\t// Keep track of all plugins we've seen so far, so that we","\t\t// don't add any of them twice.","\t\tvar seenPlugin = pluck(this._seenPlugins, function(seenPlugin) { return (plugin === seenPlugin) })","\t\tif (seenPlugin) {","\t\t\treturn","\t\t}","\t\tthis._seenPlugins.push(plugin)","","\t\t// Check that the plugin is properly formed","\t\tif (!isFunction(plugin)) {","\t\t\tthrow new Error('Plugins must be function values that return objects')","\t\t}","","\t\tvar pluginProperties = plugin.call(this)","\t\tif (!isObject(pluginProperties)) {","\t\t\tthrow new Error('Plugins must return an object of function properties')","\t\t}","","\t\t// Add the plugin function properties to this store instance.","\t\teach(pluginProperties, function(pluginFnProp, propName) {","\t\t\tif (!isFunction(pluginFnProp)) {","\t\t\t\tthrow new Error('Bad plugin property: '+propName+' from plugin '+plugin.name+'. Plugins should only return functions.')","\t\t\t}","\t\t\tself._assignPluginFnProp(pluginFnProp, propName)","\t\t})","\t},","","\t// get returns the value of the given key. If that value","\t// is undefined, it returns optionalDefaultValue instead.","\tget: function(key, optionalDefaultValue) {","\t\tvar data = this._storage().read(this._namespacePrefix + key)","\t\treturn this._deserialize(data, optionalDefaultValue)","\t},","","\t// set will store the given value at key and returns value.","\t// Calling set with value === undefined is equivalent to calling remove.","\tset: function(key, value) {","\t\tif (value === undefined) {","\t\t\treturn this.remove(key)","\t\t}","\t\tthis._storage().write(this._namespacePrefix + key, this._serialize(value))","\t\treturn value","\t},","","\t// remove deletes the key and value stored at the given key.","\tremove: function(key) {","\t\tthis._storage().remove(this._namespacePrefix + key)","\t},","","\t// each will call the given callback once for each key-value pair","\t// in this store.","\teach: function(callback) {","\t\tvar self = this","\t\tthis._storage().each(function(val, namespacedKey) {","\t\t\tcallback(self._deserialize(val), namespacedKey.replace(self._namespaceRegexp, ''))","\t\t})","\t},","","\t// clearAll will remove all the stored key-value pairs in this store.","\tclearAll: function() {","\t\tthis._storage().clearAll()","\t},","","\t// additional functionality that can't live in plugins","\t// ---------------------------------------------------","","\t// hasNamespace returns true if this store instance has the given namespace.","\thasNamespace: function(namespace) {","\t\treturn (this._namespacePrefix == '__storejs_'+namespace+'_')","\t},","","\t// namespace clones the current store and assigns it the given namespace","\tnamespace: function(namespace) {","\t\tif (!this._legalNamespace.test(namespace)) {","\t\t\tthrow new Error('store.js namespaces can only have alhpanumerics + underscores and dashes')","\t\t}","\t\t// create a prefix that is very unlikely to collide with un-namespaced keys","\t\tvar namespacePrefix = '__storejs_'+namespace+'_'","\t\treturn create(this, {","\t\t\t_namespacePrefix: namespacePrefix,","\t\t\t_namespaceRegexp: namespacePrefix ? new RegExp('^'+namespacePrefix) : null","\t\t})","\t},","","\t// createStore creates a store.js instance with the first","\t// functioning storage in the list of storage candidates,","\t// and applies the the given mixins to the instance.","\tcreateStore: function(storages, plugins) {","\t\treturn createStore(storages, plugins)","\t},","}","","function createStore(storages, plugins) {","\tvar _privateStoreProps = {","\t\t_seenPlugins: [],","\t\t_namespacePrefix: '',","\t\t_namespaceRegexp: null,","\t\t_legalNamespace: /^[a-zA-Z0-9_\\-]+$/, // alpha-numeric + underscore and dash","","\t\t_storage: function() {","\t\t\tif (!this.enabled) {","\t\t\t\tthrow new Error(\"store.js: No supported storage has been added! \"+","\t\t\t\t\t\"Add one (e.g store.addStorage(require('store/storages/cookieStorage')) \"+","\t\t\t\t\t\"or use a build with more built-in storages (e.g \"+","\t\t\t\t\t\"https://github.com/marcuswestin/store.js/tree/master/dist/store.legacy.min.js)\")","\t\t\t}","\t\t\treturn this._storage.resolved","\t\t},","","\t\t_testStorage: function(storage) {","\t\t\ttry {","\t\t\t\tvar testStr = '__storejs__test__'","\t\t\t\tstorage.write(testStr, testStr)","\t\t\t\tvar ok = (storage.read(testStr) === testStr)","\t\t\t\tstorage.remove(testStr)","\t\t\t\treturn ok","\t\t\t} catch(e) {","\t\t\t\treturn false","\t\t\t}","\t\t},","","\t\t_assignPluginFnProp: function(pluginFnProp, propName) {","\t\t\tvar oldFn = this[propName]","\t\t\tthis[propName] = function pluginFn() {","\t\t\t\tvar args = slice(arguments, 0)","\t\t\t\tvar self = this","","\t\t\t\t// super_fn calls the old function which was overwritten by","\t\t\t\t// this mixin.","\t\t\t\tfunction super_fn() {","\t\t\t\t\tif (!oldFn) { return }","\t\t\t\t\teach(arguments, function(arg, i) {","\t\t\t\t\t\targs[i] = arg","\t\t\t\t\t})","\t\t\t\t\treturn oldFn.apply(self, args)","\t\t\t\t}","","\t\t\t\t// Give mixing function access to super_fn by prefixing all mixin function","\t\t\t\t// arguments with super_fn.","\t\t\t\tvar newFnArgs = [super_fn].concat(args)","","\t\t\t\treturn pluginFnProp.apply(self, newFnArgs)","\t\t\t}","\t\t},","","\t\t_serialize: function(obj) {","\t\t\treturn JSON.stringify(obj)","\t\t},","","\t\t_deserialize: function(strVal, defaultVal) {","\t\t\tif (!strVal) { return defaultVal }","\t\t\t// It is possible that a raw string value has been previously stored","\t\t\t// in a storage without using store.js, meaning it will be a raw","\t\t\t// string value instead of a JSON serialized string. By defaulting","\t\t\t// to the raw string value in case of a JSON parse error, we allow","\t\t\t// for past stored values to be forwards-compatible with store.js","\t\t\tvar val = ''","\t\t\ttry { val = JSON.parse(strVal) }","\t\t\tcatch(e) { val = strVal }","","\t\t\treturn (val !== undefined ? val : defaultVal)","\t\t},","\t}","","\tvar store = create(_privateStoreProps, storeAPI)","\teach(storages, function(storage) {","\t\tstore.addStorage(storage)","\t})","\teach(plugins, function(plugin) {","\t\tstore.addPlugin(plugin)","\t})","\treturn store","}",""],"l":{"1":1,"2":1,"3":1,"4":1,"5":1,"6":1,"7":1,"8":1,"10":1,"14":1,"23":6,"24":6,"25":1,"26":1,"27":1,"33":1,"37":1,"38":0,"39":0,"41":0,"46":1,"47":1,"48":0,"50":1,"53":1,"54":0,"57":1,"58":1,"59":0,"63":1,"64":0,"65":0,"67":0,"74":0,"75":0,"81":0,"82":0,"84":0,"85":0,"90":0,"96":0,"97":0,"98":0,"104":0,"112":0,"117":0,"118":0,"121":0,"122":0,"132":0,"136":1,"137":1,"144":0,"145":0,"150":0,"154":6,"155":6,"156":6,"157":1,"158":1,"159":1,"161":5,"166":0,"167":0,"168":0,"169":0,"173":1,"174":0,"175":0,"176":0,"178":0,"183":0,"185":0,"190":0,"194":0,"200":0,"201":0,"202":0,"204":0,"208":1,"209":1,"210":6,"212":1,"213":1,"215":1}},"/home/travis/build/npmtest/node-npmtest-store/store/src/util.js":{"path":"/home/travis/build/npmtest/node-npmtest-store/store/src/util.js","s":{"1":1,"2":1,"3":1,"4":1,"5":1,"6":1,"7":1,"8":1,"9":0,"10":0,"11":0,"12":0,"13":0,"14":1,"15":1,"16":1,"17":1,"18":1,"19":1,"20":0,"21":0,"22":0,"23":0,"24":1,"25":1,"26":1,"27":0,"28":0,"29":0,"30":1,"31":0,"32":0,"33":1,"34":1,"35":1,"36":3,"37":7,"38":7,"39":1,"40":0,"41":0,"42":0,"43":0,"44":0,"45":1,"46":4,"47":2,"48":1,"49":0,"50":2,"51":6,"52":6,"53":0,"54":1,"55":5,"56":1,"57":1,"58":1,"59":1},"b":{"1":[0,1],"2":[1,0],"3":[1,0],"4":[1,0],"5":[1,0],"6":[0,0],"7":[2,2],"8":[0,1],"9":[6,0],"10":[0,6],"11":[5,5,4],"12":[1,1],"13":[1,1]},"f":{"1":1,"2":0,"3":0,"4":1,"5":1,"6":0,"7":0,"8":1,"9":0,"10":0,"11":0,"12":0,"13":1,"14":3,"15":7,"16":0,"17":0,"18":4,"19":5,"20":1,"21":1},"fnMap":{"1":{"name":"make_assign","line":21,"loc":{"start":{"line":21,"column":0},"end":{"line":21,"column":23}}},"2":{"name":"shimAssign","line":25,"loc":{"start":{"line":25,"column":9},"end":{"line":25,"column":55}}},"3":{"name":"(anonymous_3)","line":27,"loc":{"start":{"line":27,"column":31},"end":{"line":27,"column":50}}},"4":{"name":"make_create","line":36,"loc":{"start":{"line":36,"column":0},"end":{"line":36,"column":23}}},"5":{"name":"create","line":38,"loc":{"start":{"line":38,"column":9},"end":{"line":38,"column":63}}},"6":{"name":"F","line":43,"loc":{"start":{"line":43,"column":2},"end":{"line":43,"column":15}}},"7":{"name":"create","line":44,"loc":{"start":{"line":44,"column":9},"end":{"line":44,"column":63}}},"8":{"name":"make_trim","line":52,"loc":{"start":{"line":52,"column":0},"end":{"line":52,"column":21}}},"9":{"name":"trim","line":54,"loc":{"start":{"line":54,"column":9},"end":{"line":54,"column":28}}},"10":{"name":"trim","line":58,"loc":{"start":{"line":58,"column":9},"end":{"line":58,"column":28}}},"11":{"name":"bind","line":64,"loc":{"start":{"line":64,"column":0},"end":{"line":64,"column":23}}},"12":{"name":"(anonymous_12)","line":65,"loc":{"start":{"line":65,"column":8},"end":{"line":65,"column":19}}},"13":{"name":"slice","line":70,"loc":{"start":{"line":70,"column":0},"end":{"line":70,"column":27}}},"14":{"name":"each","line":74,"loc":{"start":{"line":74,"column":0},"end":{"line":74,"column":23}}},"15":{"name":"(anonymous_15)","line":75,"loc":{"start":{"line":75,"column":12},"end":{"line":75,"column":31}}},"16":{"name":"map","line":81,"loc":{"start":{"line":81,"column":0},"end":{"line":81,"column":22}}},"17":{"name":"(anonymous_17)","line":83,"loc":{"start":{"line":83,"column":12},"end":{"line":83,"column":27}}},"18":{"name":"pluck","line":90,"loc":{"start":{"line":90,"column":0},"end":{"line":90,"column":24}}},"19":{"name":"isList","line":108,"loc":{"start":{"line":108,"column":0},"end":{"line":108,"column":21}}},"20":{"name":"isFunction","line":112,"loc":{"start":{"line":112,"column":0},"end":{"line":112,"column":25}}},"21":{"name":"isObject","line":116,"loc":{"start":{"line":116,"column":0},"end":{"line":116,"column":23}}}},"statementMap":{"1":{"start":{"line":1,"column":0},"end":{"line":1,"column":26}},"2":{"start":{"line":2,"column":0},"end":{"line":2,"column":26}},"3":{"start":{"line":3,"column":0},"end":{"line":3,"column":22}},"4":{"start":{"line":4,"column":0},"end":{"line":4,"column":62}},"5":{"start":{"line":6,"column":0},"end":{"line":19,"column":1}},"6":{"start":{"line":21,"column":0},"end":{"line":34,"column":1}},"7":{"start":{"line":22,"column":1},"end":{"line":33,"column":2}},"8":{"start":{"line":23,"column":2},"end":{"line":23,"column":22}},"9":{"start":{"line":25,"column":2},"end":{"line":32,"column":3}},"10":{"start":{"line":26,"column":3},"end":{"line":30,"column":4}},"11":{"start":{"line":27,"column":4},"end":{"line":29,"column":6}},"12":{"start":{"line":28,"column":5},"end":{"line":28,"column":19}},"13":{"start":{"line":31,"column":3},"end":{"line":31,"column":13}},"14":{"start":{"line":36,"column":0},"end":{"line":50,"column":1}},"15":{"start":{"line":37,"column":1},"end":{"line":49,"column":2}},"16":{"start":{"line":38,"column":2},"end":{"line":41,"column":3}},"17":{"start":{"line":39,"column":3},"end":{"line":39,"column":43}},"18":{"start":{"line":40,"column":3},"end":{"line":40,"column":73}},"19":{"start":{"line":43,"column":2},"end":{"line":43,"column":17}},"20":{"start":{"line":44,"column":2},"end":{"line":48,"column":3}},"21":{"start":{"line":45,"column":3},"end":{"line":45,"column":43}},"22":{"start":{"line":46,"column":3},"end":{"line":46,"column":20}},"23":{"start":{"line":47,"column":3},"end":{"line":47,"column":62}},"24":{"start":{"line":52,"column":0},"end":{"line":62,"column":1}},"25":{"start":{"line":53,"column":1},"end":{"line":61,"column":2}},"26":{"start":{"line":54,"column":2},"end":{"line":56,"column":3}},"27":{"start":{"line":55,"column":3},"end":{"line":55,"column":41}},"28":{"start":{"line":58,"column":2},"end":{"line":60,"column":3}},"29":{"start":{"line":59,"column":3},"end":{"line":59,"column":63}},"30":{"start":{"line":64,"column":0},"end":{"line":68,"column":1}},"31":{"start":{"line":65,"column":1},"end":{"line":67,"column":2}},"32":{"start":{"line":66,"column":2},"end":{"line":66,"column":64}},"33":{"start":{"line":70,"column":0},"end":{"line":72,"column":1}},"34":{"start":{"line":71,"column":1},"end":{"line":71,"column":51}},"35":{"start":{"line":74,"column":0},"end":{"line":79,"column":1}},"36":{"start":{"line":75,"column":1},"end":{"line":78,"column":3}},"37":{"start":{"line":76,"column":2},"end":{"line":76,"column":14}},"38":{"start":{"line":77,"column":2},"end":{"line":77,"column":14}},"39":{"start":{"line":81,"column":0},"end":{"line":88,"column":1}},"40":{"start":{"line":82,"column":1},"end":{"line":82,"column":34}},"41":{"start":{"line":83,"column":1},"end":{"line":86,"column":3}},"42":{"start":{"line":84,"column":2},"end":{"line":84,"column":19}},"43":{"start":{"line":85,"column":2},"end":{"line":85,"column":14}},"44":{"start":{"line":87,"column":1},"end":{"line":87,"column":11}},"45":{"start":{"line":90,"column":0},"end":{"line":106,"column":1}},"46":{"start":{"line":91,"column":1},"end":{"line":105,"column":2}},"47":{"start":{"line":92,"column":2},"end":{"line":96,"column":3}},"48":{"start":{"line":93,"column":3},"end":{"line":95,"column":4}},"49":{"start":{"line":94,"column":4},"end":{"line":94,"column":17}},"50":{"start":{"line":98,"column":2},"end":{"line":104,"column":3}},"51":{"start":{"line":99,"column":3},"end":{"line":103,"column":4}},"52":{"start":{"line":100,"column":4},"end":{"line":102,"column":5}},"53":{"start":{"line":101,"column":5},"end":{"line":101,"column":20}},"54":{"start":{"line":108,"column":0},"end":{"line":110,"column":1}},"55":{"start":{"line":109,"column":1},"end":{"line":109,"column":82}},"56":{"start":{"line":112,"column":0},"end":{"line":114,"column":1}},"57":{"start":{"line":113,"column":1},"end":{"line":113,"column":60}},"58":{"start":{"line":116,"column":0},"end":{"line":118,"column":1}},"59":{"start":{"line":117,"column":1},"end":{"line":117,"column":58}}},"branchMap":{"1":{"line":4,"type":"cond-expr","locations":[{"start":{"line":4,"column":46},"end":{"line":4,"column":52}},{"start":{"line":4,"column":55},"end":{"line":4,"column":61}}]},"2":{"line":22,"type":"if","locations":[{"start":{"line":22,"column":1},"end":{"line":22,"column":1}},{"start":{"line":22,"column":1},"end":{"line":22,"column":1}}]},"3":{"line":37,"type":"if","locations":[{"start":{"line":37,"column":1},"end":{"line":37,"column":1}},{"start":{"line":37,"column":1},"end":{"line":37,"column":1}}]},"4":{"line":53,"type":"if","locations":[{"start":{"line":53,"column":1},"end":{"line":53,"column":1}},{"start":{"line":53,"column":1},"end":{"line":53,"column":1}}]},"5":{"line":71,"type":"binary-expr","locations":[{"start":{"line":71,"column":40},"end":{"line":71,"column":45}},{"start":{"line":71,"column":49},"end":{"line":71,"column":50}}]},"6":{"line":82,"type":"cond-expr","locations":[{"start":{"line":82,"column":26},"end":{"line":82,"column":28}},{"start":{"line":82,"column":31},"end":{"line":82,"column":33}}]},"7":{"line":91,"type":"if","locations":[{"start":{"line":91,"column":1},"end":{"line":91,"column":1}},{"start":{"line":91,"column":1},"end":{"line":91,"column":1}}]},"8":{"line":93,"type":"if","locations":[{"start":{"line":93,"column":3},"end":{"line":93,"column":3}},{"start":{"line":93,"column":3},"end":{"line":93,"column":3}}]},"9":{"line":99,"type":"if","locations":[{"start":{"line":99,"column":3},"end":{"line":99,"column":3}},{"start":{"line":99,"column":3},"end":{"line":99,"column":3}}]},"10":{"line":100,"type":"if","locations":[{"start":{"line":100,"column":4},"end":{"line":100,"column":4}},{"start":{"line":100,"column":4},"end":{"line":100,"column":4}}]},"11":{"line":109,"type":"binary-expr","locations":[{"start":{"line":109,"column":9},"end":{"line":109,"column":20}},{"start":{"line":109,"column":24},"end":{"line":109,"column":48}},{"start":{"line":109,"column":52},"end":{"line":109,"column":81}}]},"12":{"line":113,"type":"binary-expr","locations":[{"start":{"line":113,"column":8},"end":{"line":113,"column":11}},{"start":{"line":113,"column":15},"end":{"line":113,"column":60}}]},"13":{"line":117,"type":"binary-expr","locations":[{"start":{"line":117,"column":8},"end":{"line":117,"column":11}},{"start":{"line":117,"column":15},"end":{"line":117,"column":58}}]}},"code":["var assign = make_assign()","var create = make_create()","var trim = make_trim()","var Global = (typeof window !== 'undefined' ? window : global)","","module.exports = {","\tassign: assign,","\tcreate: create,","\ttrim: trim,","\tbind: bind,","\tslice: slice,","\teac
[...]
   any JavaScript value, usually an object or array.","//          replacer    an optional parameter that determines how object","//                      values are stringified for objects. It can be a","//                      function or an array of strings.","//          space       an optional parameter that specifies the indentation","//                      of nested structures. If it is omitted, the text will","//                      be packed without extra whitespace. If it is a number,","//                      it will specify the number of spaces to indent at each","//                      level. If it is a string (such as \"\\t\" or \"&nbsp;\"),","//                      it contains the characters used to indent at each level.","//          This method produces a JSON text from a JavaScript value.","//          When an object value is found, if the object contains a toJSON","//          method, its toJSON method will be called and the result will be","//          stringified. A toJSON method does not serialize: it returns the","//          value represented by the name/value pair that should be serialized,","//          or undefined if nothing should be serialized. The toJSON method","//          will be passed the key associated with the value, and this will be","//          bound to the value.","","//          For example, this would serialize Dates as ISO strings.","","//              Date.prototype.toJSON = function (key) {","//                  function f(n) {","//                      // Format integers to have at least two digits.","//                      return (n < 10)","//                          ? \"0\" + n","//                          : n;","//                  }","//                  return this.getUTCFullYear()   + \"-\" +","//                       f(this.getUTCMonth() + 1) + \"-\" +","//                       f(this.getUTCDate())      + \"T\" +","//                       f(this.getUTCHours())     + \":\" +","//                       f(this.getUTCMinutes())   + \":\" +","//                       f(this.getUTCSeconds())   + \"Z\";","//              };","","//          You can provide an optional replacer method. It will be passed the","//          key and value of each member, with this bound to the containing","//          object. The value that is returned from your method will be","//          serialized. If your method returns undefined, then the member will","//          be excluded from the serialization.","","//          If the replacer parameter is an array of strings, then it will be","//          used to select the members to be serialized. It filters the results","//          such that only members with keys listed in the replacer array are","//          stringified.","","//          Values that do not have JSON representations, such as undefined or","//          functions, will not be serialized. Such values in objects will be","//          dropped; in arrays they will be replaced with null. You can use","//          a replacer function to replace those with JSON values.","","//          JSON.stringify(undefined) returns undefined.","","//          The optional space parameter produces a stringification of the","//          value that is filled with line breaks and indentation to make it","//          easier to read.","","//          If the space parameter is a non-empty string, then that string will","//          be used for indentation. If the space parameter is a number, then","//          the indentation will be that many spaces.","","//          Example:","","//          text = JSON.stringify([\"e\", {pluribus: \"unum\"}]);","//          // text is '[\"e\",{\"pluribus\":\"unum\"}]'","","//          text = JSON.stringify([\"e\", {pluribus: \"unum\"}], null, \"\\t\");","//          // text is '[\\n\\t\"e\",\\n\\t{\\n\\t\\t\"pluribus\": \"unum\"\\n\\t}\\n]'","","//          text = JSON.stringify([new Date()], function (key, value) {","//              return this[key] instanceof Date","//                  ? \"Date(\" + this[key] + \")\"","//                  : value;","//          });","//          // text is '[\"Date(---current time---)\"]'","","//      JSON.parse(text, reviver)","//          This method parses a JSON text to produce an object or array.","//          It can throw a SyntaxError exception.","","//          The optional reviver parameter is a function that can filter and","//          transform the results. It receives each of the keys and values,","//          and its return value is used instead of the original value.","//          If it returns what it received, then the structure is not modified.","//          If it returns undefined then the member is deleted.","","//          Example:","","//          // Parse the text. Values that look like ISO date strings will","//          // be converted to Date objects.","","//          myData = JSON.parse(text, function (key, value) {","//              var a;","//              if (typeof value === \"string\") {","//                  a =","//   /^(\\d{4})-(\\d{2})-(\\d{2})T(\\d{2}):(\\d{2}):(\\d{2}(?:\\.\\d*)?)Z$/.exec(value);","//                  if (a) {","//                      return new Date(Date.UTC(+a[1], +a[2] - 1, +a[3], +a[4],","//                          +a[5], +a[6]));","//                  }","//              }","//              return value;","//          });","","//          myData = JSON.parse('[\"Date(09/09/2001)\"]', function (key, value) {","//              var d;","//              if (typeof value === \"string\" &&","//                      value.slice(0, 5) === \"Date(\" &&","//                      value.slice(-1) === \")\") {","//                  d = new Date(value.slice(5, -1));","//                  if (d) {","//                      return d;","//                  }","//              }","//              return value;","//          });","","//  This is a reference implementation. You are free to copy, modify, or","//  redistribute.","","/*jslint","    eval, for, this","*/","","/*property","    JSON, apply, call, charCodeAt, getUTCDate, getUTCFullYear, getUTCHours,","    getUTCMinutes, getUTCMonth, getUTCSeconds, hasOwnProperty, join,","    lastIndex, length, parse, prototype, push, replace, slice, stringify,","    test, toJSON, toString, valueOf","*/","","","// Create a JSON object only if one does not already exist. We create the","// methods in a closure to avoid creating global variables.","","if (typeof JSON !== \"object\") {","    JSON = {};","}","","(function () {","    \"use strict\";","","    var rx_one = /^[\\],:{}\\s]*$/;","    var rx_two = /\\\\(?:[\"\\\\\\/bfnrt]|u[0-9a-fA-F]{4})/g;","    var rx_three = /\"[^\"\\\\\\n\\r]*\"|true|false|null|-?\\d+(?:\\.\\d*)?(?:[eE][+\\-]?\\d+)?/g;","    var rx_four = /(?:^|:|,)(?:\\s*\\[)+/g;","    var rx_escapable = /[\\\\\"\\u0000-\\u001f\\u007f-\\u009f\\u00ad\\u0600-\\u0604\\u070f\\u17b4\\u17b5\\u200c-\\u200f\\u2028-\\u202f\\u2060-\\u206f\\ufeff\\ufff0-\\uffff]/g;","    var rx_dangerous = /[\\u0000\\u00ad\\u0600-\\u0604\\u070f\\u17b4\\u17b5\\u200c-\\u200f\\u2028-\\u202f\\u2060-\\u206f\\ufeff\\ufff0-\\uffff]/g;","","    function f(n) {","        // Format integers to have at least two digits.","        return n < 10","            ? \"0\" + n","            : n;","    }","","    function this_value() {","        return this.valueOf();","    }","","    if (typeof Date.prototype.toJSON !== \"function\") {","","        Date.prototype.toJSON = function () {","","            return isFinite(this.valueOf())","                ? this.getUTCFullYear() + \"-\" +","                        f(this.getUTCMonth() + 1) + \"-\" +","                        f(this.getUTCDate()) + \"T\" +","                        f(this.getUTCHours()) + \":\" +","                        f(this.getUTCMinutes()) + \":\" +","                        f(this.getUTCSeconds()) + \"Z\"","                : null;","        };","","        Boolean.prototype.toJSON = this_value;","        Number.prototype.toJSON = this_value;","        String.prototype.toJSON = this_value;","    }","","    var gap;","    var indent;","    var meta;","    var rep;","","","    function quote(string) {","","// If the string contains no control characters, no quote characters, and no","// backslash characters, then we can safely slap some quotes around it.","// Otherwise we must also replace the offending characters with safe escape","// sequences.","","        rx_escapable.lastIndex = 0;","        return rx_escapable.test(string)","            ? \"\\\"\" + string.replace(rx_escapable, function (a) {","                var c = meta[a];","                return typeof c === \"string\"","                    ? c","                    : \"\\\\u\" + (\"0000\" + a.charCodeAt(0).toString(16)).slice(-4);","            }) + \"\\\"\"","            : \"\\\"\" + string + \"\\\"\";","    }","","","    function str(key, holder) {","","// Produce a string from holder[key].","","        var i;          // The loop counter.","        var k;          // The member key.","        var v;          // The member value.","        var length;","        var mind = gap;","        var partial;","        var value = holder[key];","","// If the value has a toJSON method, call it to obtain a replacement value.","","        if (value && typeof value === \"object\" &&","                typeof value.toJSON === \"function\") {","            value = value.toJSON(key);","        }","","// If we were called with a replacer function, then call the replacer to","// obtain a replacement value.","","        if (typeof rep === \"function\") {","            value = rep.call(holder, key, value);","        }","","// What happens next depends on the value's type.","","        switch (typeof value) {","        case \"string\":","            return quote(value);","","        case \"number\":","","// JSON numbers must be finite. Encode non-finite numbers as null.","","            return isFinite(value)","                ? String(value)","                : \"null\";","","        case \"boolean\":","        case \"null\":","","// If the value is a boolean or null, convert it to a string. Note:","// typeof null does not produce \"null\". The case is included here in","// the remote chance that this gets fixed someday.","","            return String(value);","","// If the type is \"object\", we might be dealing with an object or an array or","// null.","","        case \"object\":","","// Due to a specification blunder in ECMAScript, typeof null is \"object\",","// so watch out for that case.","","            if (!value) {","                return \"null\";","            }","","// Make an array to hold the partial results of stringifying this object value.","","            gap += indent;","            partial = [];","","// Is the value an array?","","            if (Object.prototype.toString.apply(value) === \"[object Array]\") {","","// The value is an array. Stringify every element. Use null as a placeholder","// for non-JSON values.","","                length = value.length;","                for (i = 0; i < length; i += 1) {","                    partial[i] = str(i, value) || \"null\";","                }","","// Join all of the elements together, separated with commas, and wrap them in","// brackets.","","                v = partial.length === 0","                    ? \"[]\"","                    : gap","                        ? \"[\\n\" + gap + partial.join(\",\\n\" + gap) + \"\\n\" + mind + \"]\"","                        : \"[\" + partial.join(\",\") + \"]\";","                gap = mind;","                return v;","            }","","// If the replacer is an array, use it to select the members to be stringified.","","            if (rep && typeof rep === \"object\") {","                length = rep.length;","                for (i = 0; i < length; i += 1) {","                    if (typeof rep[i] === \"string\") {","                        k = rep[i];","                        v = str(k, value);","                        if (v) {","                            partial.push(quote(k) + (","                                gap","                                    ? \": \"","                                    : \":\"","                            ) + v);","                        }","                    }","                }","            } else {","","// Otherwise, iterate through all of the keys in the object.","","                for (k in value) {","                    if (Object.prototype.hasOwnProperty.call(value, k)) {","                        v = str(k, value);","                        if (v) {","                            partial.push(quote(k) + (","                                gap","                                    ? \": \"","                                    : \":\"","                            ) + v);","                        }","                    }","                }","            }","","// Join all of the member texts together, separated with commas,","// and wrap them in braces.","","            v = partial.length === 0","                ? \"{}\"","                : gap","                    ? \"{\\n\" + gap + partial.join(\",\\n\" + gap) + \"\\n\" + mind + \"}\"","                    : \"{\" + partial.join(\",\") + \"}\";","            gap = mind;","            return v;","        }","    }","","// If the JSON object does not yet have a stringify method, give it one.","","    if (typeof JSON.stringify !== \"function\") {","        meta = {    // table of character substitutions","            \"\\b\": \"\\\\b\",","            \"\\t\": \"\\\\t\",","            \"\\n\": \"\\\\n\",","            \"\\f\": \"\\\\f\",","            \"\\r\": \"\\\\r\",","            \"\\\"\": \"\\\\\\\"\",","            \"\\\\\": \"\\\\\\\\\"","        };","        JSON.stringify = function (value, replacer, space) {","","// The stringify method takes a value and an optional replacer, and an optional","// space parameter, and returns a JSON text. The replacer can be a function","// that can replace values, or an array of strings that will select the keys.","// A default replacer method can be provided. Use of the space parameter can","// produce text that is more easily readable.","","            var i;","            gap = \"\";","            indent = \"\";","","// If the space parameter is a number, make an indent string containing that","// many spaces.","","            if (typeof space === \"number\") {","                for (i = 0; i < space; i += 1) {","                    indent += \" \";","                }","","// If the space parameter is a string, it will be used as the indent string.","","            } else if (typeof space === \"string\") {","                indent = space;","            }","","// If there is a replacer, it must be a function or an array.","// Otherwise, throw an error.","","            rep = replacer;","            if (replacer && typeof replacer !== \"function\" &&","                    (typeof replacer !== \"object\" ||","                    typeof replacer.length !== \"number\")) {","                throw new Error(\"JSON.stringify\");","            }","","// Make a fake root object containing our value under the key of \"\".","// Return the result of stringifying the value.","","            return str(\"\", {\"\": value});","        };","    }","","","// If the JSON object does not yet have a parse method, give it one.","","    if (typeof JSON.parse !== \"function\") {","        JSON.parse = function (text, reviver) {","","// The parse method takes a text and an optional reviver function, and returns","// a JavaScript value if the text is a valid JSON text.","","            var j;","","            function walk(holder, key) {","","// The walk method is used to recursively walk the resulting structure so","// that modifications can be made.","","                var k;","                var v;","                var value = holder[key];","                if (value && typeof value === \"object\") {","                    for (k in value) {","                        if (Object.prototype.hasOwnProperty.call(value, k)) {","                            v = walk(value, k);","                            if (v !== undefined) {","                                value[k] = v;","                            } else {","                                delete value[k];","                            }","                        }","                    }","                }","                return reviver.call(holder, key, value);","            }","","","// Parsing happens in four stages. In the first stage, we replace certain","// Unicode characters with escape sequences. JavaScript handles many characters","// incorrectly, either silently deleting them, or treating them as line endings.","","            text = String(text);","            rx_dangerous.lastIndex = 0;","            if (rx_dangerous.test(text)) {","                text = text.replace(rx_dangerous, function (a) {","                    return \"\\\\u\" +","                            (\"0000\" + a.charCodeAt(0).toString(16)).slice(-4);","                });","            }","","// In the second stage, we run the text against regular expressions that look","// for non-JSON patterns. We are especially concerned with \"()\" and \"new\"","// because they can cause invocation, and \"=\" because it can cause mutation.","// But just to be safe, we want to reject all unexpected forms.","","// We split the second stage into 4 regexp operations in order to work around","// crippling inefficiencies in IE's and Safari's regexp engines. First we","// replace the JSON backslash pairs with \"@\" (a non-JSON character). Second, we","// replace all simple value tokens with \"]\" characters. Third, we delete all","// open brackets that follow a colon or comma or that begin the text. Finally,","// we look to see that the remaining characters are only whitespace or \"]\" or","// \",\" or \":\" or \"{\" or \"}\". If that is so, then the text is safe for eval.","","            if (","                rx_one.test(","                    text","                        .replace(rx_two, \"@\")","                        .replace(rx_three, \"]\")","                        .replace(rx_four, \"\")","                )","            ) {","","// In the third stage we use the eval function to compile the text into a","// JavaScript structure. The \"{\" operator is subject to a syntactic ambiguity","// in JavaScript: it can begin a block or an object literal. We wrap the text","// in parens to eliminate the ambiguity.","","                j = eval(\"(\" + text + \")\");","","// In the optional fourth stage, we recursively walk the new structure, passing","// each name/value pair to a reviver function for possible transformation.","","                return (typeof reviver === \"function\")","                    ? walk({\"\": j}, \"\")","                    : j;","            }","","// If the text is not JSON parseable, then a SyntaxError is thrown.","","            throw new SyntaxError(\"JSON.parse\");","        };","    }","}());"],"l":{"154":1,"155":0,"158":1,"161":1,"162":1,"163":1,"164":1,"165":1,"166":1,"168":1,"170":0,"175":1,"176":0,"179":1,"181":0,"183":0,"193":0,"194":0,"195":0,"198":1,"199":1,"200":1,"201":1,"204":1,"211":0,"212":0,"214":0,"215":0,"223":1,"227":0,"228":0,"229":0,"230":0,"231":0,"232":0,"233":0,"237":0,"239":0,"245":0,"246":0,"251":0,"253":0,"259":0,"270":0,"280":0,"281":0,"286":0,"287":0,"291":0,"296":0,"297":0,"298":0,"304":0,"309":0,"310":0,"315":0,"316":0,"317":0,"318":0,"319":0,"320":0,"321":0,"322":0,"334":0,"335":0,"336":0,"337":0,"338":0,"351":0,"356":0,"357":0,"363":1,"364":0,"373":0,"381":0,"382":0,"383":0,"388":0,"389":0,"390":0,"395":0,"396":0,"402":0,"403":0,"406":0,"412":0,"419":1,"420":0,"425":0,"427":1,"432":0,"433":0,"434":0,"435":0,"436":0,"437":0,"438":0,"439":0,"440":0,"442":0,"447":0,"455":0,"456":0,"457":0,"458":0,"459":0,"477":0,"491":0,"496":0,"503":0}}}