{"/home/travis/build/npmtest/node-npmtest-store/test.js":{"path":"/home/travis/build/npmtest/node-npmtest-store/test.js","s":{"1":2,"2":2,"3":2,"4":2,"5":2,"6":2,"7":2,"8":1,"9":2,"10":2,"11":1,"12":1,"13":1,"14":1,"15":2,"16":2,"17":2,"18":2,"19":1,"20":1,"21":2,"22":2,"23":2,"24":1,"25":1,"26":1,"27":1,"28":1,"29":1,"30":1,"31":1,"32":1,"33":1,"34":1,"35":1,"36":1,"37":1,"38":1,"39":2,"40":2,"41":1,"42":2,"43":2,"44":1,"45":2,"46":2,"47":1,"48":2,"49":2,"50":1,"51":1,"52":1,"53":1,"54":1},"b":{"1":[2,1,1,1],"2":[1,1,1,1],"3":[1,1],"4":[1,1],"5":[1,1],"6":[1,1],"7":[1,1],"8":[1,1],"9":[1,1],"10":[1,1,1],"11":[1,1],"12":[1,1],"13":[1,1],"14":[1,1],"15":[1,1],"16":[1,1],"17":[1,1]},"f":{"1":2,"2":2,"3":2,"4":2,"5":2,"6":1,"7":1,"8":1,"9":2,"10":2,"11":2,"12":2,"13":1},"fnMap":{"1":{"name":"(anonymous_1)","line":12,"loc":{"start":{"line":12,"column":1},"end":{"line":12,"column":13}}},"2":{"name":"(anonymous_2)","line":19,"loc":{"start":{"line":19,"column":5},"end":{"line":19,"column":17}}},"3":{"name":"(anonymous_3)","line":23,"loc":{"start":{"line":23,"column":24},"end":{"line":23,"column":36}}},"4":{"name":"(anonymous_4)","line":61,"loc":{"start":{"line":61,"column":5},"end":{"line":61,"column":17}}},"5":{"name":"(anonymous_5)","line":82,"loc":{"start":{"line":82,"column":5},"end":{"line":82,"column":17}}},"6":{"name":"(anonymous_6)","line":91,"loc":{"start":{"line":91,"column":77},"end":{"line":94,"column":10}}},"7":{"name":"(anonymous_7)","line":112,"loc":{"start":{"line":112,"column":83},"end":{"line":115,"column":10}},"skip":true},"8":{"name":"(anonymous_8)","line":123,"loc":{"start":{"line":123,"column":77},"end":{"line":126,"column":10}},"skip":true},"9":{"name":"(anonymous_9)","line":139,"loc":{"start":{"line":139,"column":12},"end":{"line":139,"column":40}},"skip":true},"10":{"name":"(anonymous_10)","line":147,"loc":{"start":{"line":147,"column":77},"end":{"line":150,"column":10}},"skip":true},"11":{"name":"(anonymous_11)","line":158,"loc":{"start":{"line":158,"column":83},"end":{"line":161,"column":10}},"skip":true},"12":{"name":"(anonymous_12)","line":169,"loc":{"start":{"line":169,"column":79},"end":{"line":172,"column":10}},"skip":true},"13":{"name":"(anonymous_13)","line":180,"loc":{"start":{"line":180,"column":75},"end":{"line":183,"column":10}},"skip":true}},"statementMap":{"1":{"start":{"line":12,"column":0},"end":{"line":195,"column":5}},"2":{"start":{"line":14,"column":4},"end":{"line":14,"column":14}},"3":{"start":{"line":19,"column":4},"end":{"line":56,"column":9}},"4":{"start":{"line":21,"column":8},"end":{"line":21,"column":19}},"5":{"start":{"line":23,"column":8},"end":{"line":35,"column":13}},"6":{"start":{"line":24,"column":12},"end":{"line":34,"column":13}},"7":{"start":{"line":25,"column":16},"end":{"line":28,"column":30}},"8":{"start":{"line":30,"column":16},"end":{"line":33,"column":27}},"9":{"start":{"line":37,"column":8},"end":{"line":39,"column":21}},"10":{"start":{"line":40,"column":8},"end":{"line":53,"column":9}},"11":{"start":{"line":43,"column":12},"end":{"line":46,"column":14}},"12":{"start":{"line":47,"column":12},"end":{"line":47,"column":18}},"13":{"start":{"line":50,"column":12},"end":{"line":51,"column":33}},"14":{"start":{"line":52,"column":12},"end":{"line":52,"column":18}},"15":{"start":{"line":55,"column":8},"end":{"line":55,"column":35}},"16":{"start":{"line":61,"column":4},"end":{"line":63,"column":9}},"17":{"start":{"line":62,"column":8},"end":{"line":62,"column":15}},"18":{"start":{"line":64,"column":4},"end":{"line":77,"column":5}},"19":{"start":{"line":70,"column":8},"end":{"line":70,"column":14}},"20":{"start":{"line":76,"column":8},"end":{"line":76,"column":14}},"21":{"start":{"line":82,"column":4},"end":{"line":84,"column":9}},"22":{"start":{"line":83,"column":8},"end":{"line":83,"column":15}},"23":{"start":{"line":85,"column":4},"end":{"line":194,"column":5}},"24":{"start":{"line":91,"column":8},"end":{"line":99,"column":10}},"25":{"start":{"line":98,"column":12},"end":{"line":98,"column":35}},"26":{"start":{"line":102,"column":8},"end":{"line":104,"column":63}},"27":{"start":{"line":105,"column":8},"end":{"line":105,"column":14}},"28":{"start":{"line":112,"column":8},"end":{"line":121,"column":10},"skip":true},"29":{"start":{"line":119,"column":12},"end":{"line":119,"column":55},"skip":true},"30":{"start":{"line":120,"column":12},"end":{"line":120,"column":48},"skip":true},"31":{"start":{"line":123,"column":8},"end":{"line":136,"column":10},"skip":true},"32":{"start":{"line":130,"column":12},"end":{"line":130,"column":76},"skip":true},"33":{"start":{"line":131,"column":12},"end":{"line":131,"column":73},"skip":true},"34":{"start":{"line":132,"column":12},"end":{"line":132,"column":74},"skip":true},"35":{"start":{"line":133,"column":12},"end":{"line":133,"column":79},"skip":true},"36":{"start":{"line":134,"column":12},"end":{"line":134,"column":25},"skip":true},"37":{"start":{"line":135,"column":12},"end":{"line":135,"column":45},"skip":true},"38":{"start":{"line":138,"column":8},"end":{"line":145,"column":14},"skip":true},"39":{"start":{"line":143,"column":16},"end":{"line":143,"column":29},"skip":true},"40":{"start":{"line":144,"column":16},"end":{"line":144,"column":55},"skip":true},"41":{"start":{"line":147,"column":8},"end":{"line":156,"column":10},"skip":true},"42":{"start":{"line":154,"column":12},"end":{"line":154,"column":25},"skip":true},"43":{"start":{"line":155,"column":12},"end":{"line":155,"column":45},"skip":true},"44":{"start":{"line":158,"column":8},"end":{"line":167,"column":10},"skip":true},"45":{"start":{"line":165,"column":12},"end":{"line":165,"column":25},"skip":true},"46":{"start":{"line":166,"column":12},"end":{"line":166,"column":48},"skip":true},"47":{"start":{"line":169,"column":8},"end":{"line":178,"column":10},"skip":true},"48":{"start":{"line":176,"column":12},"end":{"line":176,"column":25},"skip":true},"49":{"start":{"line":177,"column":12},"end":{"line":177,"column":46},"skip":true},"50":{"start":{"line":180,"column":8},"end":{"line":189,"column":10},"skip":true},"51":{"start":{"line":187,"column":12},"end":{"line":187,"column":94},"skip":true},"52":{"start":{"line":188,"column":12},"end":{"line":188,"column":48},"skip":true},"53":{"start":{"line":192,"column":8},"end":{"line":192,"column":35},"skip":true},"54":{"start":{"line":193,"column":8},"end":{"line":193,"column":14},"skip":true}},"branchMap":{"1":{"line":25,"type":"binary-expr","locations":[{"start":{"line":25,"column":23},"end":{"line":25,"column":62}},{"start":{"line":26,"column":20},"end":{"line":26,"column":70}},{"start":{"line":27,"column":20},"end":{"line":27,"column":71}},{"start":{"line":28,"column":20},"end":{"line":28,"column":29}}]},"2":{"line":30,"type":"binary-expr","locations":[{"start":{"line":30,"column":23},"end":{"line":30,"column":37}},{"start":{"line":31,"column":20},"end":{"line":31,"column":61}},{"start":{"line":32,"column":20},"end":{"line":32,"column":70}},{"start":{"line":33,"column":20},"end":{"line":33,"column":26}}]},"3":{"line":37,"type":"cond-expr","locations":[{"start":{"line":38,"column":14},"end":{"line":38,"column":20}},{"start":{"line":39,"column":14},"end":{"line":39,"column":20}}]},"4":{"line":40,"type":"switch","locations":[{"start":{"line":42,"column":8},"end":{"line":47,"column":18}},{"start":{"line":49,"column":8},"end":{"line":52,"column":18}}]},"5":{"line":44,"type":"binary-expr","locations":[{"start":{"line":44,"column":16},"end":{"line":44,"column":44}},{"start":{"line":44,"column":48},"end":{"line":44,"column":66}}]},"6":{"line":50,"type":"binary-expr","locations":[{"start":{"line":50,"column":21},"end":{"line":50,"column":49}},{"start":{"line":50,"column":53},"end":{"line":50,"column":72}}]},"7":{"line":64,"type":"switch","locations":[{"start":{"line":69,"column":4},"end":{"line":70,"column":14}},{"start":{"line":75,"column":4},"end":{"line":76,"column":14}}]},"8":{"line":85,"type":"switch","locations":[{"start":{"line":90,"column":4},"end":{"line":105,"column":14}},{"start":{"line":111,"column":4},"end":{"line":193,"column":14},"skip":true}]},"9":{"line":91,"type":"binary-expr","locations":[{"start":{"line":91,"column":42},"end":{"line":91,"column":73}},{"start":{"line":91,"column":77},"end":{"line":99,"column":9}}]},"10":{"line":102,"type":"binary-expr","locations":[{"start":{"line":102,"column":18},"end":{"line":102,"column":32}},{"start":{"line":103,"column":12},"end":{"line":103,"column":53}},{"start":{"line":104,"column":12},"end":{"line":104,"column":61}}]},"11":{"line":112,"type":"binary-expr","locations":[{"start":{"line":112,"column":45},"end":{"line":112,"column":79},"skip":true},{"start":{"line":112,"column":83},"end":{"line":121,"column":9},"skip":true}]},"12":{"line":123,"type":"binary-expr","locations":[{"start":{"line":123,"column":42},"end":{"line":123,"column":73},"skip":true},{"start":{"line":123,"column":77},"end":{"line":136,"column":9},"skip":true}]},"13":{"line":138,"type":"binary-expr","locations":[{"start":{"line":138,"column":48},"end":{"line":138,"column":85},"skip":true},{"start":{"line":139,"column":12},"end":{"line":145,"column":13},"skip":true}]},"14":{"line":147,"type":"binary-expr","locations":[{"start":{"line":147,"column":42},"end":{"line":147,"column":73},"skip":true},{"start":{"line":147,"column":77},"end":{"line":156,"column":9},"skip":true}]},"15":{"line":158,"type":"binary-expr","locations":[{"start":{"line":158,"column":45},"end":{"line":158,"column":79},"skip":true},{"start":{"line":158,"column":83},"end":{"line":167,"column":9},"skip":true}]},"16":{"line":169,"type":"binary-expr","locations":[{"start":{"line":169,"column":43},"end":{"line":169,"column":75},"skip":true},{"start":{"line":169,"column":79},"end":{"line":178,"column":9},"skip":true}]},"17":{"line":180,"type":"binary-expr","locations":[{"start":{"line":180,"column":41},"end":{"line":180,"column":71},"skip":true},{"start":{"line":180,"column":75},"end":{"line":189,"column":9},"skip":true}]}},"code":["/* istanbul instrument in package npmtest_store */","/*jslint","    bitwise: true,","    browser: true,","    maxerr: 8,","    maxlen: 96,","    node: true,","    nomen: true,","    regexp: true,","    stupid: true","*/","(function () {","    'use strict';","    var local;","","","","    // run shared js-env code - pre-init","    (function () {","        // init local","        local = {};","        // init modeJs","        local.modeJs = (function () {","            try {","                return typeof navigator.userAgent === 'string' &&","                    typeof document.querySelector('body') === 'object' &&","                    typeof XMLHttpRequest.prototype.open === 'function' &&","                    'browser';","            } catch (errorCaughtBrowser) {","                return module.exports &&","                    typeof process.versions.node === 'string' &&","                    typeof require('http').createServer === 'function' &&","                    'node';","            }","        }());","        // init global","        local.global = local.modeJs === 'browser'","            ? window","            : global;","        switch (local.modeJs) {","        // re-init local from window.local","        case 'browser':","            local = local.global.utility2.objectSetDefault(","                local.global.utility2_rollup || local.global.local,","                local.global.utility2","            );","            break;","        // re-init local from example.js","        case 'node':","            local = (local.global.utility2_rollup || require('utility2'))","                .requireReadme();","            break;","        }","        // export local","        local.global.local = local;","    }());","","","","    // run shared js-env code - function","    (function () {","        return;","    }());","    switch (local.modeJs) {","","","","    // run browser js-env code - function","    case 'browser':","        break;","","","","    // run node js-env code - function","    case 'node':","        break;","    }","","","","    // run shared js-env code - post-init","    (function () {","        return;","    }());","    switch (local.modeJs) {","","","","    // run browser js-env code - post-init","    case 'browser':","        local.testCase_browser_nullCase = local.testCase_browser_nullCase || function (","            options,","            onError","        ) {","        /*","         * this function will test browsers's null-case handling-behavior-behavior","         */","            onError(null, options);","        };","","        // run tests","        local.nop(local.modeTest &&","            document.querySelector('#testRunButton1') &&","            document.querySelector('#testRunButton1').click());","        break;","","","","    // run node js-env code - post-init","    /* istanbul ignore next */","    case 'node':","        local.testCase_buildApidoc_default = local.testCase_buildApidoc_default || function (","            options,","            onError","        ) {","        /*","         * this function will test buildApidoc's default handling-behavior-behavior","         */","            options = { modulePathList: module.paths };","            local.buildApidoc(options, onError);","        };","","        local.testCase_buildApp_default = local.testCase_buildApp_default || function (","            options,","            onError","        ) {","        /*","         * this function will test buildApp's default handling-behavior-behavior","         */","            local.testCase_buildReadme_default(options, local.onErrorThrow);","            local.testCase_buildLib_default(options, local.onErrorThrow);","            local.testCase_buildTest_default(options, local.onErrorThrow);","            local.testCase_buildCustomOrg_default(options, local.onErrorThrow);","            options = [];","            local.buildApp(options, onError);","        };","","        local.testCase_buildCustomOrg_default = local.testCase_buildCustomOrg_default ||","            function (options, onError) {","            /*","             * this function will test buildCustomOrg's default handling-behavior","             */","                options = {};","                local.buildCustomOrg(options, onError);","            };","","        local.testCase_buildLib_default = local.testCase_buildLib_default || function (","            options,","            onError","        ) {","        /*","         * this function will test buildLib's default handling-behavior","         */","            options = {};","            local.buildLib(options, onError);","        };","","        local.testCase_buildReadme_default = local.testCase_buildReadme_default || function (","            options,","            onError","        ) {","        /*","         * this function will test buildReadme's default handling-behavior-behavior","         */","            options = {};","            local.buildReadme(options, onError);","        };","","        local.testCase_buildTest_default = local.testCase_buildTest_default || function (","            options,","            onError","        ) {","        /*","         * this function will test buildTest's default handling-behavior","         */","            options = {};","            local.buildTest(options, onError);","        };","","        local.testCase_webpage_default = local.testCase_webpage_default || function (","            options,","            onError","        ) {","        /*","         * this function will test webpage's default handling-behavior","         */","            options = { modeCoverageMerge: true, url: local.serverLocalHost + '?modeTest=1' };","            local.browserTest(options, onError);","        };","","        // run test-server","        local.testRunServer(local);","        break;","    }","}());",""],"l":{"12":2,"14":2,"19":2,"21":2,"23":2,"24":2,"25":2,"30":1,"37":2,"40":2,"43":1,"47":1,"50":1,"52":1,"55":2,"61":2,"62":2,"64":2,"70":1,"76":1,"82":2,"83":2,"85":2,"91":1,"98":1,"102":1,"105":1,"112":1,"119":1,"120":1,"123":1,"130":1,"131":1,"132":1,"133":1,"134":1,"135":1,"138":1,"143":2,"144":2,"147":1,"154":2,"155":2,"158":1,"165":2,"166":2,"169":1,"176":2,"177":2,"180":1,"187":1,"188":1,"192":1,"193":1}},"/home/travis/build/npmtest/node-npmtest-store/lib.npmtest_store.js":{"path":"/home/travis/build/npmtest/node-npmtest-store/lib.npmtest_store.js","s":{"1":2,"2":2,"3":2,"4":2,"5":2,"6":2,"7":2,"8":1,"9":2,"10":2,"11":2,"12":2,"13":1,"14":1,"15":1,"16":1},"b":{"1":[2,1,1,1],"2":[1,1,1,1],"3":[1,1],"4":[2,2],"5":[1,1]},"f":{"1":2,"2":2,"3":2},"fnMap":{"1":{"name":"(anonymous_1)","line":12,"loc":{"start":{"line":12,"column":1},"end":{"line":12,"column":13}}},"2":{"name":"(anonymous_2)","line":19,"loc":{"start":{"line":19,"column":5},"end":{"line":19,"column":17}}},"3":{"name":"(anonymous_3)","line":23,"loc":{"start":{"line":23,"column":24},"end":{"line":23,"column":36}}}},"statementMap":{"1":{"start":{"line":12,"column":0},"end":{"line":53,"column":5}},"2":{"start":{"line":14,"column":4},"end":{"line":14,"column":14}},"3":{"start":{"line":19,"column":4},"end":{"line":52,"column":9}},"4":{"start":{"line":21,"column":8},"end":{"line":21,"column":19}},"5":{"start":{"line":23,"column":8},"end":{"line":35,"column":13}},"6":{"start":{"line":24,"column":12},"end":{"line":34,"column":13}},"7":{"start":{"line":25,"column":16},"end":{"line":28,"column":30}},"8":{"start":{"line":30,"column":16},"end":{"line":33,"column":27}},"9":{"start":{"line":37,"column":8},"end":{"line":39,"column":21}},"10":{"start":{"line":41,"column":8},"end":{"line":41,"column":54}},"11":{"start":{"line":43,"column":8},"end":{"line":43,"column":50}},"12":{"start":{"line":45,"column":8},"end":{"line":51,"column":9}},"13":{"start":{"line":46,"column":12},"end":{"line":46,"column":56}},"14":{"start":{"line":48,"column":12},"end":{"line":48,"column":35}},"15":{"start":{"line":49,"column":12},"end":{"line":49,"column":49}},"16":{"start":{"line":50,"column":12},"end":{"line":50,"column":43}}},"branchMap":{"1":{"line":25,"type":"binary-expr","locations":[{"start":{"line":25,"column":23},"end":{"line":25,"column":62}},{"start":{"line":26,"column":20},"end":{"line":26,"column":70}},{"start":{"line":27,"column":20},"end":{"line":27,"column":71}},{"start":{"line":28,"column":20},"end":{"line":28,"column":29}}]},"2":{"line":30,"type":"binary-expr","locations":[{"start":{"line":30,"column":23},"end":{"line":30,"column":37}},{"start":{"line":31,"column":20},"end":{"line":31,"column":61}},{"start":{"line":32,"column":20},"end":{"line":32,"column":70}},{"start":{"line":33,"column":20},"end":{"line":33,"column":26}}]},"3":{"line":37,"type":"cond-expr","locations":[{"start":{"line":38,"column":14},"end":{"line":38,"column":20}},{"start":{"line":39,"column":14},"end":{"line":39,"column":20}}]},"4":{"line":41,"type":"binary-expr","locations":[{"start":{"line":41,"column":16},"end":{"line":41,"column":44}},{"start":{"line":41,"column":48},"end":{"line":41,"column":53}}]},"5":{"line":45,"type":"if","locations":[{"start":{"line":45,"column":8},"end":{"line":45,"column":8}},{"start":{"line":45,"column":8},"end":{"line":45,"column":8}}]}},"code":["/* istanbul instrument in package npmtest_store */","/*jslint","    bitwise: true,","    browser: true,","    maxerr: 8,","    maxlen: 96,","    node: true,","    nomen: true,","    regexp: true,","    stupid: true","*/","(function () {","    'use strict';","    var local;","","","","    // run shared js-env code - pre-init","    (function () {","        // init local","        local = {};","        // init modeJs","        local.modeJs = (function () {","            try {","                return typeof navigator.userAgent === 'string' &&","                    typeof document.querySelector('body') === 'object' &&","                    typeof XMLHttpRequest.prototype.open === 'function' &&","                    'browser';","            } catch (errorCaughtBrowser) {","                return module.exports &&","                    typeof process.versions.node === 'string' &&","                    typeof require('http').createServer === 'function' &&","                    'node';","            }","        }());","        // init global","        local.global = local.modeJs === 'browser'","            ? window","            : global;","        // init utility2_rollup","        local = local.global.utility2_rollup || local;","        // init lib","        local.local = local.npmtest_store = local;","        // init exports","        if (local.modeJs === 'browser') {","            local.global.utility2_npmtest_store = local;","        } else {","            module.exports = local;","            module.exports.__dirname = __dirname;","            module.exports.module = module;","        }","    }());","}());",""],"l":{"12":2,"14":2,"19":2,"21":2,"23":2,"24":2,"25":2,"30":1,"37":2,"41":2,"43":2,"45":2,"46":1,"48":1,"49":1,"50":1}},"/home/travis/build/npmtest/node-npmtest-store/example.js":{"path":"/home/travis/build/npmtest/node-npmtest-store/example.js","s":{"1":2,"2":2,"3":2,"4":2,"5":2,"6":2,"7":2,"8":1,"9":2,"10":2,"11":2,"12":2,"13":1,"14":2,"15":2,"16":2,"17":2,"18":2,"19":0,"20":2,"21":1,"22":1,"23":1,"24":1,"25":1,"26":0,"27":0,"28":1,"29":1,"30":2,"31":0,"32":0,"33":0,"34":1,"35":2,"36":2,"37":3,"38":3,"39":3,"40":3,"41":0,"42":3,"43":3,"44":3,"45":1,"46":3,"47":1,"48":1,"49":1,"50":1,"51":1,"52":1,"53":1,"54":1,"55":1,"56":1,"57":0,"58":1,"59":6,"60":6,"61":1,"62":2,"63":0,"64":2,"65":1,"66":1,"67":0,"68":0,"69":0,"70":0,"71":0,"72":0,"73":0,"74":0,"75":0,"76":0,"77":0,"78":0,"79":0,"80":0,"81":0,"82":0,"83":0},"b":{"1":[2,1,1,1],"2":[1,1,1,1],"3":[1,1],"4":[2,2],"5":[1,1],"6":[1,1],"7":[2,0],"8":[2,1,1,1,1,1],"9":[0,2,0],"10":[1,1],"11":[2,1,1],"12":[1,0],"13":[0,2],"14":[2,0,0,0,0,0,0],"15":[0,3],"16":[3,0],"17":[1,1],"18":[0,1],"19":[1,2,0,2],"20":[1,0],"21":[1,1],"22":[0,0],"23":[0,0],"24":[0,0],"25":[0,0],"26":[0,0],"27":[0,0],"28":[0,0]},"f":{"1":2,"2":2,"3":2,"4":2,"5":2,"6":2,"7":3,"8":3,"9":3,"10":1,"11":6,"12":0},"fnMap":{"1":{"name":"(anonymous_1)","line":26,"loc":{"start":{"line":26,"column":1},"end":{"line":26,"column":13}}},"2":{"name":"(anonymous_2)","line":33,"loc":{"start":{"line":33,"column":5},"end":{"line":33,"column":17}}},"3":{"name":"(anonymous_3)","line":37,"loc":{"start":{"line":37,"column":24},"end":{"line":37,"column":36}}},"4":{"name":"(anonymous_4)","line":69,"loc":{"start":{"line":69,"column":31},"end":{"line":69,"column":48}},"skip":true},"5":{"name":"(anonymous_5)","line":78,"loc":{"start":{"line":78,"column":26},"end":{"line":78,"column":45}},"skip":true},"6":{"name":"(anonymous_6)","line":123,"loc":{"start":{"line":123,"column":33},"end":{"line":123,"column":48}},"skip":true},"7":{"name":"(anonymous_7)","line":125,"loc":{"start":{"line":125,"column":27},"end":{"line":125,"column":39}},"skip":true},"8":{"name":"(anonymous_8)","line":133,"loc":{"start":{"line":133,"column":59},"end":{"line":133,"column":74}},"skip":true},"9":{"name":"(anonymous_9)","line":143,"loc":{"start":{"line":143,"column":45},"end":{"line":143,"column":62}},"skip":true},"10":{"name":"(anonymous_10)","line":144,"loc":{"start":{"line":144,"column":73},"end":{"line":144,"column":92}},"skip":true},"11":{"name":"(anonymous_11)","line":272,"loc":{"start":{"line":272,"column":51},"end":{"line":272,"column":77}},"skip":true},"12":{"name":"(anonymous_12)","line":315,"loc":{"start":{"line":315,"column":32},"end":{"line":315,"column":61}},"skip":true}},"statementMap":{"1":{"start":{"line":26,"column":0},"end":{"line":326,"column":5}},"2":{"start":{"line":28,"column":4},"end":{"line":28,"column":14}},"3":{"start":{"line":33,"column":4},"end":{"line":60,"column":9}},"4":{"start":{"line":35,"column":8},"end":{"line":35,"column":19}},"5":{"start":{"line":37,"column":8},"end":{"line":49,"column":13}},"6":{"start":{"line":38,"column":12},"end":{"line":48,"column":13}},"7":{"start":{"line":39,"column":16},"end":{"line":42,"column":30}},"8":{"start":{"line":44,"column":16},"end":{"line":47,"column":27}},"9":{"start":{"line":51,"column":8},"end":{"line":53,"column":21}},"10":{"start":{"line":55,"column":8},"end":{"line":57,"column":45}},"11":{"start":{"line":59,"column":8},"end":{"line":59,"column":35}},"12":{"start":{"line":61,"column":4},"end":{"line":325,"column":5}},"13":{"start":{"line":69,"column":8},"end":{"line":121,"column":10},"skip":true},"14":{"start":{"line":70,"column":12},"end":{"line":88,"column":13},"skip":true},"15":{"start":{"line":76,"column":16},"end":{"line":87,"column":19},"skip":true},"16":{"start":{"line":79,"column":20},"end":{"line":86,"column":21},"skip":true},"17":{"start":{"line":82,"column":24},"end":{"line":82,"column":43},"skip":true},"18":{"start":{"line":83,"column":24},"end":{"line":83,"column":30},"skip":true},"19":{"start":{"line":85,"column":24},"end":{"line":85,"column":49},"skip":true},"20":{"start":{"line":89,"column":12},"end":{"line":107,"column":13},"skip":true},"21":{"start":{"line":92,"column":16},"end":{"line":102,"column":17},"skip":true},"22":{"start":{"line":93,"column":20},"end":{"line":93,"column":86},"skip":true},"23":{"start":{"line":94,"column":20},"end":{"line":95,"column":45},"skip":true},"24":{"start":{"line":96,"column":20},"end":{"line":96,"column":42},"skip":true},"25":{"start":{"line":97,"column":20},"end":{"line":97,"column":48},"skip":true},"26":{"start":{"line":100,"column":20},"end":{"line":100,"column":85},"skip":true},"27":{"start":{"line":101,"column":20},"end":{"line":101,"column":96},"skip":true},"28":{"start":{"line":103,"column":16},"end":{"line":103,"column":22},"skip":true},"29":{"start":{"line":106,"column":16},"end":{"line":106,"column":22},"skip":true},"30":{"start":{"line":108,"column":12},"end":{"line":120,"column":13},"skip":true},"31":{"start":{"line":114,"column":16},"end":{"line":119,"column":17},"skip":true},"32":{"start":{"line":116,"column":20},"end":{"line":116,"column":78},"skip":true},"33":{"start":{"line":118,"column":20},"end":{"line":118,"column":47},"skip":true},"34":{"start":{"line":123,"column":8},"end":{"line":141,"column":11},"skip":true},"35":{"start":{"line":124,"column":12},"end":{"line":124,"column":54},"skip":true},"36":{"start":{"line":125,"column":12},"end":{"line":140,"column":14},"skip":true},"37":{"start":{"line":126,"column":16},"end":{"line":126,"column":28},"skip":true},"38":{"start":{"line":127,"column":16},"end":{"line":127,"column":69},"skip":true},"39":{"start":{"line":128,"column":16},"end":{"line":128,"column":75},"skip":true},"40":{"start":{"line":129,"column":16},"end":{"line":131,"column":17},"skip":true},"41":{"start":{"line":130,"column":20},"end":{"line":130,"column":27},"skip":true},"42":{"start":{"line":133,"column":16},"end":{"line":137,"column":36},"skip":true},"43":{"start":{"line":134,"column":20},"end":{"line":136,"column":55},"skip":true},"44":{"start":{"line":139,"column":16},"end":{"line":139,"column":57},"skip":true},"45":{"start":{"line":143,"column":8},"end":{"line":147,"column":11},"skip":true},"46":{"start":{"line":144,"column":12},"end":{"line":146,"column":15},"skip":true},"47":{"start":{"line":145,"column":16},"end":{"line":145,"column":70},"skip":true},"48":{"start":{"line":149,"column":8},"end":{"line":149,"column":31},"skip":true},"49":{"start":{"line":150,"column":8},"end":{"line":150,"column":14},"skip":true},"50":{"start":{"line":158,"column":8},"end":{"line":158,"column":31},"skip":true},"51":{"start":{"line":160,"column":8},"end":{"line":160,"column":33},"skip":true},"52":{"start":{"line":161,"column":8},"end":{"line":161,"column":37},"skip":true},"53":{"start":{"line":162,"column":8},"end":{"line":162,"column":35},"skip":true},"54":{"start":{"line":164,"column":8},"end":{"line":164,"column":50},"skip":true},"55":{"start":{"line":166,"column":8},"end":{"line":256,"column":2},"skip":true},"56":{"start":{"line":258,"column":8},"end":{"line":286,"column":9},"skip":true},"57":{"start":{"line":259,"column":12},"end":{"line":269,"column":14},"skip":true},"58":{"start":{"line":271,"column":12},"end":{"line":285,"column":19},"skip":true},"59":{"start":{"line":274,"column":20},"end":{"line":274,"column":35},"skip":true},"60":{"start":{"line":275,"column":20},"end":{"line":284,"column":21},"skip":true},"61":{"start":{"line":277,"column":24},"end":{"line":277,"column":64},"skip":true},"62":{"start":{"line":279,"column":24},"end":{"line":279,"column":40},"skip":true},"63":{"start":{"line":281,"column":24},"end":{"line":281,"column":40},"skip":true},"64":{"start":{"line":283,"column":24},"end":{"line":283,"column":39},"skip":true},"65":{"start":{"line":288,"column":8},"end":{"line":290,"column":9},"skip":true},"66":{"start":{"line":289,"column":12},"end":{"line":289,"column":18},"skip":true},"67":{"start":{"line":291,"column":8},"end":{"line":293,"column":54},"skip":true},"68":{"start":{"line":296,"column":8},"end":{"line":301,"column":37},"skip":true},"69":{"start":{"line":303,"column":8},"end":{"line":303,"column":82},"skip":true},"70":{"start":{"line":306,"column":8},"end":{"line":308,"column":9},"skip":true},"71":{"start":{"line":307,"column":12},"end":{"line":307,"column":82},"skip":true},"72":{"start":{"line":310,"column":8},"end":{"line":312,"column":9},"skip":true},"73":{"start":{"line":311,"column":12},"end":{"line":311,"column":18},"skip":true},"74":{"start":{"line":313,"column":8},"end":{"line":313,"column":54},"skip":true},"75":{"start":{"line":314,"column":8},"end":{"line":314,"column":69},"skip":true},"76":{"start":{"line":315,"column":8},"end":{"line":323,"column":36},"skip":true},"77":{"start":{"line":316,"column":12},"end":{"line":316,"column":61},"skip":true},"78":{"start":{"line":317,"column":12},"end":{"line":320,"column":13},"skip":true},"79":{"start":{"line":318,"column":16},"end":{"line":318,"column":75},"skip":true},"80":{"start":{"line":319,"column":16},"end":{"line":319,"column":23},"skip":true},"81":{"start":{"line":321,"column":12},"end":{"line":321,"column":38},"skip":true},"82":{"start":{"line":322,"column":12},"end":{"line":322,"column":27},"skip":true},"83":{"start":{"line":324,"column":8},"end":{"line":324,"column":14},"skip":true}},"branchMap":{"1":{"line":39,"type":"binary-expr","locations":[{"start":{"line":39,"column":23},"end":{"line":39,"column":62}},{"start":{"line":40,"column":20},"end":{"line":40,"column":70}},{"start":{"line":41,"column":20},"end":{"line":41,"column":71}},{"start":{"line":42,"column":20},"end":{"line":42,"column":29}}]},"2":{"line":44,"type":"binary-expr","locations":[{"start":{"line":44,"column":23},"end":{"line":44,"column":37}},{"start":{"line":45,"column":20},"end":{"line":45,"column":61}},{"start":{"line":46,"column":20},"end":{"line":46,"column":70}},{"start":{"line":47,"column":20},"end":{"line":47,"column":26}}]},"3":{"line":51,"type":"cond-expr","locations":[{"start":{"line":52,"column":14},"end":{"line":52,"column":20}},{"start":{"line":53,"column":14},"end":{"line":53,"column":20}}]},"4":{"line":55,"type":"binary-expr","locations":[{"start":{"line":55,"column":16},"end":{"line":55,"column":44}},{"start":{"line":55,"column":49},"end":{"line":57,"column":43}}]},"5":{"line":55,"type":"cond-expr","locations":[{"start":{"line":56,"column":14},"end":{"line":56,"column":49}},{"start":{"line":57,"column":14},"end":{"line":57,"column":43}}]},"6":{"line":61,"type":"switch","locations":[{"start":{"line":68,"column":4},"end":{"line":150,"column":14},"skip":true},{"start":{"line":156,"column":4},"end":{"line":324,"column":14},"skip":true}]},"7":{"line":70,"type":"if","locations":[{"start":{"line":70,"column":12},"end":{"line":70,"column":12},"skip":true},{"start":{"line":70,"column":12},"end":{"line":70,"column":12},"skip":true}]},"8":{"line":70,"type":"binary-expr","locations":[{"start":{"line":70,"column":16},"end":{"line":70,"column":22},"skip":true},{"start":{"line":70,"column":27},"end":{"line":70,"column":32},"skip":true},{"start":{"line":71,"column":20},"end":{"line":71,"column":39},"skip":true},{"start":{"line":72,"column":20},"end":{"line":72,"column":49},"skip":true},{"start":{"line":73,"column":20},"end":{"line":73,"column":58},"skip":true},{"start":{"line":74,"column":20},"end":{"line":74,"column":69},"skip":true}]},"9":{"line":79,"type":"switch","locations":[{"start":{"line":80,"column":20},"end":{"line":80,"column":33},"skip":true},{"start":{"line":81,"column":20},"end":{"line":83,"column":30},"skip":true},{"start":{"line":84,"column":20},"end":{"line":85,"column":49},"skip":true}]},"10":{"line":89,"type":"switch","locations":[{"start":{"line":90,"column":12},"end":{"line":103,"column":22},"skip":true},{"start":{"line":105,"column":12},"end":{"line":106,"column":22},"skip":true}]},"11":{"line":89,"type":"binary-expr","locations":[{"start":{"line":89,"column":20},"end":{"line":89,"column":25},"skip":true},{"start":{"line":89,"column":29},"end":{"line":89,"column":48},"skip":true},{"start":{"line":89,"column":52},"end":{"line":89,"column":74},"skip":true}]},"12":{"line":92,"type":"if","locations":[{"start":{"line":92,"column":16},"end":{"line":92,"column":16},"skip":true},{"start":{"line":92,"column":16},"end":{"line":92,"column":16},"skip":true}]},"13":{"line":108,"type":"if","locations":[{"start":{"line":108,"column":12},"end":{"line":108,"column":12},"skip":true},{"start":{"line":108,"column":12},"end":{"line":108,"column":12},"skip":true}]},"14":{"line":108,"type":"binary-expr","locations":[{"start":{"line":108,"column":16},"end":{"line":108,"column":61},"skip":true},{"start":{"line":108,"column":66},"end":{"line":108,"column":72},"skip":true},{"start":{"line":108,"column":77},"end":{"line":108,"column":82},"skip":true},{"start":{"line":109,"column":20},"end":{"line":109,"column":39},"skip":true},{"start":{"line":110,"column":20},"end":{"line":110,"column":49},"skip":true},{"start":{"line":111,"column":20},"end":{"line":111,"column":58},"skip":true},{"start":{"line":112,"column":20},"end":{"line":112,"column":68},"skip":true}]},"15":{"line":129,"type":"if","locations":[{"start":{"line":129,"column":16},"end":{"line":129,"column":16},"skip":true},{"start":{"line":129,"column":16},"end":{"line":129,"column":16},"skip":true}]},"16":{"line":134,"type":"cond-expr","locations":[{"start":{"line":135,"column":26},"end":{"line":135,"column":29},"skip":true},{"start":{"line":136,"column":26},"end":{"line":136,"column":54},"skip":true}]},"17":{"line":164,"type":"binary-expr","locations":[{"start":{"line":164,"column":27},"end":{"line":164,"column":43},"skip":true},{"start":{"line":164,"column":47},"end":{"line":164,"column":49},"skip":true}]},"18":{"line":258,"type":"if","locations":[{"start":{"line":258,"column":8},"end":{"line":258,"column":8},"skip":true},{"start":{"line":258,"column":8},"end":{"line":258,"column":8},"skip":true}]},"19":{"line":275,"type":"switch","locations":[{"start":{"line":276,"column":20},"end":{"line":277,"column":64},"skip":true},{"start":{"line":278,"column":20},"end":{"line":279,"column":40},"skip":true},{"start":{"line":280,"column":20},"end":{"line":281,"column":40},"skip":true},{"start":{"line":282,"column":20},"end":{"line":283,"column":39},"skip":true}]},"20":{"line":288,"type":"if","locations":[{"start":{"line":288,"column":8},"end":{"line":288,"column":8},"skip":true},{"start":{"line":288,"column":8},"end":{"line":288,"column":8},"skip":true}]},"21":{"line":288,"type":"binary-expr","locations":[{"start":{"line":288,"column":12},"end":{"line":288,"column":40},"skip":true},{"start":{"line":288,"column":44},"end":{"line":288,"column":67},"skip":true}]},"22":{"line":292,"type":"binary-expr","locations":[{"start":{"line":292,"column":12},"end":{"line":292,"column":50},"skip":true},{"start":{"line":293,"column":12},"end":{"line":293,"column":53},"skip":true}]},"23":{"line":297,"type":"binary-expr","locations":[{"start":{"line":297,"column":12},"end":{"line":297,"column":63},"skip":true},{"start":{"line":298,"column":12},"end":{"line":301,"column":36},"skip":true}]},"24":{"line":303,"type":"binary-expr","locations":[{"start":{"line":303,"column":43},"end":{"line":303,"column":75},"skip":true},{"start":{"line":303,"column":79},"end":{"line":303,"column":81},"skip":true}]},"25":{"line":306,"type":"if","locations":[{"start":{"line":306,"column":8},"end":{"line":306,"column":8},"skip":true},{"start":{"line":306,"column":8},"end":{"line":306,"column":8},"skip":true}]},"26":{"line":310,"type":"if","locations":[{"start":{"line":310,"column":8},"end":{"line":310,"column":8},"skip":true},{"start":{"line":310,"column":8},"end":{"line":310,"column":8},"skip":true}]},"27":{"line":313,"type":"binary-expr","locations":[{"start":{"line":313,"column":27},"end":{"line":313,"column":43},"skip":true},{"start":{"line":313,"column":47},"end":{"line":313,"column":53},"skip":true}]},"28":{"line":317,"type":"if","locations":[{"start":{"line":317,"column":12},"end":{"line":317,"column":12},"skip":true},{"start":{"line":317,"column":12},"end":{"line":317,"column":12},"skip":true}]}},"code":["/*","example.js","","quickstart example","","instruction","    1. save this script as example.js","    2. run the shell command:","        $ npm install npmtest-store && PORT=8081 node example.js","    3. play with the browser-demo on http://127.0.0.1:8081","*/","","","","/* istanbul instrument in package npmtest_store */","/*jslint","    bitwise: true,","    browser: true,","    maxerr: 8,","    maxlen: 96,","    node: true,","    nomen: true,","    regexp: true,","    stupid: true","*/","(function () {","    'use strict';","    var local;","","","","    // run shared js-env code - pre-init","    (function () {","        // init local","        local = {};","        // init modeJs","        local.modeJs = (function () {","            try {","                return typeof navigator.userAgent === 'string' &&","                    typeof document.querySelector('body') === 'object' &&","                    typeof XMLHttpRequest.prototype.open === 'function' &&","                    'browser';","            } catch (errorCaughtBrowser) {","                return module.exports &&","                    typeof process.versions.node === 'string' &&","                    typeof require('http').createServer === 'function' &&","                    'node';","            }","        }());","        // init global","        local.global = local.modeJs === 'browser'","            ? window","            : global;","        // init utility2_rollup","        local = local.global.utility2_rollup || (local.modeJs === 'browser'","            ? local.global.utility2_npmtest_store","            : global.utility2_moduleExports);","        // export local","        local.global.local = local;","    }());","    switch (local.modeJs) {","","","","    // post-init","    // run browser js-env code - post-init","    /* istanbul ignore next */","    case 'browser':","        local.testRunBrowser = function (event) {","            if (!event || (event &&","                    event.currentTarget &&","                    event.currentTarget.className &&","                    event.currentTarget.className.includes &&","                    event.currentTarget.className.includes('onreset'))) {","                // reset output","                Array.from(","                    document.querySelectorAll('body > .resettable')","                ).forEach(function (element) {","                    switch (element.tagName) {","                    case 'INPUT':","                    case 'TEXTAREA':","                        element.value = '';","                        break;","                    default:","                        element.textContent = '';","                    }","                });","            }","            switch (event && event.currentTarget && event.currentTarget.id) {","            case 'testRunButton1':","                // show tests","                if (document.querySelector('#testReportDiv1').style.display === 'none') {","                    document.querySelector('#testReportDiv1').style.display = 'block';","                    document.querySelector('#testRunButton1').textContent =","                        'hide internal test';","                    local.modeTest = true;","                    local.testRunDefault(local);","                // hide tests","                } else {","                    document.querySelector('#testReportDiv1').style.display = 'none';","                    document.querySelector('#testRunButton1').textContent = 'run internal test';","                }","                break;","            // custom-case","            default:","                break;","            }","            if (document.querySelector('#inputTextareaEval1') && (!event || (event &&","                    event.currentTarget &&","                    event.currentTarget.className &&","                    event.currentTarget.className.includes &&","                    event.currentTarget.className.includes('oneval')))) {","                // try to eval input-code","                try {","                    /*jslint evil: true*/","                    eval(document.querySelector('#inputTextareaEval1').value);","                } catch (errorCaught) {","                    console.error(errorCaught);","                }","            }","        };","        // log stderr and stdout to #outputTextareaStdout1","        ['error', 'log'].forEach(function (key) {","            console[key + '_original'] = console[key];","            console[key] = function () {","                var element;","                console[key + '_original'].apply(console, arguments);","                element = document.querySelector('#outputTextareaStdout1');","                if (!element) {","                    return;","                }","                // append text to #outputTextareaStdout1","                element.value += Array.from(arguments).map(function (arg) {","                    return typeof arg === 'string'","                        ? arg","                        : JSON.stringify(arg, null, 4);","                }).join(' ') + '\\n';","                // scroll textarea to bottom","                element.scrollTop = element.scrollHeight;","            };","        });","        // init event-handling","        ['change', 'click', 'keyup'].forEach(function (event) {","            Array.from(document.querySelectorAll('.on' + event)).forEach(function (element) {","                element.addEventListener(event, local.testRunBrowser);","            });","        });","        // run tests","        local.testRunBrowser();","        break;","","","","    // run node js-env code - post-init","    /* istanbul ignore next */","    case 'node':","        // export local","        module.exports = local;","        // require modules","        local.fs = require('fs');","        local.http = require('http');","        local.url = require('url');","        // init assets","        local.assetsDict = local.assetsDict || {};","        /* jslint-ignore-begin */","        local.assetsDict['/assets.index.template.html'] = '\\","<!doctype html>\\n\\","<html lang=\"en\">\\n\\","<head>\\n\\","<meta charset=\"UTF-8\">\\n\\","<meta name=\"viewport\" content=\"width=device-width, initial-scale=1\">\\n\\","<title>{{env.npm_package_name}} (v{{env.npm_package_version}})</title>\\n\\","<style>\\n\\","/*csslint\\n\\","    box-sizing: false,\\n\\","    universal-selector: false\\n\\","*/\\n\\","* {\\n\\","    box-sizing: border-box;\\n\\","}\\n\\","body {\\n\\","    background: #dde;\\n\\","    font-family: Arial, Helvetica, sans-serif;\\n\\","    margin: 2rem;\\n\\","}\\n\\","body > * {\\n\\","    margin-bottom: 1rem;\\n\\","}\\n\\",".utility2FooterDiv {\\n\\","    margin-top: 20px;\\n\\","    text-align: center;\\n\\","}\\n\\","</style>\\n\\","<style>\\n\\","/*csslint\\n\\","*/\\n\\","textarea {\\n\\","    font-family: monospace;\\n\\","    height: 10rem;\\n\\","    width: 100%;\\n\\","}\\n\\","textarea[readonly] {\\n\\","    background: #ddd;\\n\\","}\\n\\","</style>\\n\\","</head>\\n\\","<body>\\n\\","<!-- utility2-comment\\n\\","<div id=\"ajaxProgressDiv1\" style=\"background: #d00; height: 2px; left: 0; margin: 0; padding: 0; position: fixed; top: 0; transition: background 0.5s, width 1.5s; width: 25%;\"></div>\\n\\","utility2-comment -->\\n\\","<h1>\\n\\","<!-- utility2-comment\\n\\","    <a\\n\\","        {{#if env.npm_package_homepage}}\\n\\","        href=\"{{env.npm_package_homepage}}\"\\n\\","        {{/if env.npm_package_homepage}}\\n\\","        target=\"_blank\"\\n\\","    >\\n\\","utility2-comment -->\\n\\","        {{env.npm_package_name}} (v{{env.npm_package_version}})\\n\\","<!-- utility2-comment\\n\\","    </a>\\n\\","utility2-comment -->\\n\\","</h1>\\n\\","<h3>{{env.npm_package_description}}</h3>\\n\\","<!-- utility2-comment\\n\\","<h4><a download href=\"assets.app.js\">download standalone app</a></h4>\\n\\","<button class=\"onclick onreset\" id=\"testRunButton1\">run internal test</button><br>\\n\\","<div id=\"testReportDiv1\" style=\"display: none;\"></div>\\n\\","utility2-comment -->\\n\\","\\n\\","\\n\\","\\n\\","<label>stderr and stdout</label>\\n\\","<textarea class=\"resettable\" id=\"outputTextareaStdout1\" readonly></textarea>\\n\\","<!-- utility2-comment\\n\\","{{#if isRollup}}\\n\\","<script src=\"assets.app.js\"></script>\\n\\","{{#unless isRollup}}\\n\\","utility2-comment -->\\n\\","<script src=\"assets.utility2.rollup.js\"></script>\\n\\","<script src=\"jsonp.utility2._stateInit?callback=window.utility2._stateInit\"></script>\\n\\","<script src=\"assets.npmtest_store.rollup.js\"></script>\\n\\","<script src=\"assets.example.js\"></script>\\n\\","<script src=\"assets.test.js\"></script>\\n\\","<!-- utility2-comment\\n\\","{{/if isRollup}}\\n\\","utility2-comment -->\\n\\","<div class=\"utility2FooterDiv\">\\n\\","    [ this app was created with\\n\\","    <a href=\"https://github.com/kaizhu256/node-utility2\" target=\"_blank\">utility2</a>\\n\\","    ]\\n\\","</div>\\n\\","</body>\\n\\","</html>\\n\\","';","        /* jslint-ignore-end */","        if (local.templateRender) {","            local.assetsDict['/'] = local.templateRender(","                local.assetsDict['/assets.index.template.html'],","                {","                    env: local.objectSetDefault(local.env, {","                        npm_package_description: 'the greatest app in the world!',","                        npm_package_name: 'my-app',","                        npm_package_nameAlias: 'my_app',","                        npm_package_version: '0.0.1'","                    })","                }","            );","        } else {","            local.assetsDict['/'] = local.assetsDict['/assets.index.template.html']","                .replace((/\\{\\{env\\.(\\w+?)\\}\\}/g), function (match0, match1) {","                    // jslint-hack","                    String(match0);","                    switch (match1) {","                    case 'npm_package_description':","                        return 'the greatest app in the world!';","                    case 'npm_package_name':","                        return 'my-app';","                    case 'npm_package_nameAlias':","                        return 'my_app';","                    case 'npm_package_version':","                        return '0.0.1';","                    }","                });","        }","        // run the cli","        if (local.global.utility2_rollup || module !== require.main) {","            break;","        }","        local.assetsDict['/assets.example.js'] =","            local.assetsDict['/assets.example.js'] ||","            local.fs.readFileSync(__filename, 'utf8');","        // bug-workaround - long $npm_package_buildCustomOrg","        /* jslint-ignore-begin */","        local.assetsDict['/assets.npmtest_store.rollup.js'] =","            local.assetsDict['/assets.npmtest_store.rollup.js'] ||","            local.fs.readFileSync(","                local.npmtest_store.__dirname + '/lib.npmtest_store.js',","                'utf8'","            ).replace((/^#!/), '//');","        /* jslint-ignore-end */","        local.assetsDict['/favicon.ico'] = local.assetsDict['/favicon.ico'] || '';","        // if $npm_config_timeout_exit exists,","        // then exit this process after $npm_config_timeout_exit ms","        if (Number(process.env.npm_config_timeout_exit)) {","            setTimeout(process.exit, Number(process.env.npm_config_timeout_exit));","        }","        // start server","        if (local.global.utility2_serverHttp1) {","            break;","        }","        process.env.PORT = process.env.PORT || '8081';","        console.error('server starting on port ' + process.env.PORT);","        local.http.createServer(function (request, response) {","            request.urlParsed = local.url.parse(request.url);","            if (local.assetsDict[request.urlParsed.pathname] !== undefined) {","                response.end(local.assetsDict[request.urlParsed.pathname]);","                return;","            }","            response.statusCode = 404;","            response.end();","        }).listen(process.env.PORT);","        break;","    }","}());",""],"l":{"26":2,"28":2,"33":2,"35":2,"37":2,"38":2,"39":2,"44":1,"51":2,"55":2,"59":2,"61":2,"69":1,"70":2,"76":2,"79":2,"82":2,"83":2,"85":1,"89":2,"92":1,"93":1,"94":1,"96":1,"97":1,"100":1,"101":1,"103":1,"106":1,"108":2,"114":1,"116":1,"118":1,"123":1,"124":2,"125":2,"126":3,"127":3,"128":3,"129":3,"130":1,"133":3,"134":3,"139":3,"143":1,"144":3,"145":1,"149":1,"150":1,"158":1,"160":1,"161":1,"162":1,"164":1,"166":1,"258":1,"259":1,"271":1,"274":6,"275":6,"277":1,"279":2,"281":1,"283":2,"288":1,"289":1,"291":1,"296":1,"303":1,"306":1,"307":1,"310":1,"311":1,"313":1,"314":1,"315":1,"316":1,"317":1,"318":1,"319":1,"321":1,"322":1,"324":1}},"/home/travis/build/npmtest/node-npmtest-store/node_modules/store/plugins/all.js":{"path":"/home/travis/build/npmtest/node-npmtest-store/node_modules/store/plugins/all.js","s":{"1":1},"b":{},"f":{},"fnMap":{},"statementMap":{"1":{"start":{"line":1,"column":0},"end":{"line":11,"column":1}}},"branchMap":{},"code":["module.exports = {","\t'defaults':      require('./defaults'),","\t'dump':          require('./dump'),","\t'events':        require('./events'),","\t'observe':       require('./observe'),","\t'expire':        require('./expire'),","\t'json2':         require('./json2'),","\t'operations':    require('./operations'),","\t'update':        require('./update'),","\t'v1-backcompat': require('./v1-backcompat'),","}",""],"l":{"1":1}},"/home/travis/build/npmtest/node-npmtest-store/node_modules/store/plugins/defaults.js":{"path":"/home/travis/build/npmtest/node-npmtest-store/node_modules/store/plugins/defaults.js","s":{"1":1,"2":1,"3":0,"4":0,"5":1,"6":0,"7":1,"8":0,"9":0},"b":{"1":[0,0]},"f":{"1":0,"2":0,"3":0},"fnMap":{"1":{"name":"defaultsPlugin","line":3,"loc":{"start":{"line":3,"column":0},"end":{"line":3,"column":26}}},"2":{"name":"defaults","line":11,"loc":{"start":{"line":11,"column":1},"end":{"line":11,"column":30}}},"3":{"name":"get","line":15,"loc":{"start":{"line":15,"column":1},"end":{"line":15,"column":29}}}},"statementMap":{"1":{"start":{"line":1,"column":0},"end":{"line":1,"column":31}},"2":{"start":{"line":3,"column":0},"end":{"line":19,"column":1}},"3":{"start":{"line":4,"column":1},"end":{"line":4,"column":23}},"4":{"start":{"line":6,"column":1},"end":{"line":9,"column":2}},"5":{"start":{"line":11,"column":1},"end":{"line":13,"column":2}},"6":{"start":{"line":12,"column":2},"end":{"line":12,"column":24}},"7":{"start":{"line":15,"column":1},"end":{"line":18,"column":2}},"8":{"start":{"line":16,"column":2},"end":{"line":16,"column":22}},"9":{"start":{"line":17,"column":2},"end":{"line":17,"column":55}}},"branchMap":{"1":{"line":17,"type":"cond-expr","locations":[{"start":{"line":17,"column":30},"end":{"line":17,"column":33}},{"start":{"line":17,"column":36},"end":{"line":17,"column":54}}]}},"code":["module.exports = defaultsPlugin","","function defaultsPlugin() {","\tvar defaultValues = {}","\t","\treturn {","\t\tdefaults: defaults,","\t\tget: get","\t}","\t","\tfunction defaults(_, values) {","\t\tdefaultValues = values","\t}","\t","\tfunction get(super_fn, key) {","\t\tvar val = super_fn()","\t\treturn (val !== undefined ? val : defaultValues[key])","\t}","}",""],"l":{"1":1,"3":1,"4":0,"6":0,"11":1,"12":0,"15":1,"16":0,"17":0}},"/home/travis/build/npmtest/node-npmtest-store/node_modules/store/plugins/dump.js":{"path":"/home/travis/build/npmtest/node-npmtest-store/node_modules/store/plugins/dump.js","s":{"1":1,"2":1,"3":0,"4":1,"5":0,"6":0,"7":0,"8":0},"b":{},"f":{"1":0,"2":0,"3":0},"fnMap":{"1":{"name":"dumpPlugin","line":3,"loc":{"start":{"line":3,"column":0},"end":{"line":3,"column":22}}},"2":{"name":"dump","line":8,"loc":{"start":{"line":8,"column":1},"end":{"line":8,"column":18}}},"3":{"name":"(anonymous_3)","line":10,"loc":{"start":{"line":10,"column":12},"end":{"line":10,"column":31}}}},"statementMap":{"1":{"start":{"line":1,"column":0},"end":{"line":1,"column":27}},"2":{"start":{"line":3,"column":0},"end":{"line":15,"column":1}},"3":{"start":{"line":4,"column":1},"end":{"line":6,"column":2}},"4":{"start":{"line":8,"column":1},"end":{"line":14,"column":2}},"5":{"start":{"line":9,"column":2},"end":{"line":9,"column":14}},"6":{"start":{"line":10,"column":2},"end":{"line":12,"column":4}},"7":{"start":{"line":11,"column":3},"end":{"line":11,"column":17}},"8":{"start":{"line":13,"column":2},"end":{"line":13,"column":12}}},"branchMap":{},"code":["module.exports = dumpPlugin","","function dumpPlugin() {","\treturn {","\t\tdump: dump","\t}","\t","\tfunction dump(_) {","\t\tvar res = {}","\t\tthis.each(function(val, key) {","\t\t\tres[key] = val","\t\t})","\t\treturn res","\t}","}",""],"l":{"1":1,"3":1,"4":0,"8":1,"9":0,"10":0,"11":0,"13":0}},"/home/travis/build/npmtest/node-npmtest-store/node_modules/store/plugins/events.js":{"path":"/home/travis/build/npmtest/node-npmtest-store/node_modules/store/plugins/events.js","s":{"1":1,"2":1,"3":1,"4":1,"5":1,"6":1,"7":1,"8":0,"9":0,"10":1,"11":0,"12":1,"13":0,"14":1,"15":0,"16":1,"17":0,"18":0,"19":0,"20":1,"21":0,"22":0,"23":0,"24":1,"25":0,"26":0,"27":0,"28":0,"29":0,"30":0,"31":1,"32":0,"33":1,"34":0,"35":0,"36":0,"37":0,"38":0,"39":0,"40":0,"41":0,"42":0,"43":0,"44":0,"45":0,"46":0,"47":0,"48":0},"b":{"1":[0,0]},"f":{"1":0,"2":0,"3":0,"4":0,"5":0,"6":0,"7":0,"8":0,"9":0,"10":0,"11":0,"12":0,"13":0,"14":0,"15":0,"16":0},"fnMap":{"1":{"name":"eventsPlugin","line":9,"loc":{"start":{"line":9,"column":0},"end":{"line":9,"column":24}}},"2":{"name":"watch","line":23,"loc":{"start":{"line":23,"column":1},"end":{"line":23,"column":34}}},"3":{"name":"unwatch","line":26,"loc":{"start":{"line":26,"column":1},"end":{"line":26,"column":28}}},"4":{"name":"once","line":29,"loc":{"start":{"line":29,"column":1},"end":{"line":29,"column":33}}},"5":{"name":"set","line":34,"loc":{"start":{"line":34,"column":1},"end":{"line":34,"column":34}}},"6":{"name":"remove","line":39,"loc":{"start":{"line":39,"column":1},"end":{"line":39,"column":32}}},"7":{"name":"clearAll","line":44,"loc":{"start":{"line":44,"column":1},"end":{"line":44,"column":29}}},"8":{"name":"(anonymous_8)","line":46,"loc":{"start":{"line":46,"column":12},"end":{"line":46,"column":31}}},"9":{"name":"(anonymous_9)","line":50,"loc":{"start":{"line":50,"column":16},"end":{"line":50,"column":38}}},"10":{"name":"_newPubSub","line":57,"loc":{"start":{"line":57,"column":0},"end":{"line":57,"column":22}}},"11":{"name":"(anonymous_11)","line":69,"loc":{"start":{"line":69,"column":5},"end":{"line":69,"column":32}}},"12":{"name":"(anonymous_12)","line":78,"loc":{"start":{"line":78,"column":6},"end":{"line":78,"column":22}}},"13":{"name":"(anonymous_13)","line":83,"loc":{"start":{"line":83,"column":7},"end":{"line":83,"column":34}}},"14":{"name":"(anonymous_14)","line":84,"loc":{"start":{"line":84,"column":41},"end":{"line":84,"column":52}}},"15":{"name":"(anonymous_15)","line":89,"loc":{"start":{"line":89,"column":7},"end":{"line":89,"column":24}}},"16":{"name":"(anonymous_16)","line":91,"loc":{"start":{"line":91,"column":35},"end":{"line":91,"column":54}}}},"statementMap":{"1":{"start":{"line":1,"column":0},"end":{"line":1,"column":33}},"2":{"start":{"line":2,"column":0},"end":{"line":2,"column":20}},"3":{"start":{"line":3,"column":0},"end":{"line":3,"column":20}},"4":{"start":{"line":4,"column":0},"end":{"line":4,"column":24}},"5":{"start":{"line":5,"column":0},"end":{"line":5,"column":22}},"6":{"start":{"line":7,"column":0},"end":{"line":7,"column":29}},"7":{"start":{"line":9,"column":0},"end":{"line":54,"column":1}},"8":{"start":{"line":10,"column":1},"end":{"line":10,"column":26}},"9":{"start":{"line":12,"column":1},"end":{"line":20,"column":2}},"10":{"start":{"line":23,"column":1},"end":{"line":25,"column":2}},"11":{"start":{"line":24,"column":2},"end":{"line":24,"column":45}},"12":{"start":{"line":26,"column":1},"end":{"line":28,"column":2}},"13":{"start":{"line":27,"column":2},"end":{"line":27,"column":19}},"14":{"start":{"line":29,"column":1},"end":{"line":31,"column":2}},"15":{"start":{"line":30,"column":2},"end":{"line":30,"column":40}},"16":{"start":{"line":34,"column":1},"end":{"line":38,"column":2}},"17":{"start":{"line":35,"column":2},"end":{"line":35,"column":28}},"18":{"start":{"line":36,"column":2},"end":{"line":36,"column":12}},"19":{"start":{"line":37,"column":2},"end":{"line":37,"column":31}},"20":{"start":{"line":39,"column":1},"end":{"line":43,"column":2}},"21":{"start":{"line":40,"column":2},"end":{"line":40,"column":28}},"22":{"start":{"line":41,"column":2},"end":{"line":41,"column":12}},"23":{"start":{"line":42,"column":2},"end":{"line":42,"column":37}},"24":{"start":{"line":44,"column":1},"end":{"line":53,"column":2}},"25":{"start":{"line":45,"column":2},"end":{"line":45,"column":18}},"26":{"start":{"line":46,"column":2},"end":{"line":48,"column":4}},"27":{"start":{"line":47,"column":3},"end":{"line":47,"column":21}},"28":{"start":{"line":49,"column":2},"end":{"line":49,"column":12}},"29":{"start":{"line":50,"column":2},"end":{"line":52,"column":4}},"30":{"start":{"line":51,"column":3},"end":{"line":51,"column":38}},"31":{"start":{"line":57,"column":0},"end":{"line":63,"column":1}},"32":{"start":{"line":58,"column":1},"end":{"line":62,"column":3}},"33":{"start":{"line":65,"column":0},"end":{"line":95,"column":1}},"34":{"start":{"line":70,"column":2},"end":{"line":72,"column":3}},"35":{"start":{"line":71,"column":3},"end":{"line":71,"column":34}},"36":{"start":{"line":73,"column":2},"end":{"line":73,"column":15}},"37":{"start":{"line":74,"column":2},"end":{"line":74,"column":49}},"38":{"start":{"line":75,"column":2},"end":{"line":75,"column":37}},"39":{"start":{"line":76,"column":2},"end":{"line":76,"column":17}},"40":{"start":{"line":79,"column":2},"end":{"line":79,"column":38}},"41":{"start":{"line":80,"column":2},"end":{"line":80,"column":42}},"42":{"start":{"line":81,"column":2},"end":{"line":81,"column":32}},"43":{"start":{"line":84,"column":2},"end":{"line":87,"column":5}},"44":{"start":{"line":85,"column":3},"end":{"line":85,"column":34}},"45":{"start":{"line":86,"column":3},"end":{"line":86,"column":18}},"46":{"start":{"line":90,"column":2},"end":{"line":90,"column":32}},"47":{"start":{"line":91,"column":2},"end":{"line":93,"column":4}},"48":{"start":{"line":92,"column":3},"end":{"line":92,"column":29}}},"branchMap":{"1":{"line":70,"type":"if","locations":[{"start":{"line":70,"column":2},"end":{"line":70,"column":2}},{"start":{"line":70,"column":2},"end":{"line":70,"column":2}}]}},"code":["var util = require('../src/util')","var bind = util.bind","var each = util.each","var create = util.create","var slice = util.slice","","module.exports = eventsPlugin","","function eventsPlugin() {","\tvar pubsub = _newPubSub()","","\treturn {","\t\twatch: watch,","\t\tunwatch: unwatch,","\t\tonce: once,","","\t\tset: set,","\t\tremove: remove,","\t\tclearAll: clearAll","\t}","","\t// new pubsub functions","\tfunction watch(_, key, listener) {","\t\treturn pubsub.on(key, bind(this, listener))","\t}","\tfunction unwatch(_, subId) {","\t\tpubsub.off(subId)","\t}","\tfunction once(_, key, listener) {","\t\tpubsub.once(key, bind(this, listener))","\t}","","\t// overwrite function to fire when appropriate","\tfunction set(super_fn, key, val) {","\t\tvar oldVal = this.get(key)","\t\tsuper_fn()","\t\tpubsub.fire(key, val, oldVal)","\t}","\tfunction remove(super_fn, key) {","\t\tvar oldVal = this.get(key)","\t\tsuper_fn()","\t\tpubsub.fire(key, undefined, oldVal)","\t}","\tfunction clearAll(super_fn) {","\t\tvar oldVals = {}","\t\tthis.each(function(val, key) {","\t\t\toldVals[key] = val","\t\t})","\t\tsuper_fn()","\t\teach(oldVals, function(oldVal, key) {","\t\t\tpubsub.fire(key, undefined, oldVal)","\t\t})","\t}","}","","","function _newPubSub() {","\treturn create(_pubSubBase, {","\t\t_id: 0,","\t\t_subSignals: {},","\t\t_subCallbacks: {}","\t})","}","","var _pubSubBase = {","\t_id: null,","\t_subCallbacks: null,","\t_subSignals: null,","\ton: function(signal, callback) {","\t\tif (!this._subCallbacks[signal]) {","\t\t\tthis._subCallbacks[signal] = {}","\t\t}","\t\tthis._id += 1","\t\tthis._subCallbacks[signal][this._id] = callback","\t\tthis._subSignals[this._id] = signal","\t\treturn this._id","\t},","\toff: function(subId) {","\t\tvar signal = this._subSignals[subId]","\t\tdelete this._subCallbacks[signal][subId]","\t\tdelete this._subSignals[subId]","\t},","\tonce: function(signal, callback) {","\t\tvar subId = this.on(signal, bind(this, function() {","\t\t\tcallback.apply(this, arguments)","\t\t\tthis.off(subId)","\t\t}))","\t},","\tfire: function(signal) {","\t\tvar args = slice(arguments, 1)","\t\teach(this._subCallbacks[signal], function(callback) {","\t\t\tcallback.apply(this, args)","\t\t})","\t}","}",""],"l":{"1":1,"2":1,"3":1,"4":1,"5":1,"7":1,"9":1,"10":0,"12":0,"23":1,"24":0,"26":1,"27":0,"29":1,"30":0,"34":1,"35":0,"36":0,"37":0,"39":1,"40":0,"41":0,"42":0,"44":1,"45":0,"46":0,"47":0,"49":0,"50":0,"51":0,"57":1,"58":0,"65":1,"70":0,"71":0,"73":0,"74":0,"75":0,"76":0,"79":0,"80":0,"81":0,"84":0,"85":0,"86":0,"90":0,"91":0,"92":0}},"/home/travis/build/npmtest/node-npmtest-store/node_modules/store/plugins/observe.js":{"path":"/home/travis/build/npmtest/node-npmtest-store/node_modules/store/plugins/observe.js","s":{"1":1,"2":1,"3":1,"4":0,"5":1,"6":0,"7":0,"8":0,"9":1,"10":0},"b":{},"f":{"1":0,"2":0,"3":0},"fnMap":{"1":{"name":"observePlugin","line":5,"loc":{"start":{"line":5,"column":0},"end":{"line":5,"column":25}}},"2":{"name":"observe","line":11,"loc":{"start":{"line":11,"column":1},"end":{"line":11,"column":36}}},"3":{"name":"unobserve","line":16,"loc":{"start":{"line":16,"column":1},"end":{"line":16,"column":30}}}},"statementMap":{"1":{"start":{"line":1,"column":0},"end":{"line":1,"column":38}},"2":{"start":{"line":3,"column":0},"end":{"line":3,"column":46}},"3":{"start":{"line":5,"column":0},"end":{"line":19,"column":1}},"4":{"start":{"line":6,"column":1},"end":{"line":9,"column":2}},"5":{"start":{"line":11,"column":1},"end":{"line":15,"column":2}},"6":{"start":{"line":12,"column":2},"end":{"line":12,"column":39}},"7":{"start":{"line":13,"column":2},"end":{"line":13,"column":25}},"8":{"start":{"line":14,"column":2},"end":{"line":14,"column":14}},"9":{"start":{"line":16,"column":1},"end":{"line":18,"column":2}},"10":{"start":{"line":17,"column":2},"end":{"line":17,"column":21}}},"branchMap":{},"code":["var eventsPlugin = require('./events')","","module.exports = [eventsPlugin, observePlugin]","","function observePlugin() {","\treturn {","\t\tobserve: observe,","\t\tunobserve: unobserve","\t}","","\tfunction observe(_, key, callback) {","\t\tvar subId = this.watch(key, callback)","\t\tcallback(this.get(key))","\t\treturn subId","\t}","\tfunction unobserve(_, subId) {","\t\tthis.unwatch(subId)","\t}","}",""],"l":{"1":1,"3":1,"5":1,"6":0,"11":1,"12":0,"13":0,"14":0,"16":1,"17":0}},"/home/travis/build/npmtest/node-npmtest-store/node_modules/store/plugins/expire.js":{"path":"/home/travis/build/npmtest/node-npmtest-store/node_modules/store/plugins/expire.js","s":{"1":1,"2":1,"3":1,"4":0,"5":0,"6":1,"7":0,"8":0,"9":0,"10":1,"11":0,"12":0,"13":0,"14":0,"15":0,"16":1,"17":0,"18":0,"19":0},"b":{"1":[0,0],"2":[0,0],"3":[0,0],"4":[0,0]},"f":{"1":0,"2":0,"3":0,"4":0},"fnMap":{"1":{"name":"expirePlugin","line":5,"loc":{"start":{"line":5,"column":0},"end":{"line":5,"column":24}}},"2":{"name":"expire_set","line":14,"loc":{"start":{"line":14,"column":1},"end":{"line":14,"column":53}}},"3":{"name":"expire_get","line":21,"loc":{"start":{"line":21,"column":1},"end":{"line":21,"column":36}}},"4":{"name":"expire_remove","line":31,"loc":{"start":{"line":31,"column":1},"end":{"line":31,"column":39}}}},"statementMap":{"1":{"start":{"line":1,"column":0},"end":{"line":1,"column":30}},"2":{"start":{"line":3,"column":0},"end":{"line":3,"column":29}},"3":{"start":{"line":5,"column":0},"end":{"line":37,"column":1}},"4":{"start":{"line":6,"column":1},"end":{"line":6,"column":44}},"5":{"start":{"line":8,"column":1},"end":{"line":12,"column":2}},"6":{"start":{"line":14,"column":1},"end":{"line":19,"column":2}},"7":{"start":{"line":15,"column":2},"end":{"line":17,"column":3}},"8":{"start":{"line":16,"column":3},"end":{"line":16,"column":35}},"9":{"start":{"line":18,"column":2},"end":{"line":18,"column":19}},"10":{"start":{"line":21,"column":1},"end":{"line":29,"column":2}},"11":{"start":{"line":22,"column":2},"end":{"line":27,"column":3}},"12":{"start":{"line":23,"column":3},"end":{"line":23,"column":58}},"13":{"start":{"line":24,"column":3},"end":{"line":26,"column":4}},"14":{"start":{"line":25,"column":4},"end":{"line":25,"column":20}},"15":{"start":{"line":28,"column":2},"end":{"line":28,"column":19}},"16":{"start":{"line":31,"column":1},"end":{"line":36,"column":2}},"17":{"start":{"line":32,"column":2},"end":{"line":34,"column":3}},"18":{"start":{"line":33,"column":3},"end":{"line":33,"column":26}},"19":{"start":{"line":35,"column":2},"end":{"line":35,"column":19}}},"branchMap":{"1":{"line":15,"type":"if","locations":[{"start":{"line":15,"column":2},"end":{"line":15,"column":2}},{"start":{"line":15,"column":2},"end":{"line":15,"column":2}}]},"2":{"line":22,"type":"if","locations":[{"start":{"line":22,"column":2},"end":{"line":22,"column":2}},{"start":{"line":22,"column":2},"end":{"line":22,"column":2}}]},"3":{"line":24,"type":"if","locations":[{"start":{"line":24,"column":3},"end":{"line":24,"column":3}},{"start":{"line":24,"column":3},"end":{"line":24,"column":3}}]},"4":{"line":32,"type":"if","locations":[{"start":{"line":32,"column":2},"end":{"line":32,"column":2}},{"start":{"line":32,"column":2},"end":{"line":32,"column":2}}]}},"code":["var namespace = 'expire_mixin'","","module.exports = expirePlugin","","function expirePlugin() {","\tvar expirations = this.namespace(namespace)","\t","\treturn {","\t\tset: expire_set,","\t\tget: expire_get,","\t\tremove: expire_remove","\t}","\t","\tfunction expire_set(super_fn, key, val, expiration) {","\t\tif (!this.hasNamespace(namespace)) {","\t\t\texpirations.set(key, expiration)","\t\t}","\t\treturn super_fn()","\t}","\t","\tfunction expire_get(super_fn, key) {","\t\tif (!this.hasNamespace(namespace)) {","\t\t\tvar expiration = expirations.get(key, Number.MAX_VALUE)","\t\t\tif (expiration <= new Date().getTime()) {","\t\t\t\tthis.remove(key)","\t\t\t}","\t\t}","\t\treturn super_fn()","\t}","\t","\tfunction expire_remove(super_fn, key) {","\t\tif (!this.hasNamespace(namespace)) {","\t\t\texpirations.remove(key)","\t\t}","\t\treturn super_fn()","\t}","}",""],"l":{"1":1,"3":1,"5":1,"6":0,"8":0,"14":1,"15":0,"16":0,"18":0,"21":1,"22":0,"23":0,"24":0,"25":0,"28":0,"31":1,"32":0,"33":0,"35":0}},"/home/travis/build/npmtest/node-npmtest-store/node_modules/store/plugins/operations.js":{"path":"/home/travis/build/npmtest/node-npmtest-store/node_modules/store/plugins/operations.js","s":{"1":1,"2":1,"3":1,"4":1,"5":1,"6":1,"7":0,"8":1,"9":0,"10":1,"11":0,"12":1,"13":0,"14":1,"15":0,"16":1,"17":0,"18":0,"19":0,"20":0,"21":0,"22":0,"23":1,"24":0,"25":0,"26":0,"27":0,"28":0,"29":0},"b":{"1":[0,0]},"f":{"1":0,"2":0,"3":0,"4":0,"5":0,"6":0,"7":0,"8":0,"9":0},"fnMap":{"1":{"name":"operationsPlugin","line":9,"loc":{"start":{"line":9,"column":0},"end":{"line":9,"column":28}}},"2":{"name":"push","line":22,"loc":{"start":{"line":22,"column":1},"end":{"line":22,"column":46}}},"3":{"name":"pop","line":25,"loc":{"start":{"line":25,"column":1},"end":{"line":25,"column":22}}},"4":{"name":"shift","line":28,"loc":{"start":{"line":28,"column":1},"end":{"line":28,"column":24}}},"5":{"name":"unshift","line":31,"loc":{"start":{"line":31,"column":1},"end":{"line":31,"column":49}}},"6":{"name":"assign_","line":36,"loc":{"start":{"line":36,"column":1},"end":{"line":36,"column":55}}},"7":{"name":"(anonymous_7)","line":38,"loc":{"start":{"line":38,"column":30},"end":{"line":38,"column":44}}},"8":{"name":"_arrayOp","line":49,"loc":{"start":{"line":49,"column":1},"end":{"line":49,"column":36}}},"9":{"name":"(anonymous_9)","line":53,"loc":{"start":{"line":53,"column":23},"end":{"line":53,"column":40}}}},"statementMap":{"1":{"start":{"line":1,"column":0},"end":{"line":1,"column":33}},"2":{"start":{"line":2,"column":0},"end":{"line":2,"column":22}},"3":{"start":{"line":3,"column":0},"end":{"line":3,"column":24}},"4":{"start":{"line":5,"column":0},"end":{"line":5,"column":38}},"5":{"start":{"line":7,"column":0},"end":{"line":7,"column":49}},"6":{"start":{"line":9,"column":0},"end":{"line":58,"column":1}},"7":{"start":{"line":10,"column":1},"end":{"line":19,"column":2}},"8":{"start":{"line":22,"column":1},"end":{"line":24,"column":2}},"9":{"start":{"line":23,"column":2},"end":{"line":23,"column":47}},"10":{"start":{"line":25,"column":1},"end":{"line":27,"column":2}},"11":{"start":{"line":26,"column":2},"end":{"line":26,"column":46}},"12":{"start":{"line":28,"column":1},"end":{"line":30,"column":2}},"13":{"start":{"line":29,"column":2},"end":{"line":29,"column":48}},"14":{"start":{"line":31,"column":1},"end":{"line":33,"column":2}},"15":{"start":{"line":32,"column":2},"end":{"line":32,"column":50}},"16":{"start":{"line":36,"column":1},"end":{"line":45,"column":2}},"17":{"start":{"line":37,"column":2},"end":{"line":37,"column":35}},"18":{"start":{"line":38,"column":2},"end":{"line":44,"column":4}},"19":{"start":{"line":39,"column":3},"end":{"line":41,"column":4}},"20":{"start":{"line":40,"column":4},"end":{"line":40,"column":82}},"21":{"start":{"line":42,"column":3},"end":{"line":42,"column":23}},"22":{"start":{"line":43,"column":3},"end":{"line":43,"column":39}},"23":{"start":{"line":49,"column":1},"end":{"line":57,"column":2}},"24":{"start":{"line":50,"column":2},"end":{"line":50,"column":9}},"25":{"start":{"line":51,"column":2},"end":{"line":51,"column":21}},"26":{"start":{"line":52,"column":2},"end":{"line":52,"column":29}},"27":{"start":{"line":53,"column":2},"end":{"line":55,"column":4}},"28":{"start":{"line":54,"column":3},"end":{"line":54,"column":53}},"29":{"start":{"line":56,"column":2},"end":{"line":56,"column":12}}},"branchMap":{"1":{"line":39,"type":"if","locations":[{"start":{"line":39,"column":3},"end":{"line":39,"column":3}},{"start":{"line":39,"column":3},"end":{"line":39,"column":3}}]}},"code":["var util = require('../src/util')","var slice = util.slice","var assign = util.assign","","var updatePlugin = require('./update')","","module.exports = [updatePlugin, operationsPlugin]","","function operationsPlugin() {","\treturn {","\t\t// array","\t\tpush: push,","\t\tpop: pop,","\t\tshift: shift,","\t\tunshift: unshift,","","\t\t// obj","\t\tassign: assign_,","\t}","","\t// array","\tfunction push(_, key, val1, val2, val3, etc) {","\t\treturn _arrayOp.call(this, 'push', arguments)","\t}","\tfunction pop(_, key) {","\t\treturn _arrayOp.call(this, 'pop', arguments)","\t}","\tfunction shift(_, key) {","\t\treturn _arrayOp.call(this, 'shift', arguments)","\t}","\tfunction unshift(_, key, val1, val2, val3, etc) {","\t\treturn _arrayOp.call(this, 'unshift', arguments)","\t}","","\t// obj","\tfunction assign_(_, key, props1, props2, props3, etc) {","\t\tvar varArgs = slice(arguments, 2)","\t\treturn this.update(key, {}, function(val) {","\t\t\tif (typeof val != 'object') {","\t\t\t\tthrow new Error('store.assign called for non-object value with key \"'+key+'\"')","\t\t\t}","\t\t\tvarArgs.unshift(val)","\t\t\treturn assign.apply(Object, varArgs)","\t\t})","\t}","","\t// internal","\t///////////","\tfunction _arrayOp(arrayFn, opArgs) {","\t\tvar res","\t\tvar key = opArgs[1]","\t\tvar rest = slice(opArgs, 2)","\t\tthis.update(key, [], function(arrVal) {","\t\t\tres = Array.prototype[arrayFn].apply(arrVal, rest)","\t\t})","\t\treturn res","\t}","}",""],"l":{"1":1,"2":1,"3":1,"5":1,"7":1,"9":1,"10":0,"22":1,"23":0,"25":1,"26":0,"28":1,"29":0,"31":1,"32":0,"36":1,"37":0,"38":0,"39":0,"40":0,"42":0,"43":0,"49":1,"50":0,"51":0,"52":0,"53":0,"54":0,"56":0}},"/home/travis/build/npmtest/node-npmtest-store/node_modules/store/plugins/update.js":{"path":"/home/travis/build/npmtest/node-npmtest-store/node_modules/store/plugins/update.js","s":{"1":1,"2":1,"3":0,"4":1,"5":0,"6":0,"7":0,"8":0,"9":0,"10":0},"b":{"1":[0,0],"2":[0,0]},"f":{"1":0,"2":0},"fnMap":{"1":{"name":"updatePlugin","line":3,"loc":{"start":{"line":3,"column":0},"end":{"line":3,"column":24}}},"2":{"name":"update","line":8,"loc":{"start":{"line":8,"column":1},"end":{"line":8,"column":50}}}},"statementMap":{"1":{"start":{"line":1,"column":0},"end":{"line":1,"column":29}},"2":{"start":{"line":3,"column":0},"end":{"line":17,"column":1}},"3":{"start":{"line":4,"column":1},"end":{"line":6,"column":2}},"4":{"start":{"line":8,"column":1},"end":{"line":16,"column":2}},"5":{"start":{"line":9,"column":2},"end":{"line":12,"column":3}},"6":{"start":{"line":10,"column":3},"end":{"line":10,"column":27}},"7":{"start":{"line":11,"column":3},"end":{"line":11,"column":28}},"8":{"start":{"line":13,"column":2},"end":{"line":13,"column":40}},"9":{"start":{"line":14,"column":2},"end":{"line":14,"column":28}},"10":{"start":{"line":15,"column":2},"end":{"line":15,"column":51}}},"branchMap":{"1":{"line":9,"type":"if","locations":[{"start":{"line":9,"column":2},"end":{"line":9,"column":2}},{"start":{"line":9,"column":2},"end":{"line":9,"column":2}}]},"2":{"line":15,"type":"cond-expr","locations":[{"start":{"line":15,"column":38},"end":{"line":15,"column":44}},{"start":{"line":15,"column":47},"end":{"line":15,"column":50}}]}},"code":["module.exports = updatePlugin","","function updatePlugin() {","\treturn {","\t\tupdate: update","\t}","\t","\tfunction update(_, key, optDefaultVal, updateFn) {","\t\tif (arguments.length == 3) {","\t\t\tupdateFn = optDefaultVal","\t\t\toptDefaultVal = undefined","\t\t}","\t\tvar val = this.get(key, optDefaultVal)","\t\tvar retVal = updateFn(val)","\t\tthis.set(key, retVal != undefined ? retVal : val)","\t}","}",""],"l":{"1":1,"3":1,"4":0,"8":1,"9":0,"10":0,"11":0,"13":0,"14":0,"15":0}},"/home/travis/build/npmtest/node-npmtest-store/node_modules/store/plugins/v1-backcompat.js":{"path":"/home/travis/build/npmtest/node-npmtest-store/node_modules/store/plugins/v1-backcompat.js","s":{"1":1,"2":1,"3":1,"4":1,"5":0,"6":0,"7":1,"8":0,"9":1,"10":0,"11":0,"12":0,"13":0,"14":0,"15":0,"16":0,"17":0,"18":1,"19":0,"20":1,"21":0,"22":0,"23":1,"24":0,"25":1,"26":0,"27":1,"28":0,"29":0,"30":0,"31":0,"32":0},"b":{"1":[0,0],"2":[0,0],"3":[0,0],"4":[0,0],"5":[0,0]},"f":{"1":0,"2":0,"3":0,"4":0,"5":0,"6":0,"7":0,"8":0,"9":0},"fnMap":{"1":{"name":"v1BackcompatPlugin","line":6,"loc":{"start":{"line":6,"column":0},"end":{"line":6,"column":30}}},"2":{"name":"backcompat_has","line":19,"loc":{"start":{"line":19,"column":0},"end":{"line":19,"column":32}}},"3":{"name":"backcompat_transact","line":22,"loc":{"start":{"line":22,"column":0},"end":{"line":22,"column":64}}},"4":{"name":"backcompat_clear","line":34,"loc":{"start":{"line":34,"column":0},"end":{"line":34,"column":29}}},"5":{"name":"backcompat_forEach","line":37,"loc":{"start":{"line":37,"column":0},"end":{"line":37,"column":35}}},"6":{"name":"(anonymous_6)","line":38,"loc":{"start":{"line":38,"column":29},"end":{"line":38,"column":48}}},"7":{"name":"backcompat_getAll","line":42,"loc":{"start":{"line":42,"column":0},"end":{"line":42,"column":30}}},"8":{"name":"backcompat_serialize","line":45,"loc":{"start":{"line":45,"column":0},"end":{"line":45,"column":40}}},"9":{"name":"backcompat_deserialize","line":48,"loc":{"start":{"line":48,"column":0},"end":{"line":48,"column":42}}}},"statementMap":{"1":{"start":{"line":1,"column":0},"end":{"line":1,"column":34}},"2":{"start":{"line":2,"column":0},"end":{"line":2,"column":36}},"3":{"start":{"line":4,"column":0},"end":{"line":4,"column":62}},"4":{"start":{"line":6,"column":0},"end":{"line":17,"column":1}},"5":{"start":{"line":7,"column":1},"end":{"line":7,"column":30}},"6":{"start":{"line":8,"column":1},"end":{"line":16,"column":2}},"7":{"start":{"line":19,"column":0},"end":{"line":21,"column":1}},"8":{"start":{"line":20,"column":1},"end":{"line":20,"column":35}},"9":{"start":{"line":22,"column":0},"end":{"line":33,"column":1}},"10":{"start":{"line":23,"column":1},"end":{"line":26,"column":2}},"11":{"start":{"line":24,"column":2},"end":{"line":24,"column":28}},"12":{"start":{"line":25,"column":2},"end":{"line":25,"column":19}},"13":{"start":{"line":27,"column":1},"end":{"line":29,"column":2}},"14":{"start":{"line":28,"column":2},"end":{"line":28,"column":17}},"15":{"start":{"line":30,"column":1},"end":{"line":30,"column":36}},"16":{"start":{"line":31,"column":1},"end":{"line":31,"column":29}},"17":{"start":{"line":32,"column":1},"end":{"line":32,"column":45}},"18":{"start":{"line":34,"column":0},"end":{"line":36,"column":1}},"19":{"start":{"line":35,"column":1},"end":{"line":35,"column":32}},"20":{"start":{"line":37,"column":0},"end":{"line":41,"column":1}},"21":{"start":{"line":38,"column":1},"end":{"line":40,"column":3}},"22":{"start":{"line":39,"column":2},"end":{"line":39,"column":14}},"23":{"start":{"line":42,"column":0},"end":{"line":44,"column":1}},"24":{"start":{"line":43,"column":1},"end":{"line":43,"column":28}},"25":{"start":{"line":45,"column":0},"end":{"line":47,"column":1}},"26":{"start":{"line":46,"column":1},"end":{"line":46,"column":29}},"27":{"start":{"line":48,"column":0},"end":{"line":52,"column":1}},"28":{"start":{"line":49,"column":1},"end":{"line":49,"column":51}},"29":{"start":{"line":49,"column":33},"end":{"line":49,"column":50}},"30":{"start":{"line":50,"column":1},"end":{"line":51,"column":39}},"31":{"start":{"line":50,"column":7},"end":{"line":50,"column":32}},"32":{"start":{"line":51,"column":12},"end":{"line":51,"column":38}}},"branchMap":{"1":{"line":23,"type":"if","locations":[{"start":{"line":23,"column":1},"end":{"line":23,"column":1}},{"start":{"line":23,"column":1},"end":{"line":23,"column":1}}]},"2":{"line":27,"type":"if","locations":[{"start":{"line":27,"column":1},"end":{"line":27,"column":1}},{"start":{"line":27,"column":1},"end":{"line":27,"column":1}}]},"3":{"line":32,"type":"cond-expr","locations":[{"start":{"line":32,"column":35},"end":{"line":32,"column":38}},{"start":{"line":32,"column":41},"end":{"line":32,"column":44}}]},"4":{"line":49,"type":"if","locations":[{"start":{"line":49,"column":1},"end":{"line":49,"column":1}},{"start":{"line":49,"column":1},"end":{"line":49,"column":1}}]},"5":{"line":51,"type":"binary-expr","locations":[{"start":{"line":51,"column":19},"end":{"line":51,"column":24}},{"start":{"line":51,"column":28},"end":{"line":51,"column":37}}]}},"code":["var dumpPlugin = require('./dump')","var json2Plugin = require('./json2')","","module.exports = [dumpPlugin, json2Plugin, v1BackcompatPlugin]","","function v1BackcompatPlugin() {","\tthis.disabled = !this.enabled","\treturn {","\t
[...]
nd":{"line":69,"column":6}},"47":{"start":{"line":68,"column":5},"end":{"line":68,"column":74}},"48":{"start":{"line":70,"column":4},"end":{"line":79,"column":5}},"49":{"start":{"line":71,"column":5},"end":{"line":71,"column":40}},"50":{"start":{"line":72,"column":5},"end":{"line":72,"column":36}},"51":{"start":{"line":73,"column":11},"end":{"line":79,"column":5}},"52":{"start":{"line":74,"column":5},"end":{"line":74,"column":67}},"53":{"start":{"line":76,"column":5},"end":{"line":76,"column":18}},"54":{"start":{"line":77,"column":5},"end":{"line":77,"column":52}},"55":{"start":{"line":78,"column":5},"end":{"line":78,"column":46}},"56":{"start":{"line":85,"column":0},"end":{"line":118,"column":1}},"57":{"start":{"line":86,"column":1},"end":{"line":117,"column":3}},"58":{"start":{"line":87,"column":2},"end":{"line":87,"column":35}},"59":{"start":{"line":87,"column":13},"end":{"line":87,"column":34}},"60":{"start":{"line":88,"column":2},"end":{"line":88,"column":32}},"61":{"start":{"line":89,"column":2},"end":{"line":91,"column":4}},"62":{"start":{"line":90,"column":3},"end":{"line":90,"column":56}},"63":{"start":{"line":93,"column":2},"end":{"line":106,"column":5}},"64":{"start":{"line":95,"column":4},"end":{"line":104,"column":6}},"65":{"start":{"line":96,"column":5},"end":{"line":103,"column":7}},"66":{"start":{"line":97,"column":6},"end":{"line":99,"column":7}},"67":{"start":{"line":98,"column":7},"end":{"line":98,"column":42}},"68":{"start":{"line":100,"column":6},"end":{"line":102,"column":8}},"69":{"start":{"line":101,"column":7},"end":{"line":101,"column":51}},"70":{"start":{"line":108,"column":2},"end":{"line":114,"column":4}},"71":{"start":{"line":109,"column":3},"end":{"line":109,"column":31}},"72":{"start":{"line":109,"column":23},"end":{"line":109,"column":30}},"73":{"start":{"line":110,"column":3},"end":{"line":110,"column":43}},"74":{"start":{"line":111,"column":3},"end":{"line":113,"column":4}},"75":{"start":{"line":112,"column":4},"end":{"line":112,"column":85}},"76":{"start":{"line":116,"column":2},"end":{"line":116,"column":44}},"77":{"start":{"line":120,"column":0},"end":{"line":124,"column":1}},"78":{"start":{"line":121,"column":1},"end":{"line":123,"column":3}},"79":{"start":{"line":122,"column":2},"end":{"line":122,"column":15}},"80":{"start":{"line":126,"column":0},"end":{"line":126,"column":23}},"81":{"start":{"line":127,"column":0},"end":{"line":127,"column":23}},"82":{"start":{"line":128,"column":0},"end":{"line":128,"column":23}},"83":{"start":{"line":129,"column":0},"end":{"line":137,"column":1}},"84":{"start":{"line":130,"column":1},"end":{"line":136,"column":2}},"85":{"start":{"line":131,"column":2},"end":{"line":131,"column":15}},"86":{"start":{"line":132,"column":8},"end":{"line":136,"column":2}},"87":{"start":{"line":133,"column":2},"end":{"line":133,"column":47}},"88":{"start":{"line":135,"column":2},"end":{"line":135,"column":16}},"89":{"start":{"line":139,"column":0},"end":{"line":149,"column":1}},"90":{"start":{"line":140,"column":1},"end":{"line":140,"column":15}},"91":{"start":{"line":141,"column":1},"end":{"line":147,"column":3}},"92":{"start":{"line":142,"column":2},"end":{"line":142,"column":81}},"93":{"start":{"line":143,"column":2},"end":{"line":146,"column":3}},"94":{"start":{"line":144,"column":3},"end":{"line":144,"column":14}},"95":{"start":{"line":145,"column":3},"end":{"line":145,"column":38}},"96":{"start":{"line":148,"column":1},"end":{"line":148,"column":48}}},"branchMap":{"1":{"line":19,"type":"cond-expr","locations":[{"start":{"line":19,"column":18},"end":{"line":19,"column":20}},{"start":{"line":19,"column":23},"end":{"line":19,"column":36}}]},"2":{"line":19,"type":"cond-expr","locations":[{"start":{"line":19,"column":31},"end":{"line":19,"column":32}},{"start":{"line":19,"column":35},"end":{"line":19,"column":36}}]},"3":{"line":42,"type":"if","locations":[{"start":{"line":42,"column":2},"end":{"line":42,"column":2}},{"start":{"line":42,"column":2},"end":{"line":42,"column":2}}]},"4":{"line":62,"type":"if","locations":[{"start":{"line":62,"column":5},"end":{"line":62,"column":5}},{"start":{"line":62,"column":5},"end":{"line":62,"column":5}}]},"5":{"line":63,"type":"if","locations":[{"start":{"line":63,"column":10},"end":{"line":63,"column":10}},{"start":{"line":63,"column":10},"end":{"line":63,"column":10}}]},"6":{"line":64,"type":"if","locations":[{"start":{"line":64,"column":10},"end":{"line":64,"column":10}},{"start":{"line":64,"column":10},"end":{"line":64,"column":10}}]},"7":{"line":70,"type":"if","locations":[{"start":{"line":70,"column":4},"end":{"line":70,"column":4}},{"start":{"line":70,"column":4},"end":{"line":70,"column":4}}]},"8":{"line":73,"type":"if","locations":[{"start":{"line":73,"column":11},"end":{"line":73,"column":11}},{"start":{"line":73,"column":11},"end":{"line":73,"column":11}}]},"9":{"line":87,"type":"if","locations":[{"start":{"line":87,"column":2},"end":{"line":87,"column":2}},{"start":{"line":87,"column":2},"end":{"line":87,"column":2}}]},"10":{"line":97,"type":"if","locations":[{"start":{"line":97,"column":6},"end":{"line":97,"column":6}},{"start":{"line":97,"column":6},"end":{"line":97,"column":6}}]},"11":{"line":109,"type":"if","locations":[{"start":{"line":109,"column":3},"end":{"line":109,"column":3}},{"start":{"line":109,"column":3},"end":{"line":109,"column":3}}]},"12":{"line":111,"type":"if","locations":[{"start":{"line":111,"column":3},"end":{"line":111,"column":3}},{"start":{"line":111,"column":3},"end":{"line":111,"column":3}}]},"13":{"line":130,"type":"if","locations":[{"start":{"line":130,"column":1},"end":{"line":130,"column":1}},{"start":{"line":130,"column":1},"end":{"line":130,"column":1}}]},"14":{"line":132,"type":"if","locations":[{"start":{"line":132,"column":8},"end":{"line":132,"column":8}},{"start":{"line":132,"column":8},"end":{"line":132,"column":8}}]},"15":{"line":133,"type":"cond-expr","locations":[{"start":{"line":133,"column":31},"end":{"line":133,"column":37}},{"start":{"line":133,"column":40},"end":{"line":133,"column":46}}]},"16":{"line":143,"type":"if","locations":[{"start":{"line":143,"column":2},"end":{"line":143,"column":2}},{"start":{"line":143,"column":2},"end":{"line":143,"column":2}}]},"17":{"line":148,"type":"cond-expr","locations":[{"start":{"line":148,"column":18},"end":{"line":148,"column":40}},{"start":{"line":148,"column":43},"end":{"line":148,"column":47}}]}},"code":["var _ = require('lodash')","var api = require('./saucelabs-api')","","module.exports = {","\tsetAuth: api.setAuth,","\tlistAllSupportedPlatforms: listAllSupportedPlatforms,","\trunTest: runTest,","\tplatformSets: require('./saucelabs-platformSets'),","}","","function listAllSupportedPlatforms(callback) {","\tapi.get('info/platforms/webdriver', function(platformsInfo) {","\t\tvar platforms = _.map(platformsInfo, function(info) {","\t\t\treturn [info['os'], info['api_name'], info['short_version']]","\t\t})","\t\tplatforms.sort(function(a, b) {","\t\t\ta = a.join('-')","\t\t\tb = b.join('-')","\t\t\treturn a < b ? -1 : b < a ? 1 : 0","\t\t})","\t\tcallback(null, filterUniquePlatforms(platforms))","\t})","}","","function runTests(url, platforms, callback) {","\tvar params = { maxDuration:1800, url:url, platforms:platforms, framework:'custom', recordVideo:false, recordScreenshots:false, recordLogs:true }","\tapi.post('js-tests', params, callback)","}","","function getPlatformId(platform) {","\treturn platform.join('-')","\t\t.replace('OS X', 'Mac')","\t\t.replace('Windows XP', 'Windows 2003')","\t\t.replace('Windows 7', 'Windows 2008')","\t\t.replace('Windows 8', 'Windows 2012')","}","","function filterUniquePlatforms(platforms) {","\tvar seen = {}","\treturn _.filter(platforms, function(platform) {","\t\tvar platformId = getPlatformId(platform)","\t\tif (seen[platformId]) { return false }","\t\tseen[platformId] = true","\t\treturn true","\t})","}","","function runTest(url, platformSets, callback) {","\tgetPlatformsArg(platformSets, function(platforms) {","\t\tvar runTestsRes","\t\trunTests(url, platforms, function(res) {","\t\t\trunTestsRes = res","\t\t\tloopCheckStatus()","\t\t})","\t\tfunction loopCheckStatus() {","\t\t\tgetTestsStatus(runTestsRes, function(res) {","\t\t\t\tvar pending = []","\t\t\t\tvar passed = []","\t\t\t\tvar failed = []","\t\t\t\t_.each(res['js tests'], function(test) {","\t\t\t\t\tvar status = getTestStatus(test)","\t\t\t\t\tif (status == PENDING) { pending.push(test) }","\t\t\t\t\telse if (status == PASSED) { passed.push(test) }","\t\t\t\t\telse if (status == FAILED) { failed.push(test) }","\t\t\t\t\telse { throw new Error('Bad status') }","\t\t\t\t})","\t\t\t\t_.each(_.flatten([passed, pending, failed]), function(test) {","\t\t\t\t\tconsole.log(getTestStatus(test), test.id, test.status, test.platform)","\t\t\t\t})","\t\t\t\tif (pending.length == 0) {","\t\t\t\t\tconsole.log(\"Test suite completed\")","\t\t\t\t\tcallback(checkTestResults(res))","\t\t\t\t} else if (res.completed) {","\t\t\t\t\tthrow new Error('No pending tests, but res.completed == true')","\t\t\t\t} else {","\t\t\t\t\tvar delay = 5","\t\t\t\t\tconsole.log(\"Check again in\", delay, \"seconds\")","\t\t\t\t\tsetTimeout(loopCheckStatus, delay * 1000)","\t\t\t\t}","\t\t\t})","\t\t}","\t})","}","","function getPlatformsArg(platformSets, callback) {","\tlistAllSupportedPlatforms(function(err, supportedPlatforms) {","\t\tif (err) { return callback(err) }","\t\tvar allSupportedPlatforms = {}","\t\t_.each(supportedPlatforms, function(platform) {","\t\t\tallSupportedPlatforms[getPlatformId(platform)] = true","\t\t})","\t\t","\t\tvar platforms = _.flatten(_.flatten(_.flatten(","\t\t\t_.map(platformSets, function(platformSet) {","\t\t\t\treturn _.map(platformSet, function(browserSpecs, osName) {","\t\t\t\t\treturn _.map(browserSpecs, function(browserVersions, browserName) {","\t\t\t\t\t\tif (typeof browserVersions == 'string') {","\t\t\t\t\t\t\tbrowserVersions = [browserVersions]","\t\t\t\t\t\t}","\t\t\t\t\t\treturn _.map(browserVersions, function(browserVersion) {","\t\t\t\t\t\t\treturn [osName, browserName, browserVersion]","\t\t\t\t\t\t})","\t\t\t\t\t})","\t\t\t\t})","\t\t\t})","\t\t)))","\t\t","\t\t_.each(platforms, function(platform) {","\t\t\tif (!platform[2]) { return } // Don't sanity-check CURRENT_VERSION","\t\t\tvar platformId = getPlatformId(platform)","\t\t\tif (!allSupportedPlatforms[platformId]) {","\t\t\t\tthrow new Error('Unsupported platform: '+platform.join(', ')+' ('+platformId+')')","\t\t\t}","\t\t})","\t\t","\t\tcallback(filterUniquePlatforms(platforms))","\t})","}","","function getTestsStatus(runTestsRes, callback) {","\tapi.post('js-tests/status', { 'js tests':runTestsRes['js tests'] }, function(res) {","\t\tcallback(res)","\t})","}","","var PENDING = 'PENDING'","var FAILED  = 'FAILED '","var PASSED  = 'PASSED '","function getTestStatus(test) {","\tif (test.status == 'test error') {","\t\treturn FAILED","\t} else if (test.result) {","\t\treturn (test.result.failed ? FAILED : PASSED)","\t} else {","\t\treturn PENDING","\t}","}","","function checkTestResults(res) {","\tvar failed = 0","\t_.each(res['js tests'], function(test) {","\t\tconsole.log(getTestStatus(test), test.id, test.status, test.platform, test.url)","\t\tif (getTestStatus(test) == FAILED) {","\t\t\tfailed += 1","\t\t\tconsole.log('Result:', test.result)","\t\t}","\t})","\treturn (failed ? failed+' tests failed' : null)","}",""],"l":{"1":4,"2":0,"4":0,"11":1,"12":0,"13":0,"14":0,"16":0,"17":0,"18":0,"19":0,"21":0,"25":1,"26":0,"27":0,"30":1,"31":0,"38":1,"39":0,"40":0,"41":0,"42":0,"43":0,"44":0,"48":1,"49":0,"50":0,"51":0,"52":0,"53":0,"55":1,"56":0,"57":0,"58":0,"59":0,"60":0,"61":0,"62":0,"63":0,"64":0,"65":0,"67":0,"68":0,"70":0,"71":0,"72":0,"73":0,"74":0,"76":0,"77":0,"78":0,"85":1,"86":0,"87":0,"88":0,"89":0,"90":0,"93":0,"95":0,"96":0,"97":0,"98":0,"100":0,"101":0,"108":0,"109":0,"110":0,"111":0,"112":0,"116":0,"120":1,"121":0,"122":0,"126":0,"127":0,"128":0,"129":1,"130":0,"131":0,"132":0,"133":0,"135":0,"139":1,"140":0,"141":0,"142":0,"143":0,"144":0,"145":0,"148":0}},"/home/travis/build/npmtest/node-npmtest-store/node_modules/store/scripts/saucelabs/saucelabs-api.js":{"path":"/home/travis/build/npmtest/node-npmtest-store/node_modules/store/scripts/saucelabs/saucelabs-api.js","s":{"1":2,"2":0,"3":0,"4":1,"5":0,"6":0,"7":1,"8":0,"9":0,"10":0,"11":0,"12":0,"13":0,"14":0,"15":0,"16":1,"17":0,"18":0,"19":0,"20":0,"21":0,"22":0,"23":0},"b":{"1":[0,0],"2":[0,0],"3":[0,0],"4":[0,0]},"f":{"1":0,"2":0,"3":0,"4":0,"5":0},"fnMap":{"1":{"name":"setAuth","line":14,"loc":{"start":{"line":14,"column":0},"end":{"line":14,"column":52}}},"2":{"name":"get","line":20,"loc":{"start":{"line":20,"column":0},"end":{"line":20,"column":29}}},"3":{"name":"(anonymous_3)","line":26,"loc":{"start":{"line":26,"column":21},"end":{"line":26,"column":46}}},"4":{"name":"post","line":40,"loc":{"start":{"line":40,"column":0},"end":{"line":40,"column":36}}},"5":{"name":"(anonymous_5)","line":47,"loc":{"start":{"line":47,"column":22},"end":{"line":47,"column":47}}}},"statementMap":{"1":{"start":{"line":1,"column":0},"end":{"line":1,"column":32}},"2":{"start":{"line":3,"column":0},"end":{"line":7,"column":1}},"3":{"start":{"line":9,"column":0},"end":{"line":12,"column":1}},"4":{"start":{"line":14,"column":0},"end":{"line":17,"column":1}},"5":{"start":{"line":15,"column":1},"end":{"line":15,"column":30}},"6":{"start":{"line":16,"column":1},"end":{"line":16,"column":31}},"7":{"start":{"line":20,"column":0},"end":{"line":37,"column":1}},"8":{"start":{"line":21,"column":1},"end":{"line":24,"column":2}},"9":{"start":{"line":26,"column":1},"end":{"line":36,"column":3}},"10":{"start":{"line":27,"column":2},"end":{"line":29,"column":3}},"11":{"start":{"line":28,"column":3},"end":{"line":28,"column":12}},"12":{"start":{"line":30,"column":2},"end":{"line":33,"column":3}},"13":{"start":{"line":31,"column":3},"end":{"line":31,"column":22}},"14":{"start":{"line":32,"column":3},"end":{"line":32,"column":48}},"15":{"start":{"line":35,"column":2},"end":{"line":35,"column":28}},"16":{"start":{"line":40,"column":0},"end":{"line":57,"column":1}},"17":{"start":{"line":41,"column":1},"end":{"line":45,"column":2}},"18":{"start":{"line":47,"column":1},"end":{"line":56,"column":3}},"19":{"start":{"line":48,"column":2},"end":{"line":50,"column":3}},"20":{"start":{"line":49,"column":3},"end":{"line":49,"column":12}},"21":{"start":{"line":51,"column":2},"end":{"line":53,"column":3}},"22":{"start":{"line":52,"column":3},"end":{"line":52,"column":48}},"23":{"start":{"line":55,"column":2},"end":{"line":55,"column":16}}},"branchMap":{"1":{"line":27,"type":"if","locations":[{"start":{"line":27,"column":2},"end":{"line":27,"column":2}},{"start":{"line":27,"column":2},"end":{"line":27,"column":2}}]},"2":{"line":30,"type":"if","locations":[{"start":{"line":30,"column":2},"end":{"line":30,"column":2}},{"start":{"line":30,"column":2},"end":{"line":30,"column":2}}]},"3":{"line":48,"type":"if","locations":[{"start":{"line":48,"column":2},"end":{"line":48,"column":2}},{"start":{"line":48,"column":2},"end":{"line":48,"column":2}}]},"4":{"line":51,"type":"if","locations":[{"start":{"line":51,"column":2},"end":{"line":51,"column":2}},{"start":{"line":51,"column":2},"end":{"line":51,"column":2}}]}},"code":["var request = require('request')","","module.exports = {","\tsetAuth: setAuth,","\tget: get,","\tpost: post","}","","var auth = {","\tuser: null,","\tpassword: null,","}","","function setAuth(saucelabsUsername, saucelabsToken) {","\tauth.user = saucelabsUsername","\tauth.password = saucelabsToken","}","","","function get(path, callback) {","\tvar params = {","\t\turl: 'https://saucelabs.com/rest/v1/'+path,","\t\tauth: auth","\t}","\t// console.log(\"REQ\", params)","\trequest.get(params, function(err, res, body) {","\t\tif (err) {","\t\t\tthrow err","\t\t}","\t\tif (res.statusCode != 200) {","\t\t\tconsole.log(params)","\t\t\tthrow new Error('Non-200 status code: '+body)","\t\t}","\t\t// console.log(\"RES\", params.url, body)","\t\tcallback(JSON.parse(body))","\t})","}","","","function post(path, data, callback) {","\tvar params = {","\t\turl: 'https://saucelabs.com/rest/v1/'+auth.user+'/'+path,","\t\tauth: { user:auth.user, password:auth.password },","\t\tjson: data","\t}","\t// console.log(\"REQ\", params)","\trequest.post(params, function(err, res, body) {","\t\tif (err) {","\t\t\tthrow err","\t\t}","\t\tif (res.statusCode != 200) {","\t\t\tthrow new Error('Non-200 status code: '+body)","\t\t}","\t\t// console.log(\"RES\", params.url, body)","\t\tcallback(body)","\t})","}","","// https://wiki.saucelabs.com/display/DOCS/JavaScript+Unit+Testing+Methods#JavaScriptUnitTestingMethods-StartJSUnitTests",""],"l":{"1":2,"3":0,"9":0,"14":1,"15":0,"16":0,"20":1,"21":0,"26":0,"27":0,"28":0,"30":0,"31":0,"32":0,"35":0,"40":1,"41":0,"47":0,"48":0,"49":0,"51":0,"52":0,"55":0}},"/home/travis/build/npmtest/node-npmtest-store/node_modules/store/scripts/saucelabs/saucelabs-platformSets.js":{"path":"/home/travis/build/npmtest/node-npmtest-store/node_modules/store/scripts/saucelabs/saucelabs-platformSets.js","s":{"1":1,"2":1,"3":1,"4":1,"5":1,"6":1},"b":{},"f":{},"fnMap":{},"statementMap":{"1":{"start":{"line":3,"column":0},"end":{"line":3,"column":24}},"2":{"start":{"line":4,"column":0},"end":{"line":4,"column":25}},"3":{"start":{"line":5,"column":0},"end":{"line":5,"column":45}},"4":{"start":{"line":6,"column":0},"end":{"line":6,"column":60}},"5":{"start":{"line":7,"column":0},"end":{"line":7,"column":33}},"6":{"start":{"line":9,"column":0},"end":{"line":71,"column":1}}},"branchMap":{},"code":["// See https://wiki.saucelabs.com/display/DOCS/Platform+Configurator?_ga=1.24059122.934400320.1451142104#/","// See ./list-saucelabs-platforms.js","var CURRENT_VERSION = ''","var BETA_VERSION = 'beta'","var CHROME_VERSIONS = ['31', CURRENT_VERSION]","var FIREFOX_VERSIONS = ['4', '5', '6', '7', CURRENT_VERSION]","var OPERA_VERSIONS = ['11', '12']","","var platforms = module.exports = {","\t// Fast trial runs","\t//////////////////","\tfast: {","\t\t'Linux': { 'chrome': [CURRENT_VERSION] },","\t},","","\t// Common browser sets","\t//////////////////////","\tie: {","\t\t'Windows XP': { 'internet explorer': ['6', '7', '8'] },","\t\t'Windows 7': { 'internet explorer': ['9'] },","\t\t'Windows 8': { 'internet explorer': ['10'] },","\t\t'Windows 10': { 'internet explorer': ['11'], 'microsoftedge': [CURRENT_VERSION] },","\t},","\tsafari: {","\t\t'Windows 7': { 'safari': ['5'] },","\t\t'OS X 10.8': { 'safari': ['6'] },","\t\t'OS X 10.9': { 'safari': ['7'] },","\t\t'OS X 10.10': { 'safari': ['8'] },","\t\t'OS X 10.11': { 'safari': ['9'] },","\t\t'OS X 10.12': { 'safari': ['10'] },","\t},","\tfirefox: {","\t\t'Linux': { 'firefox': ['40'] },","\t\t'Windows XP': { 'firefox': ['4', '5'] },","\t\t'Windows 10': { 'firefox': [CURRENT_VERSION] },","\t\t'Mac 10.12': { 'firefox': [CURRENT_VERSION] },","\t},","\tandroid: {","\t\t'Linux': { 'android': ['4.4','5.0','5.1'] },","\t},","\tios: {","\t\t'Mac 10.10': {","\t\t\t'ipad':  ['8.4'],","\t\t\t'iphone':['8.4'],","\t\t},","\t\t'Mac 10.11': {","\t\t\t'ipad':  ['9.3', '10.0'],","\t\t\t'iphone':['9.3', '10.0'],","\t\t}","\t},","\tchrome: {","\t\t'Mac 10.12': { 'chrome':['27', CURRENT_VERSION] },","\t\t'Windows 10': { 'chrome':['26', CURRENT_VERSION] },","\t},","\topera: {","\t\t'Windows XP': { 'opera':'11' },","\t\t'Linux': { 'opera':'12' },","\t},","","\t// Individual browser versions","\t//////////////////////////////","\tie6: { 'Windows XP': { 'internet explorer': ['6'] } },","\tie7: { 'Windows XP': { 'internet explorer': ['7'] } },","\tie8: { 'Windows XP': { 'internet explorer': ['8'] } },","\tie9: { 'Windows 7':  { 'internet explorer': ['9'] } },","\tie10:{ 'Windows 8':  { 'internet explorer': ['10'] } },","\tie11:{ 'Windows 10': { 'internet explorer': ['11'] } },","","\tfirefox4: { 'Windows XP': { 'firefox': ['4'] } },","\tfirefox5: { 'Windows XP': { 'firefox': ['5'] } },","}",""],"l":{"3":1,"4":1,"5":1,"6":1,"7":1,"9":1}}}